#
# There is insufficient memory for the Java Runtime Environment to continue.
# Native memory allocation (mmap) failed to map 100663296 bytes for Failed to commit area from 0x00000000a0c00000 to 0x00000000a6c00000 of length 100663296.
# Possible reasons:
#   The system is out of physical RAM or swap space
#   The process is running with CompressedOops enabled, and the Java Heap may be blocking the growth of the native heap
# Possible solutions:
#   Reduce memory load on the system
#   Increase physical memory or swap space
#   Check if swap backing store is full
#   Decrease Java heap size (-Xmx/-Xms)
#   Decrease number of Java threads
#   Decrease Java thread stack sizes (-Xss)
#   Set larger code cache with -XX:ReservedCodeCacheSize=
# This output file may be truncated or incomplete.
#
#  Out of Memory Error (./open/src/hotspot/os/windows/os_windows.cpp:3287), pid=13608, tid=3140
#
# JRE version:  (11.0.16.1+1) (build )
# Java VM: Java HotSpot(TM) 64-Bit Server VM (11.0.16.1+1-LTS-1, mixed mode, sharing, tiered, compressed oops, g1 gc, windows-amd64)
# No core dump will be written. Minidumps are not enabled by default on client versions of Windows
#

---------------  S U M M A R Y ------------

Command Line: -ea -Didea.test.cyclic.buffer.size=1048576 -javaagent:C:\Users\ASUS\IntelliJ IDEA Community Edition 2022.3\lib\idea_rt.jar=49241:C:\Users\ASUS\IntelliJ IDEA Community Edition 2022.3\bin -Dfile.encoding=UTF-8 com.intellij.rt.testng.RemoteTestNGStarter -usedefaultlisteners false -socket49240 @w@C:\Users\ASUS\AppData\Local\Temp\idea_working_dirs_testng7.tmp -temp C:\Users\ASUS\AppData\Local\Temp\idea_testng6.tmp

Host: AMD Ryzen 5 3500U with Radeon Vega Mobile Gfx  , 8 cores, 5G,  Windows 10 , 64 bit Build 19041 (10.0.19041.2546)
Time: Sun Mar  5 18:21:31 2023  Windows 10 , 64 bit Build 19041 (10.0.19041.2546) elapsed time: 0.029050 seconds (0d 0h 0m 0s)

---------------  T H R E A D  ---------------

Current thread (0x000001a9a64aa800):  JavaThread "Unknown thread" [_thread_in_vm, id=3140, stack(0x0000002ab0200000,0x0000002ab0300000)]

Stack: [0x0000002ab0200000,0x0000002ab0300000]
Native frames: (J=compiled Java code, j=interpreted, Vv=VM code, C=native code)
V  [jvm.dll+0x62a3da]
V  [jvm.dll+0x76407f]
V  [jvm.dll+0x765729]
V  [jvm.dll+0x765db3]
V  [jvm.dll+0x23dc18]
V  [jvm.dll+0x6276fa]
V  [jvm.dll+0x61c465]
V  [jvm.dll+0x2f2c2c]
V  [jvm.dll+0x2f2ab2]
V  [jvm.dll+0x2f77d6]
V  [jvm.dll+0x33a1df]
V  [jvm.dll+0x339c10]
V  [jvm.dll+0x2d0248]
V  [jvm.dll+0x2d13b6]
V  [jvm.dll+0x73e647]
V  [jvm.dll+0x73fedf]
V  [jvm.dll+0x346f09]
V  [jvm.dll+0x723f50]
V  [jvm.dll+0x3b5aef]
V  [jvm.dll+0x3b7c01]
C  [jli.dll+0x5207]
C  [ucrtbase.dll+0x21bb2]
C  [KERNEL32.DLL+0x17614]
C  [ntdll.dll+0x526a1]


---------------  P R O C E S S  ---------------

Threads class SMR info:
_java_thread_list=0x000001a9a4245230, length=0, elements={
}

Java Threads: ( => current thread )

Other Threads:
  0x000001a9a64bf800 GCTaskThread "GC Thread#0" [stack: 0x0000002ab0300000,0x0000002ab0400000] [id=14048]
  0x000001a9a64e5800 ConcurrentGCThread "G1 Main Marker" [stack: 0x0000002ab0400000,0x0000002ab0500000] [id=856]
  0x000001a9a64e8000 ConcurrentGCThread "G1 Conc#0" [stack: 0x0000002ab0500000,0x0000002ab0600000] [id=14388]

[error occurred during error reporting (printing all threads), id 0xc0000005, EXCEPTION_ACCESS_VIOLATION (0xc0000005) at pc=0x00007ff97118f4d7]

VM state:not at safepoint (not fully initialized)

VM Mutex/Monitor currently owned by a thread:  ([mutex/lock_event])
[0x000001a9a64a8030] Heap_lock - owner thread: 0x000001a9a64aa800

Heap address: 0x00000000a0c00000, size: 1524 MB, Compressed Oops mode: Non-zero based: 0x00000000a0c00000
Narrow klass base: 0x0000000000000000, Narrow klass shift: 0

GC Heap History (0 events):
No events

Deoptimization events (0 events):
No events

Classes redefined (0 events):
No events

Internal exceptions (0 events):
No events

Events (0 events):
No events


Dynamic libraries:
0x00007ff75a2e0000 - 0x00007ff75a2ef000 	C:\Program Files\jdk-11.0.16.1\bin\java.exe
0x00007ff9c5f50000 - 0x00007ff9c6148000 	C:\WINDOWS\SYSTEM32\ntdll.dll
0x00007ff9c4a80000 - 0x00007ff9c4b3f000 	C:\WINDOWS\System32\KERNEL32.DLL
0x00007ff9c3810000 - 0x00007ff9c3ae2000 	C:\WINDOWS\System32\KERNELBASE.dll
0x00007ff9c3dd0000 - 0x00007ff9c3ed0000 	C:\WINDOWS\System32\ucrtbase.dll
0x00007ff9bc170000 - 0x00007ff9bc185000 	C:\Program Files\jdk-11.0.16.1\bin\VCRUNTIME140.dll
0x00007ff9ba700000 - 0x00007ff9ba718000 	C:\Program Files\jdk-11.0.16.1\bin\jli.dll
0x00007ff9c5cc0000 - 0x00007ff9c5d6e000 	C:\WINDOWS\System32\ADVAPI32.dll
0x00007ff9c4b40000 - 0x00007ff9c4bde000 	C:\WINDOWS\System32\msvcrt.dll
0x00007ff9c49e0000 - 0x00007ff9c4a7c000 	C:\WINDOWS\System32\sechost.dll
0x00007ff9c5190000 - 0x00007ff9c52b5000 	C:\WINDOWS\System32\RPCRT4.dll
0x00007ff9c4ec0000 - 0x00007ff9c5061000 	C:\WINDOWS\System32\USER32.dll
0x00007ff9c3da0000 - 0x00007ff9c3dc2000 	C:\WINDOWS\System32\win32u.dll
0x00007ff9b05b0000 - 0x00007ff9b084a000 	C:\WINDOWS\WinSxS\amd64_microsoft.windows.common-controls_6595b64144ccf1df_6.0.19041.1110_none_60b5254171f9507e\COMCTL32.dll
0x00007ff9c4be0000 - 0x00007ff9c4c0b000 	C:\WINDOWS\System32\GDI32.dll
0x00007ff9c3700000 - 0x00007ff9c380f000 	C:\WINDOWS\System32\gdi32full.dll
0x00007ff9c3af0000 - 0x00007ff9c3b8d000 	C:\WINDOWS\System32\msvcp_win.dll
0x00007ff9b9d50000 - 0x00007ff9b9d5a000 	C:\WINDOWS\SYSTEM32\VERSION.dll
0x00007ff9c5140000 - 0x00007ff9c5172000 	C:\WINDOWS\System32\IMM32.DLL
0x00007ff9b67d0000 - 0x00007ff9b686b000 	C:\Program Files\jdk-11.0.16.1\bin\msvcp140.dll
0x00007ff970eb0000 - 0x00007ff9719c8000 	C:\Program Files\jdk-11.0.16.1\bin\server\jvm.dll
0x00007ff9c5180000 - 0x00007ff9c5188000 	C:\WINDOWS\System32\PSAPI.DLL
0x00007ff9bf250000 - 0x00007ff9bf259000 	C:\WINDOWS\SYSTEM32\WSOCK32.dll
0x00007ff9b83e0000 - 0x00007ff9b8407000 	C:\WINDOWS\SYSTEM32\WINMM.dll
0x00007ff9c4dd0000 - 0x00007ff9c4e3b000 	C:\WINDOWS\System32\WS2_32.dll
0x00007ff9c14c0000 - 0x00007ff9c14d2000 	C:\WINDOWS\SYSTEM32\kernel.appcore.dll
0x00007ff9bda70000 - 0x00007ff9bda80000 	C:\Program Files\jdk-11.0.16.1\bin\verify.dll
0x00007ff9bac30000 - 0x00007ff9bae14000 	C:\WINDOWS\SYSTEM32\DBGHELP.DLL
0x00007ff9afc10000 - 0x00007ff9afc45000 	C:\WINDOWS\SYSTEM32\dbgcore.DLL
0x00007ff9c3f00000 - 0x00007ff9c3f82000 	C:\WINDOWS\System32\bcryptPrimitives.dll
0x00007ff9ba690000 - 0x00007ff9ba6b8000 	C:\Program Files\jdk-11.0.16.1\bin\java.dll
0x00007ff9bab30000 - 0x00007ff9bab3a000 	C:\Program Files\jdk-11.0.16.1\bin\jimage.dll
0x00007ff9bf2a0000 - 0x00007ff9bf2ae000 	C:\Program Files\jdk-11.0.16.1\bin\instrument.dll
0x00007ff9ba670000 - 0x00007ff9ba686000 	C:\Program Files\jdk-11.0.16.1\bin\zip.dll

dbghelp: loaded successfully - version: 4.0.5 - missing functions: none
symbol engine: initialized successfully - sym options: 0x614 - pdb path: .;C:\Program Files\jdk-11.0.16.1\bin;C:\WINDOWS\SYSTEM32;C:\WINDOWS\WinSxS\amd64_microsoft.windows.common-controls_6595b64144ccf1df_6.0.19041.1110_none_60b5254171f9507e;C:\Program Files\jdk-11.0.16.1\bin\server

VM Arguments:
jvm_args: -ea -Didea.test.cyclic.buffer.size=1048576 -javaagent:C:\Users\ASUS\IntelliJ IDEA Community Edition 2022.3\lib\idea_rt.jar=49241:C:\Users\ASUS\IntelliJ IDEA Community Edition 2022.3\bin -Dfile.encoding=UTF-8 
java_command: com.intellij.rt.testng.RemoteTestNGStarter -usedefaultlisteners false -socket49240 @w@C:\Users\ASUS\AppData\Local\Temp\idea_working_dirs_testng7.tmp -temp C:\Users\ASUS\AppData\Local\Temp\idea_testng6.tmp
java_class_path (initial): C:\Users\ASUS\IntelliJ IDEA Community Edition 2022.3\lib\idea_rt.jar;C:\Users\ASUS\IntelliJ IDEA Community Edition 2022.3\plugins\testng\lib\testng-rt.jar;C:\Users\ASUS\IdeaProjects\APITesting\target\test-classes;C:\Users\ASUS\.m2\repository\org\testng\testng\7.6.0\testng-7.6.0.jar;C:\Users\ASUS\.m2\repository\com\google\code\findbugs\jsr305\3.0.2\jsr305-3.0.2.jar;C:\Users\ASUS\.m2\repository\org\slf4j\slf4j-api\1.7.36\slf4j-api-1.7.36.jar;C:\Users\ASUS\.m2\repository\com\beust\jcommander\1.82\jcommander-1.82.jar;C:\Users\ASUS\.m2\repository\org\webjars\jquery\3.6.0\jquery-3.6.0.jar;C:\Users\ASUS\.m2\repository\io\rest-assured\rest-assured\5.3.0\rest-assured-5.3.0.jar;C:\Users\ASUS\.m2\repository\org\apache\groovy\groovy\4.0.6\groovy-4.0.6.jar;C:\Users\ASUS\.m2\repository\org\apache\groovy\groovy-xml\4.0.6\groovy-xml-4.0.6.jar;C:\Users\ASUS\.m2\repository\org\apache\httpcomponents\httpclient\4.5.13\httpclient-4.5.13.jar;C:\Users\ASUS\.m2\repository\org\apache\httpcomponents\httpcore\4.4.13\httpcore-4.4.13.jar;C:\Users\ASUS\.m2\repository\commons-logging\commons-logging\1.2\commons-logging-1.2.jar;C:\Users\ASUS\.m2\repository\commons-codec\commons-codec\1.11\commons-codec-1.11.jar;C:\Users\ASUS\.m2\repository\org\apache\httpcomponents\httpmime\4.5.13\httpmime-4.5.13.jar;C:\Users\ASUS\.m2\repository\org\hamcrest\hamcrest\2.1\hamcrest-2.1.jar;C:\Users\ASUS\.m2\repository\org\ccil\cowan\tagsoup\tagsoup\1.2.1\tagsoup-1.2.1.jar;C:\Users\ASUS\.m2\repository\io\rest-assured\json-path\5.3.0\json-path-5.3.0.jar;C:\Users\ASUS\.m2\repository\org\apache\groovy\groovy-json\4.0.6\groovy-json-4.0.6.jar;C:\Users\ASUS\.m2\repository\io\rest-assured\rest-assured-common\5.3.0\rest-assured-common-5.3.0.jar;C:\Users\ASUS\.m2\repository\io\rest-assured\xml-path\5.3.0\xml-path-5.3.0.jar;C:\Users\ASUS\.m2\repository\org\apache\commons\commons-lang3\3.11\commons-lang3-3.11.jar;C:\Users\ASUS\.m2\repository\com\fasterxml\jackson\core\jackson-databind\2.14.2\jackson
Launcher Type: SUN_STANDARD

[Global flags]
     intx CICompilerCount                          = 4                                         {product} {ergonomic}
     uint ConcGCThreads                            = 2                                         {product} {ergonomic}
     uint G1ConcRefinementThreads                  = 8                                         {product} {ergonomic}
   size_t G1HeapRegionSize                         = 1048576                                   {product} {ergonomic}
    uintx GCDrainStackTargetSize                   = 64                                        {product} {ergonomic}
   size_t InitialHeapSize                          = 100663296                                 {product} {ergonomic}
   size_t MarkStackSize                            = 4194304                                   {product} {ergonomic}
   size_t MaxHeapSize                              = 1598029824                                {product} {ergonomic}
   size_t MinHeapDeltaBytes                        = 1048576                                   {product} {ergonomic}
    uintx NonNMethodCodeHeapSize                   = 5836300                                {pd product} {ergonomic}
    uintx NonProfiledCodeHeapSize                  = 122910970                              {pd product} {ergonomic}
    uintx ProfiledCodeHeapSize                     = 122910970                              {pd product} {ergonomic}
    uintx ReservedCodeCacheSize                    = 251658240                              {pd product} {ergonomic}
     bool SegmentedCodeCache                       = true                                      {product} {ergonomic}
     bool UseCompressedClassPointers               = true                                 {lp64_product} {ergonomic}
     bool UseCompressedOops                        = true                                 {lp64_product} {ergonomic}
     bool UseG1GC                                  = true                                      {product} {ergonomic}
     bool UseLargePagesIndividualAllocation        = false                                  {pd product} {ergonomic}

Logging:
Log output configuration:
 #0: stdout all=warning uptime,level,tags
 #1: stderr all=off uptime,level,tags

Environment Variables:
PATH=C:\WINDOWS\system32;C:\WINDOWS;C:\WINDOWS\System32\Wbem;C:\WINDOWS\System32\WindowsPowerShell\v1.0\;C:\WINDOWS\System32\OpenSSH\;C:\Program Files\Git\cmd;C:\Program Files\jdk-11.0.16.1\bin;C:\Program Files\apache-maven-3.8.7\bin;;C:\Program Files\Docker\Docker\resources\bin;C:\Program Files\MySQL\MySQL Shell 8.0\bin\;C:\Users\ASUS\AppData\Local\Microsoft\WindowsApps;;C:\Users\ASUS\IntelliJ IDEA Community Edition 2022.3\bin;;C:\Users\ASUS\AppData\Local\Programs\Microsoft VS Code\bin
USERNAME=ASUS
OS=Windows_NT
PROCESSOR_IDENTIFIER=AMD64 Family 23 Model 24 Stepping 1, AuthenticAMD



---------------  S Y S T E M  ---------------

OS: Windows 10 , 64 bit Build 19041 (10.0.19041.2546)
Hyper-V role detected

CPU:total 8 (initial active 8) (8 cores per cpu, 2 threads per core) family 23 model 24 stepping 1 microcode 0x0, cmov, cx8, fxsr, mmx, sse, sse2, sse3, ssse3, sse4.1, sse4.2, popcnt, avx, avx2, aes, clmul, mmxext, 3dnowpref, lzcnt, sse4a, ht, tsc, tscinvbit, tscinv, bmi1, bmi2, adx, s

Memory: 4k page, system-wide physical 6091M (602M free)
TotalPageFile size 8107M (AvailPageFile size 61M)
current process WorkingSet (physical memory assigned to process): 10M, peak: 10M
current process commit charge ("private bytes"): 59M, peak: 155M

vm_info: Java HotSpot(TM) 64-Bit Server VM (11.0.16.1+1-LTS-1) for windows-amd64 JRE (11.0.16.1+1-LTS-1), built on Aug 16 2022 01:46:01 by "mach5one" with MS VC++ 15.9 (VS2017)

END.
