#
# There is insufficient memory for the Java Runtime Environment to continue.
# Native memory allocation (malloc) failed to allocate 815776 bytes for Chunk::new
# Possible reasons:
#   The system is out of physical RAM or swap space
#   The process is running with CompressedOops enabled, and the Java Heap may be blocking the growth of the native heap
# Possible solutions:
#   Reduce memory load on the system
#   Increase physical memory or swap space
#   Check if swap backing store is full
#   Decrease Java heap size (-Xmx/-Xms)
#   Decrease number of Java threads
#   Decrease Java thread stack sizes (-Xss)
#   Set larger code cache with -XX:ReservedCodeCacheSize=
#   JVM is running with Unscaled Compressed Oops mode in which the Java heap is
#     placed in the first 4GB address space. The Java Heap base address is the
#     maximum limit for the native heap growth. Please use -XX:HeapBaseMinAddress
#     to set the Java Heap base and to place the Java Heap above 4GB virtual address.
# This output file may be truncated or incomplete.
#
#  Out of Memory Error (./open/src/hotspot/share/memory/arena.cpp:197), pid=8480, tid=10836
#
# JRE version: Java(TM) SE Runtime Environment 18.9 (11.0.16.1+1) (build 11.0.16.1+1-LTS-1)
# Java VM: Java HotSpot(TM) 64-Bit Server VM 18.9 (11.0.16.1+1-LTS-1, mixed mode, tiered, compressed oops, g1 gc, windows-amd64)
# No core dump will be written. Minidumps are not enabled by default on client versions of Windows
#

---------------  S U M M A R Y ------------

Command Line: -ea -Didea.test.cyclic.buffer.size=1048576 -javaagent:C:\Users\ASUS\IntelliJ IDEA Community Edition 2022.3\lib\idea_rt.jar=65265:C:\Users\ASUS\IntelliJ IDEA Community Edition 2022.3\bin -Dfile.encoding=UTF-8 com.intellij.rt.testng.RemoteTestNGStarter -usedefaultlisteners false -socket65264 @w@C:\Users\ASUS\AppData\Local\Temp\idea_working_dirs_testng7.tmp -temp C:\Users\ASUS\AppData\Local\Temp\idea_testng5.tmp

Host: AMD Ryzen 5 3500U with Radeon Vega Mobile Gfx  , 8 cores, 5G,  Windows 10 , 64 bit Build 19041 (10.0.19041.2546)
Time: Sun Mar  5 18:00:15 2023  Windows 10 , 64 bit Build 19041 (10.0.19041.2546) elapsed time: 4.751075 seconds (0d 0h 0m 4s)

---------------  T H R E A D  ---------------

Current thread (0x000001fac33fc000):  JavaThread "C2 CompilerThread0" daemon [_thread_in_native, id=10836, stack(0x000000f241b00000,0x000000f241c00000)]


Current CompileTask:
C2:   4751 3749       4       groovyjarjarantlr4.v4.runtime.atn.ParserATNSimulator::closure (784 bytes)

Stack: [0x000000f241b00000,0x000000f241c00000]
Native frames: (J=compiled Java code, j=interpreted, Vv=VM code, C=native code)
V  [jvm.dll+0x62a3da]
V  [jvm.dll+0x76407f]
V  [jvm.dll+0x765729]
V  [jvm.dll+0x765db3]
V  [jvm.dll+0x23dc18]
V  [jvm.dll+0xb2a1c]
V  [jvm.dll+0xb2fdc]
V  [jvm.dll+0x2ae994]
V  [jvm.dll+0x53d98b]
V  [jvm.dll+0x1fa2f9]
V  [jvm.dll+0x1f774d]
V  [jvm.dll+0x177c81]
V  [jvm.dll+0x207186]
V  [jvm.dll+0x20531b]
V  [jvm.dll+0x729f60]
V  [jvm.dll+0x722b34]
V  [jvm.dll+0x629276]
C  [ucrtbase.dll+0x21bb2]
C  [KERNEL32.DLL+0x17614]
C  [ntdll.dll+0x526a1]


---------------  P R O C E S S  ---------------

Threads class SMR info:
_java_thread_list=0x000001fac5168da0, length=15, elements={
0x000001faa672c000, 0x000001fac33cc800, 0x000001fac33d6000, 0x000001fac33ea800,
0x000001fac33ec800, 0x000001fac33ef000, 0x000001fac33fc000, 0x000001fac3402800,
0x000001fac340e800, 0x000001fac3375800, 0x000001fac4112000, 0x000001fac5371000,
0x000001fac5773800, 0x000001fac5454800, 0x000001fac5c1a800
}

Java Threads: ( => current thread )
  0x000001faa672c000 JavaThread "main" [_thread_in_native, id=15632, stack(0x000000f240f00000,0x000000f241000000)]
  0x000001fac33cc800 JavaThread "Reference Handler" daemon [_thread_blocked, id=3960, stack(0x000000f241600000,0x000000f241700000)]
  0x000001fac33d6000 JavaThread "Finalizer" daemon [_thread_blocked, id=860, stack(0x000000f241700000,0x000000f241800000)]
  0x000001fac33ea800 JavaThread "Signal Dispatcher" daemon [_thread_blocked, id=14380, stack(0x000000f241800000,0x000000f241900000)]
  0x000001fac33ec800 JavaThread "Attach Listener" daemon [_thread_blocked, id=15136, stack(0x000000f241900000,0x000000f241a00000)]
  0x000001fac33ef000 JavaThread "Service Thread" daemon [_thread_blocked, id=8308, stack(0x000000f241a00000,0x000000f241b00000)]
=>0x000001fac33fc000 JavaThread "C2 CompilerThread0" daemon [_thread_in_native, id=10836, stack(0x000000f241b00000,0x000000f241c00000)]
  0x000001fac3402800 JavaThread "C1 CompilerThread0" daemon [_thread_in_native, id=11584, stack(0x000000f241c00000,0x000000f241d00000)]
  0x000001fac340e800 JavaThread "Sweeper thread" daemon [_thread_blocked, id=11208, stack(0x000000f241d00000,0x000000f241e00000)]
  0x000001fac3375800 JavaThread "Common-Cleaner" daemon [_thread_blocked, id=15736, stack(0x000000f241e00000,0x000000f241f00000)]
  0x000001fac4112000 JavaThread "Monitor Ctrl-Break" daemon [_thread_in_native, id=14416, stack(0x000000f242000000,0x000000f242100000)]
  0x000001fac5371000 JavaThread "ForkJoinPool.commonPool-worker-3" daemon [_thread_blocked, id=4404, stack(0x000000f242400000,0x000000f242500000)]
  0x000001fac5773800 JavaThread "ForkJoinPool.commonPool-worker-5" daemon [_thread_blocked, id=15544, stack(0x000000f242500000,0x000000f242600000)]
  0x000001fac5454800 JavaThread "ForkJoinPool.commonPool-worker-7" daemon [_thread_blocked, id=15532, stack(0x000000f242600000,0x000000f242700000)]
  0x000001fac5c1a800 JavaThread "C2 CompilerThread1" daemon [_thread_in_native, id=4040, stack(0x000000f241f00000,0x000000f242000000)]

Other Threads:
  0x000001fac33a7800 VMThread "VM Thread" [stack: 0x000000f241500000,0x000000f241600000] [id=15448]
  0x000001fac4116000 WatcherThread [stack: 0x000000f242100000,0x000000f242200000] [id=11936]
  0x000001faa673f800 GCTaskThread "GC Thread#0" [stack: 0x000000f241000000,0x000000f241100000] [id=7848]
  0x000001fac47f6800 GCTaskThread "GC Thread#1" [stack: 0x000000f242200000,0x000000f242300000] [id=3912]
  0x000001faa6768800 ConcurrentGCThread "G1 Main Marker" [stack: 0x000000f241100000,0x000000f241200000] [id=13152]
  0x000001faa676a800 ConcurrentGCThread "G1 Conc#0" [stack: 0x000000f241200000,0x000000f241300000] [id=496]
  0x000001fac47f3800 ConcurrentGCThread "G1 Conc#1" [stack: 0x000000f242300000,0x000000f242400000] [id=1792]
  0x000001faa67ef000 ConcurrentGCThread "G1 Refine#0" [stack: 0x000000f241300000,0x000000f241400000] [id=4460]
  0x000001faa67f0000 ConcurrentGCThread "G1 Young RemSet Sampling" [stack: 0x000000f241400000,0x000000f241500000] [id=3564]

Threads with active compile tasks:
C2 CompilerThread0     4790 3749       4       groovyjarjarantlr4.v4.runtime.atn.ParserATNSimulator::closure (784 bytes)
C2 CompilerThread1     4790 3547   !   4       jdk.internal.loader.BuiltinClassLoader::loadClassOrNull (143 bytes)

VM state:not at safepoint (normal execution)

VM Mutex/Monitor currently owned by a thread: None

Heap address: 0x00000000a0c00000, size: 1524 MB, Compressed Oops mode: 32-bit
Narrow klass base: 0x0000000000000000, Narrow klass shift: 3
Compressed class space size: 1073741824 Address: 0x0000000100000000

Heap:
 garbage-first heap   total 118784K, used 32897K [0x00000000a0c00000, 0x0000000100000000)
  region size 1024K, 19 young (19456K), 6 survivors (6144K)
 Metaspace       used 36548K, capacity 38233K, committed 38448K, reserved 1083392K
  class space    used 4329K, capacity 5128K, committed 5248K, reserved 1048576K
Heap Regions: E=young(eden), S=young(survivor), O=old, HS=humongous(starts), HC=humongous(continues), CS=collection set, F=free, A=archive, TAMS=top-at-mark-start (previous, next)
|   0|0x00000000a0c00000, 0x00000000a0d00000, 0x00000000a0d00000|100%| O|  |TAMS 0x00000000a0d00000, 0x00000000a0c00000| Untracked 
|   1|0x00000000a0d00000, 0x00000000a0e00000, 0x00000000a0e00000|100%| O|  |TAMS 0x00000000a0e00000, 0x00000000a0d00000| Untracked 
|   2|0x00000000a0e00000, 0x00000000a0f00000, 0x00000000a0f00000|100%| O|  |TAMS 0x00000000a0f00000, 0x00000000a0e00000| Untracked 
|   3|0x00000000a0f00000, 0x00000000a1000000, 0x00000000a1000000|100%| O|  |TAMS 0x00000000a1000000, 0x00000000a0f00000| Untracked 
|   4|0x00000000a1000000, 0x00000000a1100000, 0x00000000a1100000|100%| O|  |TAMS 0x00000000a1100000, 0x00000000a1000000| Untracked 
|   5|0x00000000a1100000, 0x00000000a1200000, 0x00000000a1200000|100%| O|  |TAMS 0x00000000a1200000, 0x00000000a1100000| Untracked 
|   6|0x00000000a1200000, 0x00000000a1300000, 0x00000000a1300000|100%| O|  |TAMS 0x00000000a1300000, 0x00000000a1200000| Untracked 
|   7|0x00000000a1300000, 0x00000000a1400000, 0x00000000a1400000|100%| O|  |TAMS 0x00000000a1400000, 0x00000000a1300000| Untracked 
|   8|0x00000000a1400000, 0x00000000a1500000, 0x00000000a1500000|100%| O|  |TAMS 0x00000000a1500000, 0x00000000a1400000| Untracked 
|   9|0x00000000a1500000, 0x00000000a1600000, 0x00000000a1600000|100%| O|  |TAMS 0x00000000a1600000, 0x00000000a1500000| Untracked 
|  10|0x00000000a1600000, 0x00000000a1700000, 0x00000000a1700000|100%| O|  |TAMS 0x00000000a1700000, 0x00000000a1600000| Untracked 
|  11|0x00000000a1700000, 0x00000000a1800000, 0x00000000a1800000|100%| O|  |TAMS 0x00000000a1800000, 0x00000000a1700000| Untracked 
|  12|0x00000000a1800000, 0x00000000a1900000, 0x00000000a1900000|100%| O|  |TAMS 0x00000000a1900000, 0x00000000a1800000| Untracked 
|  13|0x00000000a1900000, 0x00000000a1a00000, 0x00000000a1a00000|100%| O|  |TAMS 0x00000000a1a00000, 0x00000000a1900000| Untracked 
|  14|0x00000000a1a00000, 0x00000000a1ac9e00, 0x00000000a1b00000| 78%| O|  |TAMS 0x00000000a1ac9e00, 0x00000000a1a00000| Untracked 
|  15|0x00000000a1b00000, 0x00000000a1b00000, 0x00000000a1c00000|  0%| F|  |TAMS 0x00000000a1b00000, 0x00000000a1b00000| Untracked 
|  16|0x00000000a1c00000, 0x00000000a1c00000, 0x00000000a1d00000|  0%| F|  |TAMS 0x00000000a1c00000, 0x00000000a1c00000| Untracked 
|  17|0x00000000a1d00000, 0x00000000a1d00000, 0x00000000a1e00000|  0%| F|  |TAMS 0x00000000a1d00000, 0x00000000a1d00000| Untracked 
|  18|0x00000000a1e00000, 0x00000000a1e00000, 0x00000000a1f00000|  0%| F|  |TAMS 0x00000000a1e00000, 0x00000000a1e00000| Untracked 
|  19|0x00000000a1f00000, 0x00000000a1f00000, 0x00000000a2000000|  0%| F|  |TAMS 0x00000000a1f00000, 0x00000000a1f00000| Untracked 
|  20|0x00000000a2000000, 0x00000000a2000000, 0x00000000a2100000|  0%| F|  |TAMS 0x00000000a2000000, 0x00000000a2000000| Untracked 
|  21|0x00000000a2100000, 0x00000000a2100000, 0x00000000a2200000|  0%| F|  |TAMS 0x00000000a2100000, 0x00000000a2100000| Untracked 
|  22|0x00000000a2200000, 0x00000000a2200000, 0x00000000a2300000|  0%| F|  |TAMS 0x00000000a2200000, 0x00000000a2200000| Untracked 
|  23|0x00000000a2300000, 0x00000000a2300000, 0x00000000a2400000|  0%| F|  |TAMS 0x00000000a2300000, 0x00000000a2300000| Untracked 
|  24|0x00000000a2400000, 0x00000000a2400000, 0x00000000a2500000|  0%| F|  |TAMS 0x00000000a2400000, 0x00000000a2400000| Untracked 
|  25|0x00000000a2500000, 0x00000000a2500000, 0x00000000a2600000|  0%| F|  |TAMS 0x00000000a2500000, 0x00000000a2500000| Untracked 
|  26|0x00000000a2600000, 0x00000000a2600000, 0x00000000a2700000|  0%| F|  |TAMS 0x00000000a2600000, 0x00000000a2600000| Untracked 
|  27|0x00000000a2700000, 0x00000000a2700000, 0x00000000a2800000|  0%| F|  |TAMS 0x00000000a2700000, 0x00000000a2700000| Untracked 
|  28|0x00000000a2800000, 0x00000000a2800000, 0x00000000a2900000|  0%| F|  |TAMS 0x00000000a2800000, 0x00000000a2800000| Untracked 
|  29|0x00000000a2900000, 0x00000000a2900000, 0x00000000a2a00000|  0%| F|  |TAMS 0x00000000a2900000, 0x00000000a2900000| Untracked 
|  30|0x00000000a2a00000, 0x00000000a2a00000, 0x00000000a2b00000|  0%| F|  |TAMS 0x00000000a2a00000, 0x00000000a2a00000| Untracked 
|  31|0x00000000a2b00000, 0x00000000a2b00000, 0x00000000a2c00000|  0%| F|  |TAMS 0x00000000a2b00000, 0x00000000a2b00000| Untracked 
|  32|0x00000000a2c00000, 0x00000000a2c00000, 0x00000000a2d00000|  0%| F|  |TAMS 0x00000000a2c00000, 0x00000000a2c00000| Untracked 
|  33|0x00000000a2d00000, 0x00000000a2d00000, 0x00000000a2e00000|  0%| F|  |TAMS 0x00000000a2d00000, 0x00000000a2d00000| Untracked 
|  34|0x00000000a2e00000, 0x00000000a2e00000, 0x00000000a2f00000|  0%| F|  |TAMS 0x00000000a2e00000, 0x00000000a2e00000| Untracked 
|  35|0x00000000a2f00000, 0x00000000a2f00000, 0x00000000a3000000|  0%| F|  |TAMS 0x00000000a2f00000, 0x00000000a2f00000| Untracked 
|  36|0x00000000a3000000, 0x00000000a3000000, 0x00000000a3100000|  0%| F|  |TAMS 0x00000000a3000000, 0x00000000a3000000| Untracked 
|  37|0x00000000a3100000, 0x00000000a3100000, 0x00000000a3200000|  0%| F|  |TAMS 0x00000000a3100000, 0x00000000a3100000| Untracked 
|  38|0x00000000a3200000, 0x00000000a3200000, 0x00000000a3300000|  0%| F|  |TAMS 0x00000000a3200000, 0x00000000a3200000| Untracked 
|  39|0x00000000a3300000, 0x00000000a3300000, 0x00000000a3400000|  0%| F|  |TAMS 0x00000000a3300000, 0x00000000a3300000| Untracked 
|  40|0x00000000a3400000, 0x00000000a3400000, 0x00000000a3500000|  0%| F|  |TAMS 0x00000000a3400000, 0x00000000a3400000| Untracked 
|  41|0x00000000a3500000, 0x00000000a3500000, 0x00000000a3600000|  0%| F|  |TAMS 0x00000000a3500000, 0x00000000a3500000| Untracked 
|  42|0x00000000a3600000, 0x00000000a3600000, 0x00000000a3700000|  0%| F|  |TAMS 0x00000000a3600000, 0x00000000a3600000| Untracked 
|  43|0x00000000a3700000, 0x00000000a3700000, 0x00000000a3800000|  0%| F|  |TAMS 0x00000000a3700000, 0x00000000a3700000| Untracked 
|  44|0x00000000a3800000, 0x00000000a3856878, 0x00000000a3900000| 33%| S|CS|TAMS 0x00000000a3800000, 0x00000000a3800000| Complete 
|  45|0x00000000a3900000, 0x00000000a3a00000, 0x00000000a3a00000|100%| S|CS|TAMS 0x00000000a3900000, 0x00000000a3900000| Complete 
|  46|0x00000000a3a00000, 0x00000000a3b00000, 0x00000000a3b00000|100%| S|CS|TAMS 0x00000000a3a00000, 0x00000000a3a00000| Complete 
|  47|0x00000000a3b00000, 0x00000000a3c00000, 0x00000000a3c00000|100%| S|CS|TAMS 0x00000000a3b00000, 0x00000000a3b00000| Complete 
|  48|0x00000000a3c00000, 0x00000000a3c00000, 0x00000000a3d00000|  0%| F|  |TAMS 0x00000000a3c00000, 0x00000000a3c00000| Untracked 
|  49|0x00000000a3d00000, 0x00000000a3d00000, 0x00000000a3e00000|  0%| F|  |TAMS 0x00000000a3d00000, 0x00000000a3d00000| Untracked 
|  50|0x00000000a3e00000, 0x00000000a3e00000, 0x00000000a3f00000|  0%| F|  |TAMS 0x00000000a3e00000, 0x00000000a3e00000| Untracked 
|  51|0x00000000a3f00000, 0x00000000a3f00000, 0x00000000a4000000|  0%| F|  |TAMS 0x00000000a3f00000, 0x00000000a3f00000| Untracked 
|  52|0x00000000a4000000, 0x00000000a4000000, 0x00000000a4100000|  0%| F|  |TAMS 0x00000000a4000000, 0x00000000a4000000| Untracked 
|  53|0x00000000a4100000, 0x00000000a4200000, 0x00000000a4200000|100%| S|CS|TAMS 0x00000000a4100000, 0x00000000a4100000| Complete 
|  54|0x00000000a4200000, 0x00000000a4300000, 0x00000000a4300000|100%| S|CS|TAMS 0x00000000a4200000, 0x00000000a4200000| Complete 
|  55|0x00000000a4300000, 0x00000000a4300000, 0x00000000a4400000|  0%| F|  |TAMS 0x00000000a4300000, 0x00000000a4300000| Untracked 
|  56|0x00000000a4400000, 0x00000000a4400000, 0x00000000a4500000|  0%| F|  |TAMS 0x00000000a4400000, 0x00000000a4400000| Untracked 
|  57|0x00000000a4500000, 0x00000000a4500000, 0x00000000a4600000|  0%| F|  |TAMS 0x00000000a4500000, 0x00000000a4500000| Untracked 
|  58|0x00000000a4600000, 0x00000000a4600000, 0x00000000a4700000|  0%| F|  |TAMS 0x00000000a4600000, 0x00000000a4600000| Untracked 
|  59|0x00000000a4700000, 0x00000000a4700000, 0x00000000a4800000|  0%| F|  |TAMS 0x00000000a4700000, 0x00000000a4700000| Untracked 
|  60|0x00000000a4800000, 0x00000000a4800000, 0x00000000a4900000|  0%| F|  |TAMS 0x00000000a4800000, 0x00000000a4800000| Untracked 
|  61|0x00000000a4900000, 0x00000000a4900000, 0x00000000a4a00000|  0%| F|  |TAMS 0x00000000a4900000, 0x00000000a4900000| Untracked 
|  62|0x00000000a4a00000, 0x00000000a4a00000, 0x00000000a4b00000|  0%| F|  |TAMS 0x00000000a4a00000, 0x00000000a4a00000| Untracked 
|  63|0x00000000a4b00000, 0x00000000a4b00000, 0x00000000a4c00000|  0%| F|  |TAMS 0x00000000a4b00000, 0x00000000a4b00000| Untracked 
|  64|0x00000000a4c00000, 0x00000000a4c00000, 0x00000000a4d00000|  0%| F|  |TAMS 0x00000000a4c00000, 0x00000000a4c00000| Untracked 
|  65|0x00000000a4d00000, 0x00000000a4d00000, 0x00000000a4e00000|  0%| F|  |TAMS 0x00000000a4d00000, 0x00000000a4d00000| Untracked 
|  66|0x00000000a4e00000, 0x00000000a4e00000, 0x00000000a4f00000|  0%| F|  |TAMS 0x00000000a4e00000, 0x00000000a4e00000| Untracked 
|  67|0x00000000a4f00000, 0x00000000a4f00000, 0x00000000a5000000|  0%| F|  |TAMS 0x00000000a4f00000, 0x00000000a4f00000| Untracked 
|  68|0x00000000a5000000, 0x00000000a5000000, 0x00000000a5100000|  0%| F|  |TAMS 0x00000000a5000000, 0x00000000a5000000| Untracked 
|  69|0x00000000a5100000, 0x00000000a5100000, 0x00000000a5200000|  0%| F|  |TAMS 0x00000000a5100000, 0x00000000a5100000| Untracked 
|  70|0x00000000a5200000, 0x00000000a5200000, 0x00000000a5300000|  0%| F|  |TAMS 0x00000000a5200000, 0x00000000a5200000| Untracked 
|  71|0x00000000a5300000, 0x00000000a5300000, 0x00000000a5400000|  0%| F|  |TAMS 0x00000000a5300000, 0x00000000a5300000| Untracked 
|  72|0x00000000a5400000, 0x00000000a5400000, 0x00000000a5500000|  0%| F|  |TAMS 0x00000000a5400000, 0x00000000a5400000| Untracked 
|  73|0x00000000a5500000, 0x00000000a5500000, 0x00000000a5600000|  0%| F|  |TAMS 0x00000000a5500000, 0x00000000a5500000| Untracked 
|  74|0x00000000a5600000, 0x00000000a5600000, 0x00000000a5700000|  0%| F|  |TAMS 0x00000000a5600000, 0x00000000a5600000| Untracked 
|  75|0x00000000a5700000, 0x00000000a5700000, 0x00000000a5800000|  0%| F|  |TAMS 0x00000000a5700000, 0x00000000a5700000| Untracked 
|  76|0x00000000a5800000, 0x00000000a5800000, 0x00000000a5900000|  0%| F|  |TAMS 0x00000000a5800000, 0x00000000a5800000| Untracked 
|  77|0x00000000a5900000, 0x00000000a5900000, 0x00000000a5a00000|  0%| F|  |TAMS 0x00000000a5900000, 0x00000000a5900000| Untracked 
|  78|0x00000000a5a00000, 0x00000000a5a00000, 0x00000000a5b00000|  0%| F|  |TAMS 0x00000000a5a00000, 0x00000000a5a00000| Untracked 
|  79|0x00000000a5b00000, 0x00000000a5b00000, 0x00000000a5c00000|  0%| F|  |TAMS 0x00000000a5b00000, 0x00000000a5b00000| Untracked 
|  80|0x00000000a5c00000, 0x00000000a5c00000, 0x00000000a5d00000|  0%| F|  |TAMS 0x00000000a5c00000, 0x00000000a5c00000| Untracked 
|  81|0x00000000a5d00000, 0x00000000a5d00000, 0x00000000a5e00000|  0%| F|  |TAMS 0x00000000a5d00000, 0x00000000a5d00000| Untracked 
|  82|0x00000000a5e00000, 0x00000000a5e00000, 0x00000000a5f00000|  0%| F|  |TAMS 0x00000000a5e00000, 0x00000000a5e00000| Untracked 
|  83|0x00000000a5f00000, 0x00000000a5f00000, 0x00000000a6000000|  0%| F|  |TAMS 0x00000000a5f00000, 0x00000000a5f00000| Untracked 
|  84|0x00000000a6000000, 0x00000000a6000000, 0x00000000a6100000|  0%| F|  |TAMS 0x00000000a6000000, 0x00000000a6000000| Untracked 
|  85|0x00000000a6100000, 0x00000000a6100000, 0x00000000a6200000|  0%| F|  |TAMS 0x00000000a6100000, 0x00000000a6100000| Untracked 
|  86|0x00000000a6200000, 0x00000000a6200000, 0x00000000a6300000|  0%| F|  |TAMS 0x00000000a6200000, 0x00000000a6200000| Untracked 
|  87|0x00000000a6300000, 0x00000000a6300000, 0x00000000a6400000|  0%| F|  |TAMS 0x00000000a6300000, 0x00000000a6300000| Untracked 
|  88|0x00000000a6400000, 0x00000000a6400000, 0x00000000a6500000|  0%| F|  |TAMS 0x00000000a6400000, 0x00000000a6400000| Untracked 
|  89|0x00000000a6500000, 0x00000000a6500000, 0x00000000a6600000|  0%| F|  |TAMS 0x00000000a6500000, 0x00000000a6500000| Untracked 
|  90|0x00000000a6600000, 0x00000000a6600000, 0x00000000a6700000|  0%| F|  |TAMS 0x00000000a6600000, 0x00000000a6600000| Untracked 
|  91|0x00000000a6700000, 0x00000000a6700000, 0x00000000a6800000|  0%| F|  |TAMS 0x00000000a6700000, 0x00000000a6700000| Untracked 
|  92|0x00000000a6800000, 0x00000000a6800000, 0x00000000a6900000|  0%| F|  |TAMS 0x00000000a6800000, 0x00000000a6800000| Untracked 
|  93|0x00000000a6900000, 0x00000000a6900000, 0x00000000a6a00000|  0%| F|  |TAMS 0x00000000a6900000, 0x00000000a6900000| Untracked 
|  94|0x00000000a6a00000, 0x00000000a6a00000, 0x00000000a6b00000|  0%| F|  |TAMS 0x00000000a6a00000, 0x00000000a6a00000| Untracked 
|  95|0x00000000a6b00000, 0x00000000a6b00000, 0x00000000a6c00000|  0%| F|  |TAMS 0x00000000a6b00000, 0x00000000a6b00000| Untracked 
|  96|0x00000000a6c00000, 0x00000000a6c00000, 0x00000000a6d00000|  0%| F|  |TAMS 0x00000000a6c00000, 0x00000000a6c00000| Untracked 
|  97|0x00000000a6d00000, 0x00000000a6d00000, 0x00000000a6e00000|  0%| F|  |TAMS 0x00000000a6d00000, 0x00000000a6d00000| Untracked 
|  98|0x00000000a6e00000, 0x00000000a6e00000, 0x00000000a6f00000|  0%| F|  |TAMS 0x00000000a6e00000, 0x00000000a6e00000| Untracked 
|  99|0x00000000a6f00000, 0x00000000a6f00000, 0x00000000a7000000|  0%| F|  |TAMS 0x00000000a6f00000, 0x00000000a6f00000| Untracked 
| 100|0x00000000a7000000, 0x00000000a7000000, 0x00000000a7100000|  0%| F|  |TAMS 0x00000000a7000000, 0x00000000a7000000| Untracked 
| 101|0x00000000a7100000, 0x00000000a7100000, 0x00000000a7200000|  0%| F|  |TAMS 0x00000000a7100000, 0x00000000a7100000| Untracked 
| 102|0x00000000a7200000, 0x00000000a7200000, 0x00000000a7300000|  0%| F|  |TAMS 0x00000000a7200000, 0x00000000a7200000| Untracked 
| 103|0x00000000a7300000, 0x00000000a7400000, 0x00000000a7400000|100%| E|  |TAMS 0x00000000a7300000, 0x00000000a7300000| Complete 
| 104|0x00000000a7400000, 0x00000000a7500000, 0x00000000a7500000|100%| E|CS|TAMS 0x00000000a7400000, 0x00000000a7400000| Complete 
| 105|0x00000000a7500000, 0x00000000a7600000, 0x00000000a7600000|100%| E|CS|TAMS 0x00000000a7500000, 0x00000000a7500000| Complete 
| 106|0x00000000a7600000, 0x00000000a7700000, 0x00000000a7700000|100%| E|CS|TAMS 0x00000000a7600000, 0x00000000a7600000| Complete 
| 107|0x00000000a7700000, 0x00000000a7800000, 0x00000000a7800000|100%| E|CS|TAMS 0x00000000a7700000, 0x00000000a7700000| Complete 
| 108|0x00000000a7800000, 0x00000000a7900000, 0x00000000a7900000|100%| E|CS|TAMS 0x00000000a7800000, 0x00000000a7800000| Complete 
| 109|0x00000000a7900000, 0x00000000a7a00000, 0x00000000a7a00000|100%| E|CS|TAMS 0x00000000a7900000, 0x00000000a7900000| Complete 
| 110|0x00000000a7a00000, 0x00000000a7b00000, 0x00000000a7b00000|100%| E|CS|TAMS 0x00000000a7a00000, 0x00000000a7a00000| Complete 
| 111|0x00000000a7b00000, 0x00000000a7c00000, 0x00000000a7c00000|100%| E|CS|TAMS 0x00000000a7b00000, 0x00000000a7b00000| Complete 
| 112|0x00000000a7c00000, 0x00000000a7d00000, 0x00000000a7d00000|100%| E|CS|TAMS 0x00000000a7c00000, 0x00000000a7c00000| Complete 
| 113|0x00000000a7d00000, 0x00000000a7e00000, 0x00000000a7e00000|100%| E|CS|TAMS 0x00000000a7d00000, 0x00000000a7d00000| Complete 
| 114|0x00000000a7e00000, 0x00000000a7f00000, 0x00000000a7f00000|100%| E|CS|TAMS 0x00000000a7e00000, 0x00000000a7e00000| Complete 
| 115|0x00000000a7f00000, 0x00000000a8000000, 0x00000000a8000000|100%| E|CS|TAMS 0x00000000a7f00000, 0x00000000a7f00000| Complete 

Card table byte_map: [0x000001fabd410000,0x000001fabd710000] _byte_map_base: 0x000001fabcf0a000

Marking Bits (Prev, Next): (CMBitMap*) 0x000001faa6760878, (CMBitMap*) 0x000001faa67608b0
 Prev Bits: [0x000001fabda10000, 0x000001fabf1e0000)
 Next Bits: [0x000001fabf1e0000, 0x000001fac09b0000)

Polling page: 0x000001faa46f0000

Metaspace:

Usage:
  Non-class:     32.39 MB capacity,    31.53 MB ( 97%) used,   755.09 KB (  2%) free+waste,   124.63 KB ( <1%) overhead. 
      Class:      5.01 MB capacity,     4.23 MB ( 85%) used,   726.28 KB ( 14%) free+waste,    68.44 KB (  1%) overhead. 
       Both:     37.40 MB capacity,    35.76 MB ( 96%) used,     1.45 MB (  4%) free+waste,   193.06 KB ( <1%) overhead. 

Virtual space:
  Non-class space:       34.00 MB reserved,      32.42 MB ( 95%) committed 
      Class space:        1.00 GB reserved,       5.13 MB ( <1%) committed 
             Both:        1.03 GB reserved,      37.55 MB (  4%) committed 

Chunk freelists:
   Non-Class:  3.88 KB
       Class:  3.00 KB
        Both:  6.88 KB

CodeHeap 'non-profiled nmethods': size=120000Kb used=1659Kb max_used=1659Kb free=118340Kb
 bounds [0x000001fab58b0000, 0x000001fab5b20000, 0x000001fabcde0000]
CodeHeap 'profiled nmethods': size=120000Kb used=8096Kb max_used=8096Kb free=111903Kb
 bounds [0x000001faae380000, 0x000001faaeb70000, 0x000001fab58b0000]
CodeHeap 'non-nmethods': size=5760Kb used=2238Kb max_used=2267Kb free=3521Kb
 bounds [0x000001faadde0000, 0x000001faae050000, 0x000001faae380000]
 total_blobs=4592 nmethods=3774 adapters=729
 compilation: enabled
              stopped_count=0, restarted_count=0
 full_count=0

Compilation events (10 events):
Event: 4.716 Thread 0x000001fac3402800 nmethod 3783 0x000001fab5a4d510 code [0x000001fab5a4d6a0, 0x000001fab5a4d758]
Event: 4.716 Thread 0x000001fac3402800 3784       1       sun.reflect.annotation.AnnotationType::memberDefaults (5 bytes)
Event: 4.716 Thread 0x000001fac3402800 nmethod 3784 0x000001fab5a4d810 code [0x000001fab5a4d9a0, 0x000001fab5a4da58]
Event: 4.716 Thread 0x000001fac3402800 3785       1       sun.reflect.annotation.AnnotationType::retention (5 bytes)
Event: 4.716 Thread 0x000001fac3402800 nmethod 3785 0x000001fab5a4db10 code [0x000001fab5a4dca0, 0x000001fab5a4dd58]
Event: 4.727 Thread 0x000001fac3402800 3786       3       jdk.internal.loader.URLClassPath$JarLoader::validIndex (94 bytes)
Event: 4.728 Thread 0x000001fac3402800 nmethod 3786 0x000001faaeb63c90 code [0x000001faaeb63fc0, 0x000001faaeb652c8]
Event: 4.735 Thread 0x000001fac3402800 3787       1       java.util.Collections$EmptyList::isEmpty (2 bytes)
Event: 4.735 Thread 0x000001fac3402800 nmethod 3787 0x000001fab5a4de10 code [0x000001fab5a4dfa0, 0x000001fab5a4e058]
Event: 4.748 Thread 0x000001fac3402800 3788       2       org.codehaus.groovy.ast.ClassNode::<init> (141 bytes)

GC Heap History (10 events):
Event: 1.396 GC heap before
{Heap before GC invocations=0 (full 0):
 garbage-first heap   total 98304K, used 26624K [0x00000000a0c00000, 0x0000000100000000)
  region size 1024K, 24 young (24576K), 0 survivors (0K)
 Metaspace       used 15799K, capacity 16380K, committed 16512K, reserved 1064960K
  class space    used 1591K, capacity 1833K, committed 1920K, reserved 1048576K
}
Event: 1.407 GC heap after
{Heap after GC invocations=1 (full 0):
 garbage-first heap   total 98304K, used 4239K [0x00000000a0c00000, 0x0000000100000000)
  region size 1024K, 3 young (3072K), 3 survivors (3072K)
 Metaspace       used 15799K, capacity 16380K, committed 16512K, reserved 1064960K
  class space    used 1591K, capacity 1833K, committed 1920K, reserved 1048576K
}
Event: 1.963 GC heap before
{Heap before GC invocations=1 (full 0):
 garbage-first heap   total 98304K, used 20623K [0x00000000a0c00000, 0x0000000100000000)
  region size 1024K, 20 young (20480K), 3 survivors (3072K)
 Metaspace       used 20468K, capacity 21175K, committed 21296K, reserved 1069056K
  class space    used 2103K, capacity 2414K, committed 2432K, reserved 1048576K
}
Event: 1.976 GC heap after
{Heap after GC invocations=2 (full 0):
 garbage-first heap   total 98304K, used 6685K [0x00000000a0c00000, 0x0000000100000000)
  region size 1024K, 6 young (6144K), 6 survivors (6144K)
 Metaspace       used 20468K, capacity 21175K, committed 21296K, reserved 1069056K
  class space    used 2103K, capacity 2414K, committed 2432K, reserved 1048576K
}
Event: 2.561 GC heap before
{Heap before GC invocations=3 (full 0):
 garbage-first heap   total 98304K, used 30237K [0x00000000a0c00000, 0x0000000100000000)
  region size 1024K, 29 young (29696K), 6 survivors (6144K)
 Metaspace       used 23063K, capacity 24080K, committed 24240K, reserved 1071104K
  class space    used 2478K, capacity 2945K, committed 3072K, reserved 1048576K
}
Event: 2.584 GC heap after
{Heap after GC invocations=4 (full 0):
 garbage-first heap   total 98304K, used 11466K [0x00000000a0c00000, 0x0000000100000000)
  region size 1024K, 4 young (4096K), 4 survivors (4096K)
 Metaspace       used 23063K, capacity 24080K, committed 24240K, reserved 1071104K
  class space    used 2478K, capacity 2945K, committed 3072K, reserved 1048576K
}
Event: 3.010 GC heap before
{Heap before GC invocations=4 (full 0):
 garbage-first heap   total 98304K, used 50378K [0x00000000a0c00000, 0x0000000100000000)
  region size 1024K, 43 young (44032K), 4 survivors (4096K)
 Metaspace       used 26521K, capacity 27697K, committed 27952K, reserved 1073152K
  class space    used 2894K, capacity 3384K, committed 3456K, reserved 1048576K
}
Event: 3.026 GC heap after
{Heap after GC invocations=5 (full 0):
 garbage-first heap   total 98304K, used 16206K [0x00000000a0c00000, 0x0000000100000000)
  region size 1024K, 5 young (5120K), 5 survivors (5120K)
 Metaspace       used 26521K, capacity 27697K, committed 27952K, reserved 1073152K
  class space    used 2894K, capacity 3384K, committed 3456K, reserved 1048576K
}
Event: 4.416 GC heap before
{Heap before GC invocations=5 (full 0):
 garbage-first heap   total 98304K, used 57166K [0x00000000a0c00000, 0x0000000100000000)
  region size 1024K, 46 young (47104K), 5 survivors (5120K)
 Metaspace       used 34033K, capacity 35634K, committed 35888K, reserved 1081344K
  class space    used 3958K, capacity 4708K, committed 4736K, reserved 1048576K
}
Event: 4.435 GC heap after
{Heap after GC invocations=6 (full 0):
 garbage-first heap   total 118784K, used 20609K [0x00000000a0c00000, 0x0000000100000000)
  region size 1024K, 6 young (6144K), 6 survivors (6144K)
 Metaspace       used 34033K, capacity 35634K, committed 35888K, reserved 1081344K
  class space    used 3958K, capacity 4708K, committed 4736K, reserved 1048576K
}

Deoptimization events (10 events):
Event: 4.142 Thread 0x000001faa672c000 Uncommon trap: reason=class_check action=maybe_recompile pc=0x000001fab5982350 method=org.codehaus.groovy.util.ManagedReference.get()Ljava/lang/Object; @ 4 c2
Event: 4.218 Thread 0x000001faa672c000 Uncommon trap: reason=profile_predicate action=maybe_recompile pc=0x000001fab5a1a2bc method=java.lang.PublicMethods$MethodList.filter([Ljava/lang/reflect/Method;Ljava/lang/String;[Ljava/lang/Class;Z)Ljava/lang/PublicMethods$MethodList; @ 21 c2
Event: 4.218 Thread 0x000001faa672c000 Uncommon trap: reason=profile_predicate action=maybe_recompile pc=0x000001fab5a1a2bc method=java.lang.PublicMethods$MethodList.filter([Ljava/lang/reflect/Method;Ljava/lang/String;[Ljava/lang/Class;Z)Ljava/lang/PublicMethods$MethodList; @ 21 c2
Event: 4.224 Thread 0x000001faa672c000 Uncommon trap: reason=profile_predicate action=maybe_recompile pc=0x000001fab5a1a2bc method=java.lang.PublicMethods$MethodList.filter([Ljava/lang/reflect/Method;Ljava/lang/String;[Ljava/lang/Class;Z)Ljava/lang/PublicMethods$MethodList; @ 21 c2
Event: 4.224 Thread 0x000001faa672c000 Uncommon trap: reason=profile_predicate action=maybe_recompile pc=0x000001fab5a1a2bc method=java.lang.PublicMethods$MethodList.filter([Ljava/lang/reflect/Method;Ljava/lang/String;[Ljava/lang/Class;Z)Ljava/lang/PublicMethods$MethodList; @ 21 c2
Event: 4.236 Thread 0x000001faa672c000 Uncommon trap: reason=unstable_if action=reinterpret pc=0x000001fab5a27f84 method=org.codehaus.groovy.runtime.metaclass.MetaMethodIndex.isOverridden(Lgroovy/lang/MetaMethod;Lgroovy/lang/MetaMethod;)Z @ 33 c2
Event: 4.678 Thread 0x000001faa672c000 Uncommon trap: reason=unstable_if action=reinterpret pc=0x000001fab5a0ea00 method=java.util.HashMap.getNode(ILjava/lang/Object;)Ljava/util/HashMap$Node; @ 84 c2
Event: 4.678 Thread 0x000001faa672c000 Uncommon trap: reason=unstable_if action=reinterpret pc=0x000001fab592a8c8 method=java.util.HashMap.getNode(ILjava/lang/Object;)Ljava/util/HashMap$Node; @ 84 c2
Event: 4.678 Thread 0x000001faa672c000 Uncommon trap: reason=unstable_if action=reinterpret pc=0x000001fab5a192a0 method=java.util.HashMap.putVal(ILjava/lang/Object;Ljava/lang/Object;ZZ)Ljava/lang/Object; @ 109 c2
Event: 4.718 Thread 0x000001faa672c000 Uncommon trap: reason=class_check action=maybe_recompile pc=0x000001fab59aac88 method=java.util.stream.ReferencePipeline.forEachWithCancel(Ljava/util/Spliterator;Ljava/util/stream/Sink;)Z @ 1 c2

Classes redefined (0 events):
No events

Internal exceptions (10 events):
Event: 4.251 Thread 0x000001faa672c000 Exception <a 'java/lang/ClassNotFoundException'{0x00000000a4872380}: org/apache/commons/lang3/math/NumberUtilsCustomizer> (0x00000000a4872380) thrown at [./open/src/hotspot/share/classfile/systemDictionary.cpp, line 226]
Event: 4.260 Thread 0x000001faa672c000 Exception <a 'java/lang/ClassNotFoundException'{0x00000000a48e6960}: groovy/lang/BindingBeanInfo> (0x00000000a48e6960) thrown at [./open/src/hotspot/share/classfile/systemDictionary.cpp, line 226]
Event: 4.260 Thread 0x000001faa672c000 Exception <a 'java/lang/ClassNotFoundException'{0x00000000a48f84e8}: groovy/lang/BindingCustomizer> (0x00000000a48f84e8) thrown at [./open/src/hotspot/share/classfile/systemDictionary.cpp, line 226]
Event: 4.264 Thread 0x000001faa672c000 Exception <a 'java/lang/ClassNotFoundException'{0x00000000a472b5b0}: groovy/lang/GroovyShellBeanInfo> (0x00000000a472b5b0) thrown at [./open/src/hotspot/share/classfile/systemDictionary.cpp, line 226]
Event: 4.265 Thread 0x000001faa672c000 Exception <a 'java/lang/ClassNotFoundException'{0x00000000a473d2b0}: groovy/lang/GroovyShellCustomizer> (0x00000000a473d2b0) thrown at [./open/src/hotspot/share/classfile/systemDictionary.cpp, line 226]
Event: 4.282 Thread 0x000001faa672c000 Exception <a 'java/lang/NoSuchMethodError'{0x00000000a47ce370}: java.lang.invoke.DirectMethodHandle$Holder.invokeVirtual(Ljava/lang/Object;Ljava/lang/Object;)V> (0x00000000a47ce370) thrown at [./open/src/hotspot/share/interpreter/linkResolver.cpp, line 77
Event: 4.283 Thread 0x000001faa672c000 Exception <a 'java/lang/NoSuchMethodError'{0x00000000a47d68e0}: java.lang.invoke.DirectMethodHandle$Holder.invokeSpecial(Ljava/lang/Object;Ljava/lang/Object;Ljava/lang/Object;Ljava/lang/Object;Ljava/lang/Object;)V> (0x00000000a47d68e0) thrown at [./open/s
Event: 4.705 Thread 0x000001faa672c000 Exception <a 'java/lang/NoSuchMethodError'{0x00000000a76a2190}: java.lang.invoke.DirectMethodHandle$Holder.invokeStatic(Ljava/lang/Object;ILjava/lang/Object;Ljava/lang/Object;)I> (0x00000000a76a2190) thrown at [./open/src/hotspot/share/interpreter/linkRes
Event: 4.709 Thread 0x000001faa672c000 Exception <a 'java/lang/NoSuchMethodError'{0x00000000a76becc0}: java.lang.invoke.DirectMethodHandle$Holder.invokeSpecialIFC(Ljava/lang/Object;Ljava/lang/Object;Ljava/lang/Object;)V> (0x00000000a76becc0) thrown at [./open/src/hotspot/share/interpreter/link
Event: 4.723 Thread 0x000001faa672c000 Exception <a 'java/lang/NoSuchMethodError'{0x00000000a75209c8}: java.lang.invoke.DirectMethodHandle$Holder.invokeSpecial(Ljava/lang/Object;Ljava/lang/Object;Ljava/lang/Object;Ljava/lang/Object;Ljava/lang/Object;)I> (0x00000000a75209c8) thrown at [./open/s

Events (10 events):
Event: 4.744 loading class org/codehaus/groovy/classgen/EnumCompletionVisitor
Event: 4.744 loading class org/codehaus/groovy/classgen/EnumCompletionVisitor done
Event: 4.745 loading class org/codehaus/groovy/classgen/EnumCompletionVisitor$1
Event: 4.745 loading class org/codehaus/groovy/classgen/EnumCompletionVisitor$1 done
Event: 4.746 loading class org/codehaus/groovy/transform/sc/StaticCompilationMetadataKeys
Event: 4.746 loading class org/codehaus/groovy/transform/sc/StaticCompilationMetadataKeys done
Event: 4.747 loading class org/codehaus/groovy/control/CompilationUnit$1
Event: 4.747 loading class org/codehaus/groovy/control/CompilationUnit$1 done
Event: 4.748 loading class org/codehaus/groovy/ast/ModuleNode
Event: 4.748 loading class org/codehaus/groovy/ast/ModuleNode done


Dynamic libraries:
0x00007ff75a2e0000 - 0x00007ff75a2ef000 	C:\Program Files\jdk-11.0.16.1\bin\java.exe
0x00007ff9c5f50000 - 0x00007ff9c6148000 	C:\WINDOWS\SYSTEM32\ntdll.dll
0x00007ff9c4a80000 - 0x00007ff9c4b3f000 	C:\WINDOWS\System32\KERNEL32.DLL
0x00007ff9c3810000 - 0x00007ff9c3ae2000 	C:\WINDOWS\System32\KERNELBASE.dll
0x00007ff9c3dd0000 - 0x00007ff9c3ed0000 	C:\WINDOWS\System32\ucrtbase.dll
0x00007ff9b6810000 - 0x00007ff9b6828000 	C:\Program Files\jdk-11.0.16.1\bin\jli.dll
0x00007ff9b67f0000 - 0x00007ff9b6805000 	C:\Program Files\jdk-11.0.16.1\bin\VCRUNTIME140.dll
0x00007ff9c5cc0000 - 0x00007ff9c5d6e000 	C:\WINDOWS\System32\ADVAPI32.dll
0x00007ff9c4b40000 - 0x00007ff9c4bde000 	C:\WINDOWS\System32\msvcrt.dll
0x00007ff9c49e0000 - 0x00007ff9c4a7c000 	C:\WINDOWS\System32\sechost.dll
0x00007ff9c5190000 - 0x00007ff9c52b5000 	C:\WINDOWS\System32\RPCRT4.dll
0x00007ff9c4ec0000 - 0x00007ff9c5061000 	C:\WINDOWS\System32\USER32.dll
0x00007ff9c3da0000 - 0x00007ff9c3dc2000 	C:\WINDOWS\System32\win32u.dll
0x00007ff9b05b0000 - 0x00007ff9b084a000 	C:\WINDOWS\WinSxS\amd64_microsoft.windows.common-controls_6595b64144ccf1df_6.0.19041.1110_none_60b5254171f9507e\COMCTL32.dll
0x00007ff9c4be0000 - 0x00007ff9c4c0b000 	C:\WINDOWS\System32\GDI32.dll
0x00007ff9c3700000 - 0x00007ff9c380f000 	C:\WINDOWS\System32\gdi32full.dll
0x00007ff9c3af0000 - 0x00007ff9c3b8d000 	C:\WINDOWS\System32\msvcp_win.dll
0x00007ff9b9d50000 - 0x00007ff9b9d5a000 	C:\WINDOWS\SYSTEM32\VERSION.dll
0x00007ff9c5140000 - 0x00007ff9c5172000 	C:\WINDOWS\System32\IMM32.DLL
0x00007ff9982d0000 - 0x00007ff99836b000 	C:\Program Files\jdk-11.0.16.1\bin\msvcp140.dll
0x00007ff970eb0000 - 0x00007ff9719c8000 	C:\Program Files\jdk-11.0.16.1\bin\server\jvm.dll
0x00007ff9c5180000 - 0x00007ff9c5188000 	C:\WINDOWS\System32\PSAPI.DLL
0x00007ff9bf250000 - 0x00007ff9bf259000 	C:\WINDOWS\SYSTEM32\WSOCK32.dll
0x00007ff9b83e0000 - 0x00007ff9b8407000 	C:\WINDOWS\SYSTEM32\WINMM.dll
0x00007ff9c4dd0000 - 0x00007ff9c4e3b000 	C:\WINDOWS\System32\WS2_32.dll
0x00007ff9c14c0000 - 0x00007ff9c14d2000 	C:\WINDOWS\SYSTEM32\kernel.appcore.dll
0x00007ff9b6070000 - 0x00007ff9b6080000 	C:\Program Files\jdk-11.0.16.1\bin\verify.dll
0x00007ff9bac30000 - 0x00007ff9bae14000 	C:\WINDOWS\SYSTEM32\DBGHELP.DLL
0x00007ff9afc10000 - 0x00007ff9afc45000 	C:\WINDOWS\SYSTEM32\dbgcore.DLL
0x00007ff9c3f00000 - 0x00007ff9c3f82000 	C:\WINDOWS\System32\bcryptPrimitives.dll
0x00007ff9b5160000 - 0x00007ff9b5188000 	C:\Program Files\jdk-11.0.16.1\bin\java.dll
0x00007ff9b5a10000 - 0x00007ff9b5a1a000 	C:\Program Files\jdk-11.0.16.1\bin\jimage.dll
0x00007ff9bf2a0000 - 0x00007ff9bf2ae000 	C:\Program Files\jdk-11.0.16.1\bin\instrument.dll
0x00007ff9b5000000 - 0x00007ff9b5016000 	C:\Program Files\jdk-11.0.16.1\bin\zip.dll
0x00007ff9c41e0000 - 0x00007ff9c4925000 	C:\WINDOWS\System32\SHELL32.dll
0x00007ff9c16c0000 - 0x00007ff9c1e52000 	C:\WINDOWS\SYSTEM32\windows.storage.dll
0x00007ff9c5730000 - 0x00007ff9c5a85000 	C:\WINDOWS\System32\combase.dll
0x00007ff9c2fc0000 - 0x00007ff9c2ff0000 	C:\WINDOWS\SYSTEM32\Wldp.dll
0x00007ff9c4930000 - 0x00007ff9c49dd000 	C:\WINDOWS\System32\SHCORE.dll
0x00007ff9c5eb0000 - 0x00007ff9c5f05000 	C:\WINDOWS\System32\shlwapi.dll
0x00007ff9c3580000 - 0x00007ff9c359f000 	C:\WINDOWS\SYSTEM32\profapi.dll
0x00007ff9b3520000 - 0x00007ff9b3539000 	C:\Program Files\jdk-11.0.16.1\bin\net.dll
0x00007ff9bbe90000 - 0x00007ff9bbf9c000 	C:\WINDOWS\SYSTEM32\WINHTTP.dll
0x00007ff9c2cd0000 - 0x00007ff9c2d3a000 	C:\WINDOWS\system32\mswsock.dll
0x00007ff9b3500000 - 0x00007ff9b3512000 	C:\Program Files\jdk-11.0.16.1\bin\nio.dll
0x00007ff9bf1a0000 - 0x00007ff9bf1ba000 	C:\Users\ASUS\IntelliJ IDEA Community Edition 2022.3\bin\breakgen64.dll
0x00007ff9c2ef0000 - 0x00007ff9c2f08000 	C:\WINDOWS\SYSTEM32\CRYPTSP.dll
0x00007ff9c2600000 - 0x00007ff9c2634000 	C:\WINDOWS\system32\rsaenh.dll
0x00007ff9c3ed0000 - 0x00007ff9c3ef7000 	C:\WINDOWS\System32\bcrypt.dll
0x00007ff9c3500000 - 0x00007ff9c352e000 	C:\WINDOWS\SYSTEM32\USERENV.dll
0x00007ff9c2f10000 - 0x00007ff9c2f1c000 	C:\WINDOWS\SYSTEM32\CRYPTBASE.dll
0x00007ff9c29e0000 - 0x00007ff9c2a1b000 	C:\WINDOWS\SYSTEM32\IPHLPAPI.DLL
0x00007ff9c4c10000 - 0x00007ff9c4c18000 	C:\WINDOWS\System32\NSI.dll
0x00007ff9ba150000 - 0x00007ff9ba167000 	C:\WINDOWS\SYSTEM32\dhcpcsvc6.DLL
0x00007ff9bb8c0000 - 0x00007ff9bb8dd000 	C:\WINDOWS\SYSTEM32\dhcpcsvc.DLL
0x00007ff9c2a20000 - 0x00007ff9c2aeb000 	C:\WINDOWS\SYSTEM32\DNSAPI.dll
0x00007ff9ba5f0000 - 0x00007ff9ba615000 	C:\Program Files\jdk-11.0.16.1\bin\sunec.dll
0x0000000068e60000 - 0x0000000068e86000 	C:\Program Files\Bonjour\mdnsNSP.dll
0x00007ff9b4020000 - 0x00007ff9b402a000 	C:\Windows\System32\rasadhlp.dll
0x00007ff9b5f70000 - 0x00007ff9b5ff0000 	C:\WINDOWS\System32\fwpuclnt.dll
0x00007ff9bf120000 - 0x00007ff9bf12d000 	C:\Program Files\jdk-11.0.16.1\bin\sunmscapi.dll
0x00007ff9c3b90000 - 0x00007ff9c3ce6000 	C:\WINDOWS\System32\CRYPT32.dll
0x00007ff9c3030000 - 0x00007ff9c3057000 	C:\WINDOWS\SYSTEM32\ncrypt.dll
0x00007ff9c2ff0000 - 0x00007ff9c302b000 	C:\WINDOWS\SYSTEM32\NTASN1.dll

dbghelp: loaded successfully - version: 4.0.5 - missing functions: none
symbol engine: initialized successfully - sym options: 0x614 - pdb path: .;C:\Program Files\jdk-11.0.16.1\bin;C:\WINDOWS\SYSTEM32;C:\WINDOWS\WinSxS\amd64_microsoft.windows.common-controls_6595b64144ccf1df_6.0.19041.1110_none_60b5254171f9507e;C:\Program Files\jdk-11.0.16.1\bin\server;C:\Users\ASUS\IntelliJ IDEA Community Edition 2022.3\bin;C:\Program Files\Bonjour

VM Arguments:
jvm_args: -ea -Didea.test.cyclic.buffer.size=1048576 -javaagent:C:\Users\ASUS\IntelliJ IDEA Community Edition 2022.3\lib\idea_rt.jar=65265:C:\Users\ASUS\IntelliJ IDEA Community Edition 2022.3\bin -Dfile.encoding=UTF-8 
java_command: com.intellij.rt.testng.RemoteTestNGStarter -usedefaultlisteners false -socket65264 @w@C:\Users\ASUS\AppData\Local\Temp\idea_working_dirs_testng7.tmp -temp C:\Users\ASUS\AppData\Local\Temp\idea_testng5.tmp
java_class_path (initial): C:\Users\ASUS\IntelliJ IDEA Community Edition 2022.3\lib\idea_rt.jar;C:\Users\ASUS\IntelliJ IDEA Community Edition 2022.3\plugins\testng\lib\testng-rt.jar;C:\Users\ASUS\IdeaProjects\APITesting\target\test-classes;C:\Users\ASUS\.m2\repository\org\testng\testng\7.6.0\testng-7.6.0.jar;C:\Users\ASUS\.m2\repository\com\google\code\findbugs\jsr305\3.0.2\jsr305-3.0.2.jar;C:\Users\ASUS\.m2\repository\org\slf4j\slf4j-api\1.7.36\slf4j-api-1.7.36.jar;C:\Users\ASUS\.m2\repository\com\beust\jcommander\1.82\jcommander-1.82.jar;C:\Users\ASUS\.m2\repository\org\webjars\jquery\3.6.0\jquery-3.6.0.jar;C:\Users\ASUS\.m2\repository\io\rest-assured\rest-assured\5.3.0\rest-assured-5.3.0.jar;C:\Users\ASUS\.m2\repository\org\apache\groovy\groovy\4.0.6\groovy-4.0.6.jar;C:\Users\ASUS\.m2\repository\org\apache\groovy\groovy-xml\4.0.6\groovy-xml-4.0.6.jar;C:\Users\ASUS\.m2\repository\org\apache\httpcomponents\httpclient\4.5.13\httpclient-4.5.13.jar;C:\Users\ASUS\.m2\repository\org\apache\httpcomponents\httpcore\4.4.13\httpcore-4.4.13.jar;C:\Users\ASUS\.m2\repository\commons-logging\commons-logging\1.2\commons-logging-1.2.jar;C:\Users\ASUS\.m2\repository\commons-codec\commons-codec\1.11\commons-codec-1.11.jar;C:\Users\ASUS\.m2\repository\org\apache\httpcomponents\httpmime\4.5.13\httpmime-4.5.13.jar;C:\Users\ASUS\.m2\repository\org\hamcrest\hamcrest\2.1\hamcrest-2.1.jar;C:\Users\ASUS\.m2\repository\org\ccil\cowan\tagsoup\tagsoup\1.2.1\tagsoup-1.2.1.jar;C:\Users\ASUS\.m2\repository\io\rest-assured\json-path\5.3.0\json-path-5.3.0.jar;C:\Users\ASUS\.m2\repository\org\apache\groovy\groovy-json\4.0.6\groovy-json-4.0.6.jar;C:\Users\ASUS\.m2\repository\io\rest-assured\rest-assured-common\5.3.0\rest-assured-common-5.3.0.jar;C:\Users\ASUS\.m2\repository\io\rest-assured\xml-path\5.3.0\xml-path-5.3.0.jar;C:\Users\ASUS\.m2\repository\org\apache\commons\commons-lang3\3.11\commons-lang3-3.11.jar;C:\Users\ASUS\.m2\repository\com\fasterxml\jackson\core\jackson-databind\2.14.2\jackson
Launcher Type: SUN_STANDARD

[Global flags]
     intx CICompilerCount                          = 4                                         {product} {ergonomic}
     uint ConcGCThreads                            = 2                                         {product} {ergonomic}
     uint G1ConcRefinementThreads                  = 8                                         {product} {ergonomic}
   size_t G1HeapRegionSize                         = 1048576                                   {product} {ergonomic}
    uintx GCDrainStackTargetSize                   = 64                                        {product} {ergonomic}
   size_t InitialHeapSize                          = 100663296                                 {product} {ergonomic}
   size_t MarkStackSize                            = 4194304                                   {product} {ergonomic}
   size_t MaxHeapSize                              = 1598029824                                {product} {ergonomic}
   size_t MaxNewSize                               = 958398464                                 {product} {ergonomic}
   size_t MinHeapDeltaBytes                        = 1048576                                   {product} {ergonomic}
    uintx NonNMethodCodeHeapSize                   = 5836300                                {pd product} {ergonomic}
    uintx NonProfiledCodeHeapSize                  = 122910970                              {pd product} {ergonomic}
    uintx ProfiledCodeHeapSize                     = 122910970                              {pd product} {ergonomic}
    uintx ReservedCodeCacheSize                    = 251658240                              {pd product} {ergonomic}
     bool SegmentedCodeCache                       = true                                      {product} {ergonomic}
     bool UseCompressedClassPointers               = true                                 {lp64_product} {ergonomic}
     bool UseCompressedOops                        = true                                 {lp64_product} {ergonomic}
     bool UseG1GC                                  = true                                      {product} {ergonomic}
     bool UseLargePagesIndividualAllocation        = false                                  {pd product} {ergonomic}

Logging:
Log output configuration:
 #0: stdout all=warning uptime,level,tags
 #1: stderr all=off uptime,level,tags

Environment Variables:
PATH=C:\WINDOWS\system32;C:\WINDOWS;C:\WINDOWS\System32\Wbem;C:\WINDOWS\System32\WindowsPowerShell\v1.0\;C:\WINDOWS\System32\OpenSSH\;C:\Program Files\Git\cmd;C:\Program Files\jdk-11.0.16.1\bin;C:\Program Files\apache-maven-3.8.7\bin;;C:\Program Files\Docker\Docker\resources\bin;C:\Program Files\MySQL\MySQL Shell 8.0\bin\;C:\Users\ASUS\AppData\Local\Microsoft\WindowsApps;;C:\Users\ASUS\IntelliJ IDEA Community Edition 2022.3\bin;;C:\Users\ASUS\AppData\Local\Programs\Microsoft VS Code\bin
USERNAME=ASUS
OS=Windows_NT
PROCESSOR_IDENTIFIER=AMD64 Family 23 Model 24 Stepping 1, AuthenticAMD



---------------  S Y S T E M  ---------------

OS: Windows 10 , 64 bit Build 19041 (10.0.19041.2546)
Hyper-V role detected

CPU:total 8 (initial active 8) (8 cores per cpu, 2 threads per core) family 23 model 24 stepping 1 microcode 0x0, cmov, cx8, fxsr, mmx, sse, sse2, sse3, ssse3, sse4.1, sse4.2, popcnt, avx, avx2, aes, clmul, mmxext, 3dnowpref, lzcnt, sse4a, ht, tsc, tscinvbit, tscinv, bmi1, bmi2, adx, s

Memory: 4k page, system-wide physical 6091M (383M free)
TotalPageFile size 8107M (AvailPageFile size 5M)
current process WorkingSet (physical memory assigned to process): 204M, peak: 204M
current process commit charge ("private bytes"): 279M, peak: 282M

vm_info: Java HotSpot(TM) 64-Bit Server VM (11.0.16.1+1-LTS-1) for windows-amd64 JRE (11.0.16.1+1-LTS-1), built on Aug 16 2022 01:46:01 by "mach5one" with MS VC++ 15.9 (VS2017)

END.
