#
# There is insufficient memory for the Java Runtime Environment to continue.
# Native memory allocation (malloc) failed to allocate 1056016 bytes for Chunk::new
# Possible reasons:
#   The system is out of physical RAM or swap space
#   The process is running with CompressedOops enabled, and the Java Heap may be blocking the growth of the native heap
# Possible solutions:
#   Reduce memory load on the system
#   Increase physical memory or swap space
#   Check if swap backing store is full
#   Decrease Java heap size (-Xmx/-Xms)
#   Decrease number of Java threads
#   Decrease Java thread stack sizes (-Xss)
#   Set larger code cache with -XX:ReservedCodeCacheSize=
#   JVM is running with Unscaled Compressed Oops mode in which the Java heap is
#     placed in the first 4GB address space. The Java Heap base address is the
#     maximum limit for the native heap growth. Please use -XX:HeapBaseMinAddress
#     to set the Java Heap base and to place the Java Heap above 4GB virtual address.
# This output file may be truncated or incomplete.
#
#  Out of Memory Error (./open/src/hotspot/share/memory/arena.cpp:197), pid=12784, tid=10396
#
# JRE version: Java(TM) SE Runtime Environment 18.9 (11.0.16.1+1) (build 11.0.16.1+1-LTS-1)
# Java VM: Java HotSpot(TM) 64-Bit Server VM 18.9 (11.0.16.1+1-LTS-1, mixed mode, tiered, compressed oops, g1 gc, windows-amd64)
# No core dump will be written. Minidumps are not enabled by default on client versions of Windows
#

---------------  S U M M A R Y ------------

Command Line: -ea -Didea.test.cyclic.buffer.size=1048576 -javaagent:C:\Users\ASUS\IntelliJ IDEA Community Edition 2022.3\lib\idea_rt.jar=53949:C:\Users\ASUS\IntelliJ IDEA Community Edition 2022.3\bin -Dfile.encoding=UTF-8 com.intellij.rt.testng.RemoteTestNGStarter -usedefaultlisteners false -socket53948 @w@C:\Users\ASUS\AppData\Local\Temp\idea_working_dirs_testng1.tmp -temp C:\Users\ASUS\AppData\Local\Temp\idea_testng1.tmp

Host: AMD Ryzen 5 3500U with Radeon Vega Mobile Gfx  , 8 cores, 5G,  Windows 10 , 64 bit Build 19041 (10.0.19041.2546)
Time: Thu Mar  2 20:11:48 2023  Windows 10 , 64 bit Build 19041 (10.0.19041.2546) elapsed time: 4.419195 seconds (0d 0h 0m 4s)

---------------  T H R E A D  ---------------

Current thread (0x0000024cf76cf800):  JavaThread "C2 CompilerThread1" daemon [_thread_in_native, id=10396, stack(0x000000a06ce00000,0x000000a06cf00000)]


Current CompileTask:
C2:   4419 3544       4       java.beans.Introspector::addMethod (196 bytes)

Stack: [0x000000a06ce00000,0x000000a06cf00000]
Native frames: (J=compiled Java code, j=interpreted, Vv=VM code, C=native code)
V  [jvm.dll+0x62a3da]
V  [jvm.dll+0x76407f]
V  [jvm.dll+0x765729]
V  [jvm.dll+0x765db3]
V  [jvm.dll+0x23dc18]
V  [jvm.dll+0xb2a1c]
V  [jvm.dll+0xb2fdc]
V  [jvm.dll+0x2ae994]
V  [jvm.dll+0x53d98b]
V  [jvm.dll+0x200a07]
V  [jvm.dll+0x1fa79a]
V  [jvm.dll+0x1f774d]
V  [jvm.dll+0x177c81]
V  [jvm.dll+0x207186]
V  [jvm.dll+0x20531b]
V  [jvm.dll+0x729f60]
V  [jvm.dll+0x722b34]
V  [jvm.dll+0x629276]
C  [ucrtbase.dll+0x21bb2]
C  [KERNEL32.DLL+0x17614]
C  [ntdll.dll+0x526a1]


---------------  P R O C E S S  ---------------

Threads class SMR info:
_java_thread_list=0x0000024cf9065b70, length=16, elements={
0x0000024cd83ba800, 0x0000024cf505e800, 0x0000024cf5067800, 0x0000024cf5a03000,
0x0000024cf507d800, 0x0000024cf507f800, 0x0000024cf508d000, 0x0000024cf5094800,
0x0000024cf509f800, 0x0000024cf5b3f800, 0x0000024cf5b3a000, 0x0000024cf5b3e000,
0x0000024cf5b3b800, 0x0000024cf5b3c000, 0x0000024cf76cf800, 0x0000024cf7bc0800
}

Java Threads: ( => current thread )
  0x0000024cd83ba800 JavaThread "main" [_thread_blocked, id=7868, stack(0x000000a06be00000,0x000000a06bf00000)]
  0x0000024cf505e800 JavaThread "Reference Handler" daemon [_thread_blocked, id=2500, stack(0x000000a06c500000,0x000000a06c600000)]
  0x0000024cf5067800 JavaThread "Finalizer" daemon [_thread_blocked, id=3096, stack(0x000000a06c600000,0x000000a06c700000)]
  0x0000024cf5a03000 JavaThread "Signal Dispatcher" daemon [_thread_blocked, id=11824, stack(0x000000a06c700000,0x000000a06c800000)]
  0x0000024cf507d800 JavaThread "Attach Listener" daemon [_thread_blocked, id=12960, stack(0x000000a06c800000,0x000000a06c900000)]
  0x0000024cf507f800 JavaThread "Service Thread" daemon [_thread_blocked, id=500, stack(0x000000a06c900000,0x000000a06ca00000)]
  0x0000024cf508d000 JavaThread "C2 CompilerThread0" daemon [_thread_in_native, id=1992, stack(0x000000a06ca00000,0x000000a06cb00000)]
  0x0000024cf5094800 JavaThread "C1 CompilerThread0" daemon [_thread_blocked, id=1792, stack(0x000000a06cb00000,0x000000a06cc00000)]
  0x0000024cf509f800 JavaThread "Sweeper thread" daemon [_thread_blocked, id=14388, stack(0x000000a06cc00000,0x000000a06cd00000)]
  0x0000024cf5b3f800 JavaThread "Common-Cleaner" daemon [_thread_blocked, id=12764, stack(0x000000a06cd00000,0x000000a06ce00000)]
  0x0000024cf5b3a000 JavaThread "Monitor Ctrl-Break" daemon [_thread_in_native, id=11436, stack(0x000000a06cf00000,0x000000a06d000000)]
  0x0000024cf5b3e000 JavaThread "ForkJoinPool.commonPool-worker-3" daemon [_thread_blocked, id=3564, stack(0x000000a06d400000,0x000000a06d500000)]
  0x0000024cf5b3b800 JavaThread "ForkJoinPool.commonPool-worker-5" daemon [_thread_blocked, id=9940, stack(0x000000a06d500000,0x000000a06d600000)]
  0x0000024cf5b3c000 JavaThread "ForkJoinPool.commonPool-worker-7" daemon [_thread_blocked, id=9588, stack(0x000000a06d600000,0x000000a06d700000)]
=>0x0000024cf76cf800 JavaThread "C2 CompilerThread1" daemon [_thread_in_native, id=10396, stack(0x000000a06ce00000,0x000000a06cf00000)]
  0x0000024cf7bc0800 JavaThread "C2 CompilerThread2" daemon [_thread_blocked, id=13532, stack(0x000000a06d300000,0x000000a06d400000)]

Other Threads:
  0x0000024cf505c000 VMThread "VM Thread" [stack: 0x000000a06c400000,0x000000a06c500000] [id=14196]
  0x0000024cf5d3b800 WatcherThread [stack: 0x000000a06d000000,0x000000a06d100000] [id=14404]
  0x0000024cd83ce800 GCTaskThread "GC Thread#0" [stack: 0x000000a06bf00000,0x000000a06c000000] [id=6236]
  0x0000024cf718c000 GCTaskThread "GC Thread#1" [stack: 0x000000a06d100000,0x000000a06d200000] [id=10900]
  0x0000024cd83f6800 ConcurrentGCThread "G1 Main Marker" [stack: 0x000000a06c000000,0x000000a06c100000] [id=10012]
  0x0000024cd83f9000 ConcurrentGCThread "G1 Conc#0" [stack: 0x000000a06c100000,0x000000a06c200000] [id=14880]
  0x0000024cf72cf000 ConcurrentGCThread "G1 Conc#1" [stack: 0x000000a06d200000,0x000000a06d300000] [id=10376]
  0x0000024cd847f000 ConcurrentGCThread "G1 Refine#0" [stack: 0x000000a06c200000,0x000000a06c300000] [id=12352]
  0x0000024cd8480000 ConcurrentGCThread "G1 Young RemSet Sampling" [stack: 0x000000a06c300000,0x000000a06c400000] [id=13056]

Threads with active compile tasks:
C2 CompilerThread0     4459 3427   !   4       jdk.internal.loader.BuiltinClassLoader::loadClassOrNull (143 bytes)
C2 CompilerThread1     4459 3544       4       java.beans.Introspector::addMethod (196 bytes)

VM state:at safepoint (normal execution)

VM Mutex/Monitor currently owned by a thread:  ([mutex/lock_event])
[0x0000024cd83b6ea0] Threads_lock - owner thread: 0x0000024cf505c000
[0x0000024cd83b63f0] Heap_lock - owner thread: 0x0000024cd83ba800

Heap address: 0x00000000a0c00000, size: 1524 MB, Compressed Oops mode: 32-bit
Narrow klass base: 0x0000000000000000, Narrow klass shift: 3
Compressed class space size: 1073741824 Address: 0x0000000100000000

Heap:
 garbage-first heap   total 118784K, used 20891K [0x00000000a0c00000, 0x0000000100000000)
  region size 1024K, 5 young (5120K), 5 survivors (5120K)
 Metaspace       used 34099K, capacity 35697K, committed 35888K, reserved 1081344K
  class space    used 3978K, capacity 4729K, committed 4736K, reserved 1048576K
Heap Regions: E=young(eden), S=young(survivor), O=old, HS=humongous(starts), HC=humongous(continues), CS=collection set, F=free, A=archive, TAMS=top-at-mark-start (previous, next)
|   0|0x00000000a0c00000, 0x00000000a0d00000, 0x00000000a0d00000|100%| O|  |TAMS 0x00000000a0c00000, 0x00000000a0d00000| Untracked 
|   1|0x00000000a0d00000, 0x00000000a0e00000, 0x00000000a0e00000|100%| O|  |TAMS 0x00000000a0d00000, 0x00000000a0e00000| Untracked 
|   2|0x00000000a0e00000, 0x00000000a0f00000, 0x00000000a0f00000|100%| O|  |TAMS 0x00000000a0e00000, 0x00000000a0f00000| Untracked 
|   3|0x00000000a0f00000, 0x00000000a1000000, 0x00000000a1000000|100%| O|  |TAMS 0x00000000a1000000, 0x00000000a1000000| Untracked 
|   4|0x00000000a1000000, 0x00000000a1100000, 0x00000000a1100000|100%| O|  |TAMS 0x00000000a1028e00, 0x00000000a1100000| Untracked 
|   5|0x00000000a1100000, 0x00000000a1200000, 0x00000000a1200000|100%| O|  |TAMS 0x00000000a1100000, 0x00000000a1200000| Untracked 
|   6|0x00000000a1200000, 0x00000000a1300000, 0x00000000a1300000|100%| O|  |TAMS 0x00000000a1200000, 0x00000000a1300000| Untracked 
|   7|0x00000000a1300000, 0x00000000a1400000, 0x00000000a1400000|100%| O|  |TAMS 0x00000000a1300000, 0x00000000a1400000| Untracked 
|   8|0x00000000a1400000, 0x00000000a1500000, 0x00000000a1500000|100%| O|  |TAMS 0x00000000a1400000, 0x00000000a1500000| Untracked 
|   9|0x00000000a1500000, 0x00000000a1600000, 0x00000000a1600000|100%| O|  |TAMS 0x00000000a1500000, 0x00000000a1600000| Untracked 
|  10|0x00000000a1600000, 0x00000000a1700000, 0x00000000a1700000|100%| O|  |TAMS 0x00000000a1600000, 0x00000000a1700000| Untracked 
|  11|0x00000000a1700000, 0x00000000a1800000, 0x00000000a1800000|100%| O|  |TAMS 0x00000000a1700000, 0x00000000a1800000| Untracked 
|  12|0x00000000a1800000, 0x00000000a1900000, 0x00000000a1900000|100%| O|  |TAMS 0x00000000a1800000, 0x00000000a1900000| Untracked 
|  13|0x00000000a1900000, 0x00000000a1a00000, 0x00000000a1a00000|100%| O|  |TAMS 0x00000000a1900000, 0x00000000a1a00000| Untracked 
|  14|0x00000000a1a00000, 0x00000000a1b00000, 0x00000000a1b00000|100%| O|  |TAMS 0x00000000a1a00000, 0x00000000a1b00000| Untracked 
|  15|0x00000000a1b00000, 0x00000000a1b66e00, 0x00000000a1c00000| 40%| O|  |TAMS 0x00000000a1b00000, 0x00000000a1b66e00| Untracked 
|  16|0x00000000a1c00000, 0x00000000a1c00000, 0x00000000a1d00000|  0%| F|  |TAMS 0x00000000a1c00000, 0x00000000a1c00000| Untracked 
|  17|0x00000000a1d00000, 0x00000000a1d00000, 0x00000000a1e00000|  0%| F|  |TAMS 0x00000000a1d00000, 0x00000000a1d00000| Untracked 
|  18|0x00000000a1e00000, 0x00000000a1e00000, 0x00000000a1f00000|  0%| F|  |TAMS 0x00000000a1e00000, 0x00000000a1e00000| Untracked 
|  19|0x00000000a1f00000, 0x00000000a1f00000, 0x00000000a2000000|  0%| F|  |TAMS 0x00000000a1f00000, 0x00000000a1f00000| Untracked 
|  20|0x00000000a2000000, 0x00000000a2000000, 0x00000000a2100000|  0%| F|  |TAMS 0x00000000a2000000, 0x00000000a2000000| Untracked 
|  21|0x00000000a2100000, 0x00000000a2100000, 0x00000000a2200000|  0%| F|  |TAMS 0x00000000a2100000, 0x00000000a2100000| Untracked 
|  22|0x00000000a2200000, 0x00000000a2200000, 0x00000000a2300000|  0%| F|  |TAMS 0x00000000a2200000, 0x00000000a2200000| Untracked 
|  23|0x00000000a2300000, 0x00000000a2300000, 0x00000000a2400000|  0%| F|  |TAMS 0x00000000a2300000, 0x00000000a2300000| Untracked 
|  24|0x00000000a2400000, 0x00000000a2400000, 0x00000000a2500000|  0%| F|  |TAMS 0x00000000a2400000, 0x00000000a2400000| Untracked 
|  25|0x00000000a2500000, 0x00000000a2500000, 0x00000000a2600000|  0%| F|  |TAMS 0x00000000a2500000, 0x00000000a2500000| Untracked 
|  26|0x00000000a2600000, 0x00000000a2600000, 0x00000000a2700000|  0%| F|  |TAMS 0x00000000a2600000, 0x00000000a2600000| Untracked 
|  27|0x00000000a2700000, 0x00000000a2700000, 0x00000000a2800000|  0%| F|  |TAMS 0x00000000a2700000, 0x00000000a2700000| Untracked 
|  28|0x00000000a2800000, 0x00000000a2800000, 0x00000000a2900000|  0%| F|  |TAMS 0x00000000a2800000, 0x00000000a2800000| Untracked 
|  29|0x00000000a2900000, 0x00000000a2900000, 0x00000000a2a00000|  0%| F|  |TAMS 0x00000000a2900000, 0x00000000a2900000| Untracked 
|  30|0x00000000a2a00000, 0x00000000a2a00000, 0x00000000a2b00000|  0%| F|  |TAMS 0x00000000a2a00000, 0x00000000a2a00000| Untracked 
|  31|0x00000000a2b00000, 0x00000000a2b00000, 0x00000000a2c00000|  0%| F|  |TAMS 0x00000000a2b00000, 0x00000000a2b00000| Untracked 
|  32|0x00000000a2c00000, 0x00000000a2c00000, 0x00000000a2d00000|  0%| F|  |TAMS 0x00000000a2c00000, 0x00000000a2c00000| Untracked 
|  33|0x00000000a2d00000, 0x00000000a2d00000, 0x00000000a2e00000|  0%| F|  |TAMS 0x00000000a2d00000, 0x00000000a2d00000| Untracked 
|  34|0x00000000a2e00000, 0x00000000a2e00000, 0x00000000a2f00000|  0%| F|  |TAMS 0x00000000a2e00000, 0x00000000a2e00000| Untracked 
|  35|0x00000000a2f00000, 0x00000000a2f00000, 0x00000000a3000000|  0%| F|  |TAMS 0x00000000a2f00000, 0x00000000a2f00000| Untracked 
|  36|0x00000000a3000000, 0x00000000a3000000, 0x00000000a3100000|  0%| F|  |TAMS 0x00000000a3000000, 0x00000000a3000000| Untracked 
|  37|0x00000000a3100000, 0x00000000a3100000, 0x00000000a3200000|  0%| F|  |TAMS 0x00000000a3100000, 0x00000000a3100000| Untracked 
|  38|0x00000000a3200000, 0x00000000a3200000, 0x00000000a3300000|  0%| F|  |TAMS 0x00000000a3200000, 0x00000000a3200000| Untracked 
|  39|0x00000000a3300000, 0x00000000a3300000, 0x00000000a3400000|  0%| F|  |TAMS 0x00000000a3300000, 0x00000000a3300000| Untracked 
|  40|0x00000000a3400000, 0x00000000a3400000, 0x00000000a3500000|  0%| F|  |TAMS 0x00000000a3400000, 0x00000000a3400000| Untracked 
|  41|0x00000000a3500000, 0x00000000a3500000, 0x00000000a3600000|  0%| F|  |TAMS 0x00000000a3500000, 0x00000000a3500000| Untracked 
|  42|0x00000000a3600000, 0x00000000a3600000, 0x00000000a3700000|  0%| F|  |TAMS 0x00000000a3600000, 0x00000000a3600000| Untracked 
|  43|0x00000000a3700000, 0x00000000a3700000, 0x00000000a3800000|  0%| F|  |TAMS 0x00000000a3700000, 0x00000000a3700000| Untracked 
|  44|0x00000000a3800000, 0x00000000a3800000, 0x00000000a3900000|  0%| F|  |TAMS 0x00000000a3800000, 0x00000000a3800000| Untracked 
|  45|0x00000000a3900000, 0x00000000a3900000, 0x00000000a3a00000|  0%| F|  |TAMS 0x00000000a3900000, 0x00000000a3900000| Untracked 
|  46|0x00000000a3a00000, 0x00000000a3b00000, 0x00000000a3b00000|100%| S|CS|TAMS 0x00000000a3a00000, 0x00000000a3a00000| Complete 
|  47|0x00000000a3b00000, 0x00000000a3c00000, 0x00000000a3c00000|100%| S|CS|TAMS 0x00000000a3b00000, 0x00000000a3b00000| Complete 
|  48|0x00000000a3c00000, 0x00000000a3d00000, 0x00000000a3d00000|100%| S|CS|TAMS 0x00000000a3c00000, 0x00000000a3c00000| Complete 
|  49|0x00000000a3d00000, 0x00000000a3e00000, 0x00000000a3e00000|100%| S|CS|TAMS 0x00000000a3d00000, 0x00000000a3d00000| Complete 
|  50|0x00000000a3e00000, 0x00000000a3e00000, 0x00000000a3f00000|  0%| F|  |TAMS 0x00000000a3e00000, 0x00000000a3e00000| Untracked 
|  51|0x00000000a3f00000, 0x00000000a3f00000, 0x00000000a4000000|  0%| F|  |TAMS 0x00000000a3f00000, 0x00000000a3f00000| Untracked 
|  52|0x00000000a4000000, 0x00000000a4000000, 0x00000000a4100000|  0%| F|  |TAMS 0x00000000a4000000, 0x00000000a4000000| Untracked 
|  53|0x00000000a4100000, 0x00000000a4100000, 0x00000000a4200000|  0%| F|  |TAMS 0x00000000a4100000, 0x00000000a4100000| Untracked 
|  54|0x00000000a4200000, 0x00000000a4200000, 0x00000000a4300000|  0%| F|  |TAMS 0x00000000a4200000, 0x00000000a4200000| Untracked 
|  55|0x00000000a4300000, 0x00000000a4400000, 0x00000000a4400000|100%| S|CS|TAMS 0x00000000a4300000, 0x00000000a4300000| Complete 
|  56|0x00000000a4400000, 0x00000000a4400000, 0x00000000a4500000|  0%| F|  |TAMS 0x00000000a4400000, 0x00000000a4400000| Untracked 
|  57|0x00000000a4500000, 0x00000000a4500000, 0x00000000a4600000|  0%| F|  |TAMS 0x00000000a4500000, 0x00000000a4500000| Untracked 
|  58|0x00000000a4600000, 0x00000000a4600000, 0x00000000a4700000|  0%| F|  |TAMS 0x00000000a4600000, 0x00000000a4600000| Untracked 
|  59|0x00000000a4700000, 0x00000000a4700000, 0x00000000a4800000|  0%| F|  |TAMS 0x00000000a4700000, 0x00000000a4700000| Untracked 
|  60|0x00000000a4800000, 0x00000000a4800000, 0x00000000a4900000|  0%| F|  |TAMS 0x00000000a4800000, 0x00000000a4800000| Untracked 
|  61|0x00000000a4900000, 0x00000000a4900000, 0x00000000a4a00000|  0%| F|  |TAMS 0x00000000a4900000, 0x00000000a4900000| Untracked 
|  62|0x00000000a4a00000, 0x00000000a4a00000, 0x00000000a4b00000|  0%| F|  |TAMS 0x00000000a4a00000, 0x00000000a4a00000| Untracked 
|  63|0x00000000a4b00000, 0x00000000a4b00000, 0x00000000a4c00000|  0%| F|  |TAMS 0x00000000a4b00000, 0x00000000a4b00000| Untracked 
|  64|0x00000000a4c00000, 0x00000000a4c00000, 0x00000000a4d00000|  0%| F|  |TAMS 0x00000000a4c00000, 0x00000000a4c00000| Untracked 
|  65|0x00000000a4d00000, 0x00000000a4d00000, 0x00000000a4e00000|  0%| F|  |TAMS 0x00000000a4d00000, 0x00000000a4d00000| Untracked 
|  66|0x00000000a4e00000, 0x00000000a4e00000, 0x00000000a4f00000|  0%| F|  |TAMS 0x00000000a4e00000, 0x00000000a4e00000| Untracked 
|  67|0x00000000a4f00000, 0x00000000a4f00000, 0x00000000a5000000|  0%| F|  |TAMS 0x00000000a4f00000, 0x00000000a4f00000| Untracked 
|  68|0x00000000a5000000, 0x00000000a5000000, 0x00000000a5100000|  0%| F|  |TAMS 0x00000000a5000000, 0x00000000a5000000| Untracked 
|  69|0x00000000a5100000, 0x00000000a5100000, 0x00000000a5200000|  0%| F|  |TAMS 0x00000000a5100000, 0x00000000a5100000| Untracked 
|  70|0x00000000a5200000, 0x00000000a5200000, 0x00000000a5300000|  0%| F|  |TAMS 0x00000000a5200000, 0x00000000a5200000| Untracked 
|  71|0x00000000a5300000, 0x00000000a5300000, 0x00000000a5400000|  0%| F|  |TAMS 0x00000000a5300000, 0x00000000a5300000| Untracked 
|  72|0x00000000a5400000, 0x00000000a5400000, 0x00000000a5500000|  0%| F|  |TAMS 0x00000000a5400000, 0x00000000a5400000| Untracked 
|  73|0x00000000a5500000, 0x00000000a5500000, 0x00000000a5600000|  0%| F|  |TAMS 0x00000000a5500000, 0x00000000a5500000| Untracked 
|  74|0x00000000a5600000, 0x00000000a5600000, 0x00000000a5700000|  0%| F|  |TAMS 0x00000000a5600000, 0x00000000a5600000| Untracked 
|  75|0x00000000a5700000, 0x00000000a5700000, 0x00000000a5800000|  0%| F|  |TAMS 0x00000000a5700000, 0x00000000a5700000| Untracked 
|  76|0x00000000a5800000, 0x00000000a5800000, 0x00000000a5900000|  0%| F|  |TAMS 0x00000000a5800000, 0x00000000a5800000| Untracked 
|  77|0x00000000a5900000, 0x00000000a5900000, 0x00000000a5a00000|  0%| F|  |TAMS 0x00000000a5900000, 0x00000000a5900000| Untracked 
|  78|0x00000000a5a00000, 0x00000000a5a00000, 0x00000000a5b00000|  0%| F|  |TAMS 0x00000000a5a00000, 0x00000000a5a00000| Untracked 
|  79|0x00000000a5b00000, 0x00000000a5b00000, 0x00000000a5c00000|  0%| F|  |TAMS 0x00000000a5b00000, 0x00000000a5b00000| Untracked 
|  80|0x00000000a5c00000, 0x00000000a5c00000, 0x00000000a5d00000|  0%| F|  |TAMS 0x00000000a5c00000, 0x00000000a5c00000| Untracked 
|  81|0x00000000a5d00000, 0x00000000a5d00000, 0x00000000a5e00000|  0%| F|  |TAMS 0x00000000a5d00000, 0x00000000a5d00000| Untracked 
|  82|0x00000000a5e00000, 0x00000000a5e00000, 0x00000000a5f00000|  0%| F|  |TAMS 0x00000000a5e00000, 0x00000000a5e00000| Untracked 
|  83|0x00000000a5f00000, 0x00000000a5f00000, 0x00000000a6000000|  0%| F|  |TAMS 0x00000000a5f00000, 0x00000000a5f00000| Untracked 
|  84|0x00000000a6000000, 0x00000000a6000000, 0x00000000a6100000|  0%| F|  |TAMS 0x00000000a6000000, 0x00000000a6000000| Untracked 
|  85|0x00000000a6100000, 0x00000000a6100000, 0x00000000a6200000|  0%| F|  |TAMS 0x00000000a6100000, 0x00000000a6100000| Untracked 
|  86|0x00000000a6200000, 0x00000000a6200000, 0x00000000a6300000|  0%| F|  |TAMS 0x00000000a6200000, 0x00000000a6200000| Untracked 
|  87|0x00000000a6300000, 0x00000000a6300000, 0x00000000a6400000|  0%| F|  |TAMS 0x00000000a6300000, 0x00000000a6300000| Untracked 
|  88|0x00000000a6400000, 0x00000000a6400000, 0x00000000a6500000|  0%| F|  |TAMS 0x00000000a6400000, 0x00000000a6400000| Untracked 
|  89|0x00000000a6500000, 0x00000000a6500000, 0x00000000a6600000|  0%| F|  |TAMS 0x00000000a6500000, 0x00000000a6500000| Untracked 
|  90|0x00000000a6600000, 0x00000000a6600000, 0x00000000a6700000|  0%| F|  |TAMS 0x00000000a6600000, 0x00000000a6600000| Untracked 
|  91|0x00000000a6700000, 0x00000000a6700000, 0x00000000a6800000|  0%| F|  |TAMS 0x00000000a6700000, 0x00000000a6700000| Untracked 
|  92|0x00000000a6800000, 0x00000000a6800000, 0x00000000a6900000|  0%| F|  |TAMS 0x00000000a6800000, 0x00000000a6800000| Untracked 
|  93|0x00000000a6900000, 0x00000000a6900000, 0x00000000a6a00000|  0%| F|  |TAMS 0x00000000a6900000, 0x00000000a6900000| Untracked 
|  94|0x00000000a6a00000, 0x00000000a6a00000, 0x00000000a6b00000|  0%| F|  |TAMS 0x00000000a6a00000, 0x00000000a6a00000| Untracked 
|  95|0x00000000a6b00000, 0x00000000a6b00000, 0x00000000a6c00000|  0%| F|  |TAMS 0x00000000a6b00000, 0x00000000a6b00000| Untracked 

Card table byte_map: [0x0000024cef0a0000,0x0000024cef3a0000] _byte_map_base: 0x0000024ceeb9a000

Marking Bits (Prev, Next): (CMBitMap*) 0x0000024cd83edc90, (CMBitMap*) 0x0000024cd83edc58
 Prev Bits: [0x0000024cf0e70000, 0x0000024cf2640000)
 Next Bits: [0x0000024cef6a0000, 0x0000024cf0e70000)

Polling page: 0x0000024cd6310000

Metaspace:

Usage:
  Non-class:     30.24 MB capacity,    29.41 MB ( 97%) used,   730.16 KB (  2%) free+waste,   117.00 KB ( <1%) overhead. 
      Class:      4.62 MB capacity,     3.89 MB ( 84%) used,   685.34 KB ( 14%) free+waste,    64.81 KB (  1%) overhead. 
       Both:     34.86 MB capacity,    33.30 MB ( 96%) used,     1.38 MB (  4%) free+waste,   181.81 KB ( <1%) overhead. 

Virtual space:
  Non-class space:       32.00 MB reserved,      30.42 MB ( 95%) committed 
      Class space:        1.00 GB reserved,       4.63 MB ( <1%) committed 
             Both:        1.03 GB reserved,      35.05 MB (  3%) committed 

Chunk freelists:
   Non-Class:  7.00 KB
       Class:  896 bytes
        Both:  7.88 KB

CodeHeap 'non-profiled nmethods': size=120000Kb used=1639Kb max_used=1639Kb free=118360Kb
 bounds [0x0000024ce7540000, 0x0000024ce77b0000, 0x0000024ceea70000]
CodeHeap 'profiled nmethods': size=120000Kb used=7559Kb max_used=7559Kb free=112440Kb
 bounds [0x0000024ce0010000, 0x0000024ce0780000, 0x0000024ce7540000]
CodeHeap 'non-nmethods': size=5760Kb used=2230Kb max_used=2264Kb free=3529Kb
 bounds [0x0000024cdfa70000, 0x0000024cdfce0000, 0x0000024ce0010000]
 total_blobs=4356 nmethods=3551 adapters=716
 compilation: enabled
              stopped_count=0, restarted_count=0
 full_count=0

Compilation events (10 events):
Event: 4.304 Thread 0x0000024cf5094800 nmethod 3561 0x0000024ce076b290 code [0x0000024ce076b6e0, 0x0000024ce076da78]
Event: 4.304 Thread 0x0000024cf5094800 3558   !   3       java.lang.invoke.MethodHandles$Lookup::revealDirect (209 bytes)
Event: 4.306 Thread 0x0000024cf5094800 nmethod 3558 0x0000024ce076e610 code [0x0000024ce076e9a0, 0x0000024ce0770078]
Event: 4.306 Thread 0x0000024cf5094800 3559       3       java.lang.invoke.InfoFromMemberName::<init> (72 bytes)
Event: 4.307 Thread 0x0000024cf5094800 nmethod 3559 0x0000024ce0770890 code [0x0000024ce0770a40, 0x0000024ce0770c18]
Event: 4.307 Thread 0x0000024cf5094800 3560       3       java.lang.invoke.AbstractValidatingLambdaMetafactory::isAdaptableToAsReturn (36 bytes)
Event: 4.307 Thread 0x0000024cf5094800 nmethod 3560 0x0000024ce0770d10 code [0x0000024ce0770ee0, 0x0000024ce0771368]
Event: 4.307 Thread 0x0000024cf5094800 3562       3       java.lang.invoke.AbstractValidatingLambdaMetafactory::isAdaptableToAsReturnStrict (34 bytes)
Event: 4.308 Thread 0x0000024cf5094800 nmethod 3562 0x0000024ce0771490 code [0x0000024ce0771660, 0x0000024ce0771be8]
Event: 4.363 Thread 0x0000024cf7bc0800 nmethod 3463 0x0000024ce76d2090 code [0x0000024ce76d2620, 0x0000024ce76d72e8]

GC Heap History (9 events):
Event: 1.254 GC heap before
{Heap before GC invocations=0 (full 0):
 garbage-first heap   total 98304K, used 26624K [0x00000000a0c00000, 0x0000000100000000)
  region size 1024K, 24 young (24576K), 0 survivors (0K)
 Metaspace       used 15605K, capacity 16229K, committed 16512K, reserved 1064960K
  class space    used 1570K, capacity 1805K, committed 1920K, reserved 1048576K
}
Event: 1.265 GC heap after
{Heap after GC invocations=1 (full 0):
 garbage-first heap   total 98304K, used 4259K [0x00000000a0c00000, 0x0000000100000000)
  region size 1024K, 3 young (3072K), 3 survivors (3072K)
 Metaspace       used 15605K, capacity 16229K, committed 16512K, reserved 1064960K
  class space    used 1570K, capacity 1805K, committed 1920K, reserved 1048576K
}
Event: 1.806 GC heap before
{Heap before GC invocations=1 (full 0):
 garbage-first heap   total 98304K, used 20643K [0x00000000a0c00000, 0x0000000100000000)
  region size 1024K, 20 young (20480K), 3 survivors (3072K)
 Metaspace       used 20492K, capacity 21179K, committed 21296K, reserved 1069056K
  class space    used 2092K, capacity 2373K, committed 2432K, reserved 1048576K
}
Event: 1.819 GC heap after
{Heap after GC invocations=2 (full 0):
 garbage-first heap   total 98304K, used 6853K [0x00000000a0c00000, 0x0000000100000000)
  region size 1024K, 6 young (6144K), 6 survivors (6144K)
 Metaspace       used 20492K, capacity 21179K, committed 21296K, reserved 1069056K
  class space    used 2092K, capacity 2373K, committed 2432K, reserved 1048576K
}
Event: 2.437 GC heap before
{Heap before GC invocations=3 (full 0):
 garbage-first heap   total 98304K, used 33477K [0x00000000a0c00000, 0x0000000100000000)
  region size 1024K, 32 young (32768K), 6 survivors (6144K)
 Metaspace       used 23673K, capacity 24734K, committed 25008K, reserved 1071104K
  class space    used 2546K, capacity 3037K, committed 3072K, reserved 1048576K
}
Event: 2.458 GC heap after
{Heap after GC invocations=4 (full 0):
 garbage-first heap   total 98304K, used 11584K [0x00000000a0c00000, 0x0000000100000000)
  region size 1024K, 4 young (4096K), 4 survivors (4096K)
 Metaspace       used 23673K, capacity 24734K, committed 25008K, reserved 1071104K
  class space    used 2546K, capacity 3037K, committed 3072K, reserved 1048576K
}
Event: 2.927 GC heap before
{Heap before GC invocations=4 (full 0):
 garbage-first heap   total 98304K, used 48448K [0x00000000a0c00000, 0x0000000100000000)
  region size 1024K, 41 young (41984K), 4 survivors (4096K)
 Metaspace       used 27135K, capacity 28332K, committed 28464K, reserved 1075200K
  class space    used 2942K, capacity 3443K, committed 3456K, reserved 1048576K
}
Event: 2.946 GC heap after
{Heap after GC invocations=5 (full 0):
 garbage-first heap   total 98304K, used 16241K [0x00000000a0c00000, 0x0000000100000000)
  region size 1024K, 5 young (5120K), 5 survivors (5120K)
 Metaspace       used 27135K, capacity 28332K, committed 28464K, reserved 1075200K
  class space    used 2942K, capacity 3443K, committed 3456K, reserved 1048576K
}
Event: 4.408 GC heap before
{Heap before GC invocations=5 (full 0):
 garbage-first heap   total 98304K, used 56177K [0x00000000a0c00000, 0x0000000100000000)
  region size 1024K, 45 young (46080K), 5 survivors (5120K)
 Metaspace       used 34099K, capacity 35697K, committed 35888K, reserved 1081344K
  class space    used 3978K, capacity 4729K, committed 4736K, reserved 1048576K
}

Deoptimization events (10 events):
Event: 3.442 Thread 0x0000024cd83ba800 Uncommon trap: reason=bimorphic_or_optimized_type_check action=maybe_recompile pc=0x0000024ce76a4cc8 method=java.util.regex.Pattern$Branch.match(Ljava/util/regex/Matcher;ILjava/lang/CharSequence;)Z @ 32 c2
Event: 3.455 Thread 0x0000024cd83ba800 Uncommon trap: reason=unstable_if action=reinterpret pc=0x0000024ce75ca4a4 method=java.util.concurrent.ConcurrentHashMap.putVal(Ljava/lang/Object;Ljava/lang/Object;Z)Ljava/lang/Object; @ 231 c2
Event: 3.995 Thread 0x0000024cd83ba800 Uncommon trap: reason=unstable_if action=reinterpret pc=0x0000024ce76ad97c method=java.lang.CharacterData.of(I)Ljava/lang/CharacterData; @ 4 c2
Event: 4.048 Thread 0x0000024cd83ba800 Uncommon trap: reason=class_check action=maybe_recompile pc=0x0000024ce75fd250 method=org.codehaus.groovy.util.ManagedReference.get()Ljava/lang/Object; @ 4 c2
Event: 4.148 Thread 0x0000024cd83ba800 Uncommon trap: reason=profile_predicate action=maybe_recompile pc=0x0000024ce76b6cbc method=java.lang.PublicMethods$MethodList.filter([Ljava/lang/reflect/Method;Ljava/lang/String;[Ljava/lang/Class;Z)Ljava/lang/PublicMethods$MethodList; @ 21 c2
Event: 4.148 Thread 0x0000024cd83ba800 Uncommon trap: reason=profile_predicate action=maybe_recompile pc=0x0000024ce76b6cbc method=java.lang.PublicMethods$MethodList.filter([Ljava/lang/reflect/Method;Ljava/lang/String;[Ljava/lang/Class;Z)Ljava/lang/PublicMethods$MethodList; @ 21 c2
Event: 4.149 Thread 0x0000024cd83ba800 Uncommon trap: reason=unstable_if action=reinterpret pc=0x0000024ce76c710c method=org.codehaus.groovy.runtime.metaclass.MetaMethodIndex.isOverridden(Lgroovy/lang/MetaMethod;Lgroovy/lang/MetaMethod;)Z @ 33 c2
Event: 4.161 Thread 0x0000024cd83ba800 Uncommon trap: reason=profile_predicate action=maybe_recompile pc=0x0000024ce76b6cbc method=java.lang.PublicMethods$MethodList.filter([Ljava/lang/reflect/Method;Ljava/lang/String;[Ljava/lang/Class;Z)Ljava/lang/PublicMethods$MethodList; @ 21 c2
Event: 4.162 Thread 0x0000024cd83ba800 Uncommon trap: reason=profile_predicate action=maybe_recompile pc=0x0000024ce76b6cbc method=java.lang.PublicMethods$MethodList.filter([Ljava/lang/reflect/Method;Ljava/lang/String;[Ljava/lang/Class;Z)Ljava/lang/PublicMethods$MethodList; @ 21 c2
Event: 4.225 Thread 0x0000024cd83ba800 Uncommon trap: reason=class_check action=maybe_recompile pc=0x0000024ce766f7c0 method=java.util.regex.Matcher.search(I)Z @ 121 c2

Classes redefined (0 events):
No events

Internal exceptions (10 events):
Event: 4.210 Thread 0x0000024cd83ba800 Exception <a 'java/lang/ClassNotFoundException'{0x00000000a4a3c018}: java/lang/CharacterBeanInfo> (0x00000000a4a3c018) thrown at [./open/src/hotspot/share/classfile/systemDictionary.cpp, line 226]
Event: 4.210 Thread 0x0000024cd83ba800 Exception <a 'java/lang/ClassNotFoundException'{0x00000000a4a3d550}: java/lang/CharacterCustomizer> (0x00000000a4a3d550) thrown at [./open/src/hotspot/share/classfile/systemDictionary.cpp, line 226]
Event: 4.216 Thread 0x0000024cd83ba800 Exception <a 'java/lang/ClassNotFoundException'{0x00000000a4a86e70}: org/apache/commons/lang3/math/NumberUtilsBeanInfo> (0x00000000a4a86e70) thrown at [./open/src/hotspot/share/classfile/systemDictionary.cpp, line 226]
Event: 4.217 Thread 0x0000024cd83ba800 Exception <a 'java/lang/ClassNotFoundException'{0x00000000a4a8d950}: org/apache/commons/lang3/math/NumberUtilsCustomizer> (0x00000000a4a8d950) thrown at [./open/src/hotspot/share/classfile/systemDictionary.cpp, line 226]
Event: 4.231 Thread 0x0000024cd83ba800 Exception <a 'java/lang/ClassNotFoundException'{0x00000000a4902200}: groovy/lang/BindingBeanInfo> (0x00000000a4902200) thrown at [./open/src/hotspot/share/classfile/systemDictionary.cpp, line 226]
Event: 4.232 Thread 0x0000024cd83ba800 Exception <a 'java/lang/ClassNotFoundException'{0x00000000a4913d68}: groovy/lang/BindingCustomizer> (0x00000000a4913d68) thrown at [./open/src/hotspot/share/classfile/systemDictionary.cpp, line 226]
Event: 4.237 Thread 0x0000024cd83ba800 Exception <a 'java/lang/ClassNotFoundException'{0x00000000a4946a48}: groovy/lang/GroovyShellBeanInfo> (0x00000000a4946a48) thrown at [./open/src/hotspot/share/classfile/systemDictionary.cpp, line 226]
Event: 4.237 Thread 0x0000024cd83ba800 Exception <a 'java/lang/ClassNotFoundException'{0x00000000a4958728}: groovy/lang/GroovyShellCustomizer> (0x00000000a4958728) thrown at [./open/src/hotspot/share/classfile/systemDictionary.cpp, line 226]
Event: 4.261 Thread 0x0000024cd83ba800 Exception <a 'java/lang/NoSuchMethodError'{0x00000000a49e97a0}: java.lang.invoke.DirectMethodHandle$Holder.invokeVirtual(Ljava/lang/Object;Ljava/lang/Object;)V> (0x00000000a49e97a0) thrown at [./open/src/hotspot/share/interpreter/linkResolver.cpp, line 77
Event: 4.263 Thread 0x0000024cd83ba800 Exception <a 'java/lang/NoSuchMethodError'{0x00000000a49f1d10}: java.lang.invoke.DirectMethodHandle$Holder.invokeSpecial(Ljava/lang/Object;Ljava/lang/Object;Ljava/lang/Object;Ljava/lang/Object;Ljava/lang/Object;)V> (0x00000000a49f1d10) thrown at [./open/s

Events (10 events):
Event: 4.405 loading class org/apache/groovy/parser/antlr4/GroovyLexer done
Event: 4.406 loading class org/apache/groovy/parser/antlr4/AbstractLexer
Event: 4.406 loading class org/apache/groovy/parser/antlr4/AbstractLexer done
Event: 4.406 loading class org/apache/groovy/parser/antlr4/SyntaxErrorReportable
Event: 4.406 loading class org/apache/groovy/parser/antlr4/SyntaxErrorReportable done
Event: 4.407 loading class groovyjarjarantlr4/v4/runtime/Lexer
Event: 4.407 loading class groovyjarjarantlr4/v4/runtime/Lexer done
Event: 4.407 loading class groovyjarjarantlr4/v4/runtime/Recognizer
Event: 4.407 loading class groovyjarjarantlr4/v4/runtime/Recognizer done
Event: 4.408 Executing VM operation: CollectForMetadataAllocation


Dynamic libraries:
0x00007ff747fc0000 - 0x00007ff747fcf000 	C:\Program Files\jdk-11.0.16.1\bin\java.exe
0x00007ffa51470000 - 0x00007ffa51668000 	C:\WINDOWS\SYSTEM32\ntdll.dll
0x00007ffa50170000 - 0x00007ffa5022f000 	C:\WINDOWS\System32\KERNEL32.DLL
0x00007ffa4ee30000 - 0x00007ffa4f102000 	C:\WINDOWS\System32\KERNELBASE.dll
0x00007ffa4eb90000 - 0x00007ffa4ec90000 	C:\WINDOWS\System32\ucrtbase.dll
0x00007ffa4a710000 - 0x00007ffa4a725000 	C:\Program Files\jdk-11.0.16.1\bin\VCRUNTIME140.dll
0x00007ffa4a730000 - 0x00007ffa4a748000 	C:\Program Files\jdk-11.0.16.1\bin\jli.dll
0x00007ffa50260000 - 0x00007ffa5030e000 	C:\WINDOWS\System32\ADVAPI32.dll
0x00007ffa4f640000 - 0x00007ffa4f6de000 	C:\WINDOWS\System32\msvcrt.dll
0x00007ffa50620000 - 0x00007ffa506bc000 	C:\WINDOWS\System32\sechost.dll
0x00007ffa4f4b0000 - 0x00007ffa4f5d5000 	C:\WINDOWS\System32\RPCRT4.dll
0x00007ffa4fe10000 - 0x00007ffa4ffb1000 	C:\WINDOWS\System32\USER32.dll
0x00007ffa4ec90000 - 0x00007ffa4ecb2000 	C:\WINDOWS\System32\win32u.dll
0x00007ffa3c320000 - 0x00007ffa3c5ba000 	C:\WINDOWS\WinSxS\amd64_microsoft.windows.common-controls_6595b64144ccf1df_6.0.19041.1110_none_60b5254171f9507e\COMCTL32.dll
0x00007ffa4f740000 - 0x00007ffa4f76b000 	C:\WINDOWS\System32\GDI32.dll
0x00007ffa4f110000 - 0x00007ffa4f21f000 	C:\WINDOWS\System32\gdi32full.dll
0x00007ffa4f410000 - 0x00007ffa4f4ad000 	C:\WINDOWS\System32\msvcp_win.dll
0x00007ffa466e0000 - 0x00007ffa466ea000 	C:\WINDOWS\SYSTEM32\VERSION.dll
0x00007ffa50450000 - 0x00007ffa50482000 	C:\WINDOWS\System32\IMM32.DLL
0x00007ffa4a670000 - 0x00007ffa4a70b000 	C:\Program Files\jdk-11.0.16.1\bin\msvcp140.dll
0x00007ff9fad80000 - 0x00007ff9fb898000 	C:\Program Files\jdk-11.0.16.1\bin\server\jvm.dll
0x00007ffa504f0000 - 0x00007ffa504f8000 	C:\WINDOWS\System32\PSAPI.DLL
0x00007ffa4b0a0000 - 0x00007ffa4b0a9000 	C:\WINDOWS\SYSTEM32\WSOCK32.dll
0x00007ffa43b30000 - 0x00007ffa43b57000 	C:\WINDOWS\SYSTEM32\WINMM.dll
0x00007ffa503e0000 - 0x00007ffa5044b000 	C:\WINDOWS\System32\WS2_32.dll
0x00007ffa4c9e0000 - 0x00007ffa4c9f2000 	C:\WINDOWS\SYSTEM32\kernel.appcore.dll
0x00007ffa4a660000 - 0x00007ffa4a670000 	C:\Program Files\jdk-11.0.16.1\bin\verify.dll
0x00007ffa466f0000 - 0x00007ffa468d4000 	C:\WINDOWS\SYSTEM32\DBGHELP.DLL
0x00007ffa3b560000 - 0x00007ffa3b595000 	C:\WINDOWS\SYSTEM32\dbgcore.DLL
0x00007ffa4f380000 - 0x00007ffa4f402000 	C:\WINDOWS\System32\bcryptPrimitives.dll
0x00007ffa476e0000 - 0x00007ffa47708000 	C:\Program Files\jdk-11.0.16.1\bin\java.dll
0x00007ffa498d0000 - 0x00007ffa498da000 	C:\Program Files\jdk-11.0.16.1\bin\jimage.dll
0x00007ffa47660000 - 0x00007ffa4766e000 	C:\Program Files\jdk-11.0.16.1\bin\instrument.dll
0x00007ffa476c0000 - 0x00007ffa476d6000 	C:\Program Files\jdk-11.0.16.1\bin\zip.dll
0x00007ffa50c00000 - 0x00007ffa51345000 	C:\WINDOWS\System32\SHELL32.dll
0x00007ffa4cbe0000 - 0x00007ffa4d372000 	C:\WINDOWS\SYSTEM32\windows.storage.dll
0x00007ffa50740000 - 0x00007ffa50a95000 	C:\WINDOWS\System32\combase.dll
0x00007ffa4e4e0000 - 0x00007ffa4e510000 	C:\WINDOWS\SYSTEM32\Wldp.dll
0x00007ffa50b50000 - 0x00007ffa50bfd000 	C:\WINDOWS\System32\SHCORE.dll
0x00007ffa4f5e0000 - 0x00007ffa4f635000 	C:\WINDOWS\System32\shlwapi.dll
0x00007ffa4eaa0000 - 0x00007ffa4eabf000 	C:\WINDOWS\SYSTEM32\profapi.dll
0x00007ffa47690000 - 0x00007ffa476a9000 	C:\Program Files\jdk-11.0.16.1\bin\net.dll
0x00007ffa472d0000 - 0x00007ffa473dc000 	C:\WINDOWS\SYSTEM32\WINHTTP.dll
0x00007ffa4e1f0000 - 0x00007ffa4e25a000 	C:\WINDOWS\system32\mswsock.dll
0x00007ffa470a0000 - 0x00007ffa470b2000 	C:\Program Files\jdk-11.0.16.1\bin\nio.dll
0x00007ffa47080000 - 0x00007ffa4709a000 	C:\Users\ASUS\IntelliJ IDEA Community Edition 2022.3\bin\breakgen64.dll
0x00007ffa4e410000 - 0x00007ffa4e428000 	C:\WINDOWS\SYSTEM32\CRYPTSP.dll
0x00007ffa4db20000 - 0x00007ffa4db54000 	C:\WINDOWS\system32\rsaenh.dll
0x00007ffa4eb60000 - 0x00007ffa4eb87000 	C:\WINDOWS\System32\bcrypt.dll
0x00007ffa4ea20000 - 0x00007ffa4ea4e000 	C:\WINDOWS\SYSTEM32\USERENV.dll
0x00007ffa4e430000 - 0x00007ffa4e43c000 	C:\WINDOWS\SYSTEM32\CRYPTBASE.dll
0x00007ffa4df00000 - 0x00007ffa4df3b000 	C:\WINDOWS\SYSTEM32\IPHLPAPI.DLL
0x00007ffa50250000 - 0x00007ffa50258000 	C:\WINDOWS\System32\NSI.dll
0x00007ffa454f0000 - 0x00007ffa45507000 	C:\WINDOWS\SYSTEM32\dhcpcsvc6.DLL
0x00007ffa47400000 - 0x00007ffa4741d000 	C:\WINDOWS\SYSTEM32\dhcpcsvc.DLL
0x00007ffa4df40000 - 0x00007ffa4e00b000 	C:\WINDOWS\SYSTEM32\DNSAPI.dll
0x00007ffa47040000 - 0x00007ffa4704d000 	C:\Program Files\jdk-11.0.16.1\bin\sunmscapi.dll
0x00007ffa4f220000 - 0x00007ffa4f376000 	C:\WINDOWS\System32\CRYPT32.dll
0x00007ffa4e550000 - 0x00007ffa4e577000 	C:\WINDOWS\SYSTEM32\ncrypt.dll
0x00007ffa4e510000 - 0x00007ffa4e54b000 	C:\WINDOWS\SYSTEM32\NTASN1.dll
0x00007ffa46e40000 - 0x00007ffa46e65000 	C:\Program Files\jdk-11.0.16.1\bin\sunec.dll
0x0000000060800000 - 0x0000000060826000 	C:\Program Files\Bonjour\mdnsNSP.dll
0x00007ffa3e530000 - 0x00007ffa3e53a000 	C:\Windows\System32\rasadhlp.dll
0x00007ffa417a0000 - 0x00007ffa41820000 	C:\WINDOWS\System32\fwpuclnt.dll

dbghelp: loaded successfully - version: 4.0.5 - missing functions: none
symbol engine: initialized successfully - sym options: 0x614 - pdb path: .;C:\Program Files\jdk-11.0.16.1\bin;C:\WINDOWS\SYSTEM32;C:\WINDOWS\WinSxS\amd64_microsoft.windows.common-controls_6595b64144ccf1df_6.0.19041.1110_none_60b5254171f9507e;C:\Program Files\jdk-11.0.16.1\bin\server;C:\Users\ASUS\IntelliJ IDEA Community Edition 2022.3\bin;C:\Program Files\Bonjour

VM Arguments:
jvm_args: -ea -Didea.test.cyclic.buffer.size=1048576 -javaagent:C:\Users\ASUS\IntelliJ IDEA Community Edition 2022.3\lib\idea_rt.jar=53949:C:\Users\ASUS\IntelliJ IDEA Community Edition 2022.3\bin -Dfile.encoding=UTF-8 
java_command: com.intellij.rt.testng.RemoteTestNGStarter -usedefaultlisteners false -socket53948 @w@C:\Users\ASUS\AppData\Local\Temp\idea_working_dirs_testng1.tmp -temp C:\Users\ASUS\AppData\Local\Temp\idea_testng1.tmp
java_class_path (initial): C:\Users\ASUS\IntelliJ IDEA Community Edition 2022.3\lib\idea_rt.jar;C:\Users\ASUS\IntelliJ IDEA Community Edition 2022.3\plugins\testng\lib\testng-rt.jar;C:\Users\ASUS\IdeaProjects\APITesting\target\test-classes;C:\Users\ASUS\.m2\repository\org\testng\testng\7.6.0\testng-7.6.0.jar;C:\Users\ASUS\.m2\repository\com\google\code\findbugs\jsr305\3.0.2\jsr305-3.0.2.jar;C:\Users\ASUS\.m2\repository\org\slf4j\slf4j-api\1.7.36\slf4j-api-1.7.36.jar;C:\Users\ASUS\.m2\repository\com\beust\jcommander\1.82\jcommander-1.82.jar;C:\Users\ASUS\.m2\repository\org\webjars\jquery\3.6.0\jquery-3.6.0.jar;C:\Users\ASUS\.m2\repository\io\rest-assured\rest-assured\5.3.0\rest-assured-5.3.0.jar;C:\Users\ASUS\.m2\repository\org\apache\groovy\groovy\4.0.6\groovy-4.0.6.jar;C:\Users\ASUS\.m2\repository\org\apache\groovy\groovy-xml\4.0.6\groovy-xml-4.0.6.jar;C:\Users\ASUS\.m2\repository\org\apache\httpcomponents\httpclient\4.5.13\httpclient-4.5.13.jar;C:\Users\ASUS\.m2\repository\org\apache\httpcomponents\httpcore\4.4.13\httpcore-4.4.13.jar;C:\Users\ASUS\.m2\repository\commons-logging\commons-logging\1.2\commons-logging-1.2.jar;C:\Users\ASUS\.m2\repository\commons-codec\commons-codec\1.11\commons-codec-1.11.jar;C:\Users\ASUS\.m2\repository\org\apache\httpcomponents\httpmime\4.5.13\httpmime-4.5.13.jar;C:\Users\ASUS\.m2\repository\org\hamcrest\hamcrest\2.1\hamcrest-2.1.jar;C:\Users\ASUS\.m2\repository\org\ccil\cowan\tagsoup\tagsoup\1.2.1\tagsoup-1.2.1.jar;C:\Users\ASUS\.m2\repository\io\rest-assured\json-path\5.3.0\json-path-5.3.0.jar;C:\Users\ASUS\.m2\repository\org\apache\groovy\groovy-json\4.0.6\groovy-json-4.0.6.jar;C:\Users\ASUS\.m2\repository\io\rest-assured\rest-assured-common\5.3.0\rest-assured-common-5.3.0.jar;C:\Users\ASUS\.m2\repository\io\rest-assured\xml-path\5.3.0\xml-path-5.3.0.jar;C:\Users\ASUS\.m2\repository\org\apache\commons\commons-lang3\3.11\commons-lang3-3.11.jar;C:\Users\ASUS\.m2\repository\com\fasterxml\jackson\core\jackson-databind\2.14.2\jackson
Launcher Type: SUN_STANDARD

[Global flags]
     intx CICompilerCount                          = 4                                         {product} {ergonomic}
     uint ConcGCThreads                            = 2                                         {product} {ergonomic}
     uint G1ConcRefinementThreads                  = 8                                         {product} {ergonomic}
   size_t G1HeapRegionSize                         = 1048576                                   {product} {ergonomic}
    uintx GCDrainStackTargetSize                   = 64                                        {product} {ergonomic}
   size_t InitialHeapSize                          = 100663296                                 {product} {ergonomic}
   size_t MarkStackSize                            = 4194304                                   {product} {ergonomic}
   size_t MaxHeapSize                              = 1598029824                                {product} {ergonomic}
   size_t MaxNewSize                               = 958398464                                 {product} {ergonomic}
   size_t MinHeapDeltaBytes                        = 1048576                                   {product} {ergonomic}
    uintx NonNMethodCodeHeapSize                   = 5836300                                {pd product} {ergonomic}
    uintx NonProfiledCodeHeapSize                  = 122910970                              {pd product} {ergonomic}
    uintx ProfiledCodeHeapSize                     = 122910970                              {pd product} {ergonomic}
    uintx ReservedCodeCacheSize                    = 251658240                              {pd product} {ergonomic}
     bool SegmentedCodeCache                       = true                                      {product} {ergonomic}
     bool UseCompressedClassPointers               = true                                 {lp64_product} {ergonomic}
     bool UseCompressedOops                        = true                                 {lp64_product} {ergonomic}
     bool UseG1GC                                  = true                                      {product} {ergonomic}
     bool UseLargePagesIndividualAllocation        = false                                  {pd product} {ergonomic}

Logging:
Log output configuration:
 #0: stdout all=warning uptime,level,tags
 #1: stderr all=off uptime,level,tags

Environment Variables:
PATH=C:\WINDOWS\system32;C:\WINDOWS;C:\WINDOWS\System32\Wbem;C:\WINDOWS\System32\WindowsPowerShell\v1.0\;C:\WINDOWS\System32\OpenSSH\;C:\Program Files\Git\cmd;C:\Program Files\jdk-11.0.16.1\bin;C:\Program Files\apache-maven-3.8.7\bin;;C:\Program Files\Docker\Docker\resources\bin;C:\Program Files\MySQL\MySQL Shell 8.0\bin\;C:\Users\ASUS\AppData\Local\Microsoft\WindowsApps;;C:\Users\ASUS\IntelliJ IDEA Community Edition 2022.3\bin;;C:\Users\ASUS\AppData\Local\Programs\Microsoft VS Code\bin
USERNAME=ASUS
OS=Windows_NT
PROCESSOR_IDENTIFIER=AMD64 Family 23 Model 24 Stepping 1, AuthenticAMD



---------------  S Y S T E M  ---------------

OS: Windows 10 , 64 bit Build 19041 (10.0.19041.2546)
Hyper-V role detected

CPU:total 8 (initial active 8) (8 cores per cpu, 2 threads per core) family 23 model 24 stepping 1 microcode 0x0, cmov, cx8, fxsr, mmx, sse, sse2, sse3, ssse3, sse4.1, sse4.2, popcnt, avx, avx2, aes, clmul, mmxext, 3dnowpref, lzcnt, sse4a, ht, tsc, tscinvbit, tscinv, bmi1, bmi2, adx, s

Memory: 4k page, system-wide physical 6091M (619M free)
TotalPageFile size 8107M (AvailPageFile size 3M)
current process WorkingSet (physical memory assigned to process): 197M, peak: 197M
current process commit charge ("private bytes"): 265M, peak: 285M

vm_info: Java HotSpot(TM) 64-Bit Server VM (11.0.16.1+1-LTS-1) for windows-amd64 JRE (11.0.16.1+1-LTS-1), built on Aug 16 2022 01:46:01 by "mach5one" with MS VC++ 15.9 (VS2017)

END.
