#
# There is insufficient memory for the Java Runtime Environment to continue.
# Native memory allocation (malloc) failed to allocate 1227056 bytes for Chunk::new
# Possible reasons:
#   The system is out of physical RAM or swap space
#   The process is running with CompressedOops enabled, and the Java Heap may be blocking the growth of the native heap
# Possible solutions:
#   Reduce memory load on the system
#   Increase physical memory or swap space
#   Check if swap backing store is full
#   Decrease Java heap size (-Xmx/-Xms)
#   Decrease number of Java threads
#   Decrease Java thread stack sizes (-Xss)
#   Set larger code cache with -XX:ReservedCodeCacheSize=
#   JVM is running with Unscaled Compressed Oops mode in which the Java heap is
#     placed in the first 4GB address space. The Java Heap base address is the
#     maximum limit for the native heap growth. Please use -XX:HeapBaseMinAddress
#     to set the Java Heap base and to place the Java Heap above 4GB virtual address.
# This output file may be truncated or incomplete.
#
#  Out of Memory Error (./open/src/hotspot/share/memory/arena.cpp:197), pid=2864, tid=15104
#
# JRE version: Java(TM) SE Runtime Environment 18.9 (11.0.16.1+1) (build 11.0.16.1+1-LTS-1)
# Java VM: Java HotSpot(TM) 64-Bit Server VM 18.9 (11.0.16.1+1-LTS-1, mixed mode, tiered, compressed oops, g1 gc, windows-amd64)
# No core dump will be written. Minidumps are not enabled by default on client versions of Windows
#

---------------  S U M M A R Y ------------

Command Line: -ea -Didea.test.cyclic.buffer.size=1048576 -javaagent:C:\Users\ASUS\IntelliJ IDEA Community Edition 2022.3\lib\idea_rt.jar=54717:C:\Users\ASUS\IntelliJ IDEA Community Edition 2022.3\bin -Dfile.encoding=UTF-8 com.intellij.rt.testng.RemoteTestNGStarter -usedefaultlisteners false -socket54716 @w@C:\Users\ASUS\AppData\Local\Temp\idea_working_dirs_testng9.tmp -temp C:\Users\ASUS\AppData\Local\Temp\idea_testng9.tmp

Host: AMD Ryzen 5 3500U with Radeon Vega Mobile Gfx  , 8 cores, 5G,  Windows 10 , 64 bit Build 19041 (10.0.19041.2546)
Time: Sun Mar  5 18:56:35 2023  Windows 10 , 64 bit Build 19041 (10.0.19041.2546) elapsed time: 5.016255 seconds (0d 0h 0m 5s)

---------------  T H R E A D  ---------------

Current thread (0x00000254d5185800):  JavaThread "C2 CompilerThread1" daemon [_thread_in_native, id=15104, stack(0x0000009aaae00000,0x0000009aaaf00000)]


Current CompileTask:
C2:   5016 3576   !   4       jdk.internal.loader.BuiltinClassLoader::loadClassOrNull (143 bytes)

Stack: [0x0000009aaae00000,0x0000009aaaf00000]
Native frames: (J=compiled Java code, j=interpreted, Vv=VM code, C=native code)
V  [jvm.dll+0x62a3da]
V  [jvm.dll+0x76407f]
V  [jvm.dll+0x765729]
V  [jvm.dll+0x765db3]
V  [jvm.dll+0x23dc18]
V  [jvm.dll+0xb2a1c]
V  [jvm.dll+0xb2fdc]
V  [jvm.dll+0x2ae994]
V  [jvm.dll+0x53d98b]
V  [jvm.dll+0x200a07]
V  [jvm.dll+0x1fa79a]
V  [jvm.dll+0x1f774d]
V  [jvm.dll+0x177c81]
V  [jvm.dll+0x207186]
V  [jvm.dll+0x20531b]
V  [jvm.dll+0x729f60]
V  [jvm.dll+0x722b34]
V  [jvm.dll+0x629276]
C  [ucrtbase.dll+0x21bb2]
C  [KERNEL32.DLL+0x17614]
C  [ntdll.dll+0x526a1]


---------------  P R O C E S S  ---------------

Threads class SMR info:
_java_thread_list=0x00000254d55dc400, length=15, elements={
0x00000254b4ada800, 0x00000254d1790800, 0x00000254d1799800, 0x00000254d2133000,
0x00000254d17b0800, 0x00000254d17b2800, 0x00000254d17b7800, 0x00000254d17bc800,
0x00000254d2154000, 0x00000254d2292000, 0x00000254d2482000, 0x00000254d348f800,
0x00000254d4068800, 0x00000254d3c56000, 0x00000254d5185800
}

Java Threads: ( => current thread )
  0x00000254b4ada800 JavaThread "main" [_thread_in_vm, id=13636, stack(0x0000009aa9e00000,0x0000009aa9f00000)]
  0x00000254d1790800 JavaThread "Reference Handler" daemon [_thread_blocked, id=13360, stack(0x0000009aaa500000,0x0000009aaa600000)]
  0x00000254d1799800 JavaThread "Finalizer" daemon [_thread_blocked, id=14308, stack(0x0000009aaa600000,0x0000009aaa700000)]
  0x00000254d2133000 JavaThread "Signal Dispatcher" daemon [_thread_blocked, id=13304, stack(0x0000009aaa700000,0x0000009aaa800000)]
  0x00000254d17b0800 JavaThread "Attach Listener" daemon [_thread_blocked, id=9872, stack(0x0000009aaa800000,0x0000009aaa900000)]
  0x00000254d17b2800 JavaThread "Service Thread" daemon [_thread_blocked, id=10100, stack(0x0000009aaa900000,0x0000009aaaa00000)]
  0x00000254d17b7800 JavaThread "C2 CompilerThread0" daemon [_thread_in_native, id=8900, stack(0x0000009aaaa00000,0x0000009aaab00000)]
  0x00000254d17bc800 JavaThread "C1 CompilerThread0" daemon [_thread_blocked, id=1644, stack(0x0000009aaab00000,0x0000009aaac00000)]
  0x00000254d2154000 JavaThread "Sweeper thread" daemon [_thread_blocked, id=15624, stack(0x0000009aaac00000,0x0000009aaad00000)]
  0x00000254d2292000 JavaThread "Common-Cleaner" daemon [_thread_blocked, id=14148, stack(0x0000009aaad00000,0x0000009aaae00000)]
  0x00000254d2482000 JavaThread "Monitor Ctrl-Break" daemon [_thread_in_native, id=13656, stack(0x0000009aaaf00000,0x0000009aab000000)]
  0x00000254d348f800 JavaThread "ForkJoinPool.commonPool-worker-3" daemon [_thread_blocked, id=2772, stack(0x0000009aab400000,0x0000009aab500000)]
  0x00000254d4068800 JavaThread "ForkJoinPool.commonPool-worker-5" daemon [_thread_blocked, id=12448, stack(0x0000009aab500000,0x0000009aab600000)]
  0x00000254d3c56000 JavaThread "ForkJoinPool.commonPool-worker-7" daemon [_thread_blocked, id=2368, stack(0x0000009aab600000,0x0000009aab700000)]
=>0x00000254d5185800 JavaThread "C2 CompilerThread1" daemon [_thread_in_native, id=15104, stack(0x0000009aaae00000,0x0000009aaaf00000)]

Other Threads:
  0x00000254d176b800 VMThread "VM Thread" [stack: 0x0000009aaa400000,0x0000009aaa500000] [id=2428]
  0x00000254d2484000 WatcherThread [stack: 0x0000009aab000000,0x0000009aab100000] [id=9768]
  0x00000254b4aef000 GCTaskThread "GC Thread#0" [stack: 0x0000009aa9f00000,0x0000009aaa000000] [id=3864]
  0x00000254d2b74800 GCTaskThread "GC Thread#1" [stack: 0x0000009aab100000,0x0000009aab200000] [id=14752]
  0x00000254b4b16800 ConcurrentGCThread "G1 Main Marker" [stack: 0x0000009aaa000000,0x0000009aaa100000] [id=15788]
  0x00000254b4b19000 ConcurrentGCThread "G1 Conc#0" [stack: 0x0000009aaa100000,0x0000009aaa200000] [id=15648]
  0x00000254d3bd9000 ConcurrentGCThread "G1 Conc#1" [stack: 0x0000009aab300000,0x0000009aab400000] [id=3764]
  0x00000254b4b9e000 ConcurrentGCThread "G1 Refine#0" [stack: 0x0000009aaa200000,0x0000009aaa300000] [id=10040]
  0x00000254b4b9f000 ConcurrentGCThread "G1 Young RemSet Sampling" [stack: 0x0000009aaa300000,0x0000009aaa400000] [id=14448]

Threads with active compile tasks:
C2 CompilerThread0     5070 3683   !   4       java.net.URL::<init> (543 bytes)
C2 CompilerThread1     5070 3576   !   4       jdk.internal.loader.BuiltinClassLoader::loadClassOrNull (143 bytes)

VM state:not at safepoint (normal execution)

VM Mutex/Monitor currently owned by a thread: None

Heap address: 0x00000000a0c00000, size: 1524 MB, Compressed Oops mode: 32-bit
Narrow klass base: 0x0000000000000000, Narrow klass shift: 3
Compressed class space size: 1073741824 Address: 0x0000000100000000

Heap:
 garbage-first heap   total 118784K, used 27184K [0x00000000a0c00000, 0x0000000100000000)
  region size 1024K, 12 young (12288K), 5 survivors (5120K)
 Metaspace       used 35459K, capacity 37043K, committed 37328K, reserved 1081344K
  class space    used 4204K, capacity 4964K, committed 4992K, reserved 1048576K
Heap Regions: E=young(eden), S=young(survivor), O=old, HS=humongous(starts), HC=humongous(continues), CS=collection set, F=free, A=archive, TAMS=top-at-mark-start (previous, next)
|   0|0x00000000a0c00000, 0x00000000a0d00000, 0x00000000a0d00000|100%| O|  |TAMS 0x00000000a0d00000, 0x00000000a0c00000| Untracked 
|   1|0x00000000a0d00000, 0x00000000a0e00000, 0x00000000a0e00000|100%| O|  |TAMS 0x00000000a0e00000, 0x00000000a0d00000| Untracked 
|   2|0x00000000a0e00000, 0x00000000a0f00000, 0x00000000a0f00000|100%| O|  |TAMS 0x00000000a0f00000, 0x00000000a0e00000| Untracked 
|   3|0x00000000a0f00000, 0x00000000a1000000, 0x00000000a1000000|100%| O|  |TAMS 0x00000000a1000000, 0x00000000a0f00000| Untracked 
|   4|0x00000000a1000000, 0x00000000a1100000, 0x00000000a1100000|100%| O|  |TAMS 0x00000000a1100000, 0x00000000a1000000| Untracked 
|   5|0x00000000a1100000, 0x00000000a1200000, 0x00000000a1200000|100%| O|  |TAMS 0x00000000a1200000, 0x00000000a1100000| Untracked 
|   6|0x00000000a1200000, 0x00000000a1300000, 0x00000000a1300000|100%| O|  |TAMS 0x00000000a1300000, 0x00000000a1200000| Untracked 
|   7|0x00000000a1300000, 0x00000000a1400000, 0x00000000a1400000|100%| O|  |TAMS 0x00000000a1400000, 0x00000000a1300000| Untracked 
|   8|0x00000000a1400000, 0x00000000a1500000, 0x00000000a1500000|100%| O|  |TAMS 0x00000000a1500000, 0x00000000a1400000| Untracked 
|   9|0x00000000a1500000, 0x00000000a1600000, 0x00000000a1600000|100%| O|  |TAMS 0x00000000a1600000, 0x00000000a1500000| Untracked 
|  10|0x00000000a1600000, 0x00000000a1700000, 0x00000000a1700000|100%| O|  |TAMS 0x00000000a1700000, 0x00000000a1600000| Untracked 
|  11|0x00000000a1700000, 0x00000000a1800000, 0x00000000a1800000|100%| O|  |TAMS 0x00000000a1800000, 0x00000000a1700000| Untracked 
|  12|0x00000000a1800000, 0x00000000a1900000, 0x00000000a1900000|100%| O|  |TAMS 0x00000000a1900000, 0x00000000a1800000| Untracked 
|  13|0x00000000a1900000, 0x00000000a1a00000, 0x00000000a1a00000|100%| O|  |TAMS 0x00000000a1a00000, 0x00000000a1900000| Untracked 
|  14|0x00000000a1a00000, 0x00000000a1b00000, 0x00000000a1b00000|100%| O|  |TAMS 0x00000000a1b00000, 0x00000000a1a00000| Untracked 
|  15|0x00000000a1b00000, 0x00000000a1bc6400, 0x00000000a1c00000| 77%| O|  |TAMS 0x00000000a1bc6400, 0x00000000a1b00000| Untracked 
|  16|0x00000000a1c00000, 0x00000000a1c00000, 0x00000000a1d00000|  0%| F|  |TAMS 0x00000000a1c00000, 0x00000000a1c00000| Untracked 
|  17|0x00000000a1d00000, 0x00000000a1d00000, 0x00000000a1e00000|  0%| F|  |TAMS 0x00000000a1d00000, 0x00000000a1d00000| Untracked 
|  18|0x00000000a1e00000, 0x00000000a1e00000, 0x00000000a1f00000|  0%| F|  |TAMS 0x00000000a1e00000, 0x00000000a1e00000| Untracked 
|  19|0x00000000a1f00000, 0x00000000a1f00000, 0x00000000a2000000|  0%| F|  |TAMS 0x00000000a1f00000, 0x00000000a1f00000| Untracked 
|  20|0x00000000a2000000, 0x00000000a2000000, 0x00000000a2100000|  0%| F|  |TAMS 0x00000000a2000000, 0x00000000a2000000| Untracked 
|  21|0x00000000a2100000, 0x00000000a2100000, 0x00000000a2200000|  0%| F|  |TAMS 0x00000000a2100000, 0x00000000a2100000| Untracked 
|  22|0x00000000a2200000, 0x00000000a2200000, 0x00000000a2300000|  0%| F|  |TAMS 0x00000000a2200000, 0x00000000a2200000| Untracked 
|  23|0x00000000a2300000, 0x00000000a2300000, 0x00000000a2400000|  0%| F|  |TAMS 0x00000000a2300000, 0x00000000a2300000| Untracked 
|  24|0x00000000a2400000, 0x00000000a2400000, 0x00000000a2500000|  0%| F|  |TAMS 0x00000000a2400000, 0x00000000a2400000| Untracked 
|  25|0x00000000a2500000, 0x00000000a2500000, 0x00000000a2600000|  0%| F|  |TAMS 0x00000000a2500000, 0x00000000a2500000| Untracked 
|  26|0x00000000a2600000, 0x00000000a2600000, 0x00000000a2700000|  0%| F|  |TAMS 0x00000000a2600000, 0x00000000a2600000| Untracked 
|  27|0x00000000a2700000, 0x00000000a2700000, 0x00000000a2800000|  0%| F|  |TAMS 0x00000000a2700000, 0x00000000a2700000| Untracked 
|  28|0x00000000a2800000, 0x00000000a2800000, 0x00000000a2900000|  0%| F|  |TAMS 0x00000000a2800000, 0x00000000a2800000| Untracked 
|  29|0x00000000a2900000, 0x00000000a2900000, 0x00000000a2a00000|  0%| F|  |TAMS 0x00000000a2900000, 0x00000000a2900000| Untracked 
|  30|0x00000000a2a00000, 0x00000000a2a00000, 0x00000000a2b00000|  0%| F|  |TAMS 0x00000000a2a00000, 0x00000000a2a00000| Untracked 
|  31|0x00000000a2b00000, 0x00000000a2b00000, 0x00000000a2c00000|  0%| F|  |TAMS 0x00000000a2b00000, 0x00000000a2b00000| Untracked 
|  32|0x00000000a2c00000, 0x00000000a2c00000, 0x00000000a2d00000|  0%| F|  |TAMS 0x00000000a2c00000, 0x00000000a2c00000| Untracked 
|  33|0x00000000a2d00000, 0x00000000a2d00000, 0x00000000a2e00000|  0%| F|  |TAMS 0x00000000a2d00000, 0x00000000a2d00000| Untracked 
|  34|0x00000000a2e00000, 0x00000000a2e00000, 0x00000000a2f00000|  0%| F|  |TAMS 0x00000000a2e00000, 0x00000000a2e00000| Untracked 
|  35|0x00000000a2f00000, 0x00000000a2f00000, 0x00000000a3000000|  0%| F|  |TAMS 0x00000000a2f00000, 0x00000000a2f00000| Untracked 
|  36|0x00000000a3000000, 0x00000000a3000000, 0x00000000a3100000|  0%| F|  |TAMS 0x00000000a3000000, 0x00000000a3000000| Untracked 
|  37|0x00000000a3100000, 0x00000000a3100000, 0x00000000a3200000|  0%| F|  |TAMS 0x00000000a3100000, 0x00000000a3100000| Untracked 
|  38|0x00000000a3200000, 0x00000000a3200000, 0x00000000a3300000|  0%| F|  |TAMS 0x00000000a3200000, 0x00000000a3200000| Untracked 
|  39|0x00000000a3300000, 0x00000000a3300000, 0x00000000a3400000|  0%| F|  |TAMS 0x00000000a3300000, 0x00000000a3300000| Untracked 
|  40|0x00000000a3400000, 0x00000000a3400000, 0x00000000a3500000|  0%| F|  |TAMS 0x00000000a3400000, 0x00000000a3400000| Untracked 
|  41|0x00000000a3500000, 0x00000000a3500000, 0x00000000a3600000|  0%| F|  |TAMS 0x00000000a3500000, 0x00000000a3500000| Untracked 
|  42|0x00000000a3600000, 0x00000000a3600000, 0x00000000a3700000|  0%| F|  |TAMS 0x00000000a3600000, 0x00000000a3600000| Untracked 
|  43|0x00000000a3700000, 0x00000000a3700000, 0x00000000a3800000|  0%| F|  |TAMS 0x00000000a3700000, 0x00000000a3700000| Untracked 
|  44|0x00000000a3800000, 0x00000000a3800000, 0x00000000a3900000|  0%| F|  |TAMS 0x00000000a3800000, 0x00000000a3800000| Untracked 
|  45|0x00000000a3900000, 0x00000000a3900000, 0x00000000a3a00000|  0%| F|  |TAMS 0x00000000a3900000, 0x00000000a3900000| Untracked 
|  46|0x00000000a3a00000, 0x00000000a3a00000, 0x00000000a3b00000|  0%| F|  |TAMS 0x00000000a3a00000, 0x00000000a3a00000| Untracked 
|  47|0x00000000a3b00000, 0x00000000a3b00000, 0x00000000a3c00000|  0%| F|  |TAMS 0x00000000a3b00000, 0x00000000a3b00000| Untracked 
|  48|0x00000000a3c00000, 0x00000000a3c00000, 0x00000000a3d00000|  0%| F|  |TAMS 0x00000000a3c00000, 0x00000000a3c00000| Untracked 
|  49|0x00000000a3d00000, 0x00000000a3d00000, 0x00000000a3e00000|  0%| F|  |TAMS 0x00000000a3d00000, 0x00000000a3d00000| Untracked 
|  50|0x00000000a3e00000, 0x00000000a3e00000, 0x00000000a3f00000|  0%| F|  |TAMS 0x00000000a3e00000, 0x00000000a3e00000| Untracked 
|  51|0x00000000a3f00000, 0x00000000a3f00000, 0x00000000a4000000|  0%| F|  |TAMS 0x00000000a3f00000, 0x00000000a3f00000| Untracked 
|  52|0x00000000a4000000, 0x00000000a40c5dd0, 0x00000000a4100000| 77%| S|CS|TAMS 0x00000000a4000000, 0x00000000a4000000| Complete 
|  53|0x00000000a4100000, 0x00000000a4200000, 0x00000000a4200000|100%| S|CS|TAMS 0x00000000a4100000, 0x00000000a4100000| Complete 
|  54|0x00000000a4200000, 0x00000000a4300000, 0x00000000a4300000|100%| S|CS|TAMS 0x00000000a4200000, 0x00000000a4200000| Complete 
|  55|0x00000000a4300000, 0x00000000a4400000, 0x00000000a4400000|100%| S|CS|TAMS 0x00000000a4300000, 0x00000000a4300000| Complete 
|  56|0x00000000a4400000, 0x00000000a4500000, 0x00000000a4500000|100%| S|CS|TAMS 0x00000000a4400000, 0x00000000a4400000| Complete 
|  57|0x00000000a4500000, 0x00000000a4500000, 0x00000000a4600000|  0%| F|  |TAMS 0x00000000a4500000, 0x00000000a4500000| Untracked 
|  58|0x00000000a4600000, 0x00000000a4600000, 0x00000000a4700000|  0%| F|  |TAMS 0x00000000a4600000, 0x00000000a4600000| Untracked 
|  59|0x00000000a4700000, 0x00000000a4700000, 0x00000000a4800000|  0%| F|  |TAMS 0x00000000a4700000, 0x00000000a4700000| Untracked 
|  60|0x00000000a4800000, 0x00000000a4800000, 0x00000000a4900000|  0%| F|  |TAMS 0x00000000a4800000, 0x00000000a4800000| Untracked 
|  61|0x00000000a4900000, 0x00000000a4900000, 0x00000000a4a00000|  0%| F|  |TAMS 0x00000000a4900000, 0x00000000a4900000| Untracked 
|  62|0x00000000a4a00000, 0x00000000a4a00000, 0x00000000a4b00000|  0%| F|  |TAMS 0x00000000a4a00000, 0x00000000a4a00000| Untracked 
|  63|0x00000000a4b00000, 0x00000000a4b00000, 0x00000000a4c00000|  0%| F|  |TAMS 0x00000000a4b00000, 0x00000000a4b00000| Untracked 
|  64|0x00000000a4c00000, 0x00000000a4c00000, 0x00000000a4d00000|  0%| F|  |TAMS 0x00000000a4c00000, 0x00000000a4c00000| Untracked 
|  65|0x00000000a4d00000, 0x00000000a4d00000, 0x00000000a4e00000|  0%| F|  |TAMS 0x00000000a4d00000, 0x00000000a4d00000| Untracked 
|  66|0x00000000a4e00000, 0x00000000a4e00000, 0x00000000a4f00000|  0%| F|  |TAMS 0x00000000a4e00000, 0x00000000a4e00000| Untracked 
|  67|0x00000000a4f00000, 0x00000000a4f00000, 0x00000000a5000000|  0%| F|  |TAMS 0x00000000a4f00000, 0x00000000a4f00000| Untracked 
|  68|0x00000000a5000000, 0x00000000a5000000, 0x00000000a5100000|  0%| F|  |TAMS 0x00000000a5000000, 0x00000000a5000000| Untracked 
|  69|0x00000000a5100000, 0x00000000a5100000, 0x00000000a5200000|  0%| F|  |TAMS 0x00000000a5100000, 0x00000000a5100000| Untracked 
|  70|0x00000000a5200000, 0x00000000a5200000, 0x00000000a5300000|  0%| F|  |TAMS 0x00000000a5200000, 0x00000000a5200000| Untracked 
|  71|0x00000000a5300000, 0x00000000a5300000, 0x00000000a5400000|  0%| F|  |TAMS 0x00000000a5300000, 0x00000000a5300000| Untracked 
|  72|0x00000000a5400000, 0x00000000a5400000, 0x00000000a5500000|  0%| F|  |TAMS 0x00000000a5400000, 0x00000000a5400000| Untracked 
|  73|0x00000000a5500000, 0x00000000a5500000, 0x00000000a5600000|  0%| F|  |TAMS 0x00000000a5500000, 0x00000000a5500000| Untracked 
|  74|0x00000000a5600000, 0x00000000a5600000, 0x00000000a5700000|  0%| F|  |TAMS 0x00000000a5600000, 0x00000000a5600000| Untracked 
|  75|0x00000000a5700000, 0x00000000a5700000, 0x00000000a5800000|  0%| F|  |TAMS 0x00000000a5700000, 0x00000000a5700000| Untracked 
|  76|0x00000000a5800000, 0x00000000a5800000, 0x00000000a5900000|  0%| F|  |TAMS 0x00000000a5800000, 0x00000000a5800000| Untracked 
|  77|0x00000000a5900000, 0x00000000a5900000, 0x00000000a5a00000|  0%| F|  |TAMS 0x00000000a5900000, 0x00000000a5900000| Untracked 
|  78|0x00000000a5a00000, 0x00000000a5a00000, 0x00000000a5b00000|  0%| F|  |TAMS 0x00000000a5a00000, 0x00000000a5a00000| Untracked 
|  79|0x00000000a5b00000, 0x00000000a5b00000, 0x00000000a5c00000|  0%| F|  |TAMS 0x00000000a5b00000, 0x00000000a5b00000| Untracked 
|  80|0x00000000a5c00000, 0x00000000a5c00000, 0x00000000a5d00000|  0%| F|  |TAMS 0x00000000a5c00000, 0x00000000a5c00000| Untracked 
|  81|0x00000000a5d00000, 0x00000000a5d00000, 0x00000000a5e00000|  0%| F|  |TAMS 0x00000000a5d00000, 0x00000000a5d00000| Untracked 
|  82|0x00000000a5e00000, 0x00000000a5e00000, 0x00000000a5f00000|  0%| F|  |TAMS 0x00000000a5e00000, 0x00000000a5e00000| Untracked 
|  83|0x00000000a5f00000, 0x00000000a5f00000, 0x00000000a6000000|  0%| F|  |TAMS 0x00000000a5f00000, 0x00000000a5f00000| Untracked 
|  84|0x00000000a6000000, 0x00000000a6000000, 0x00000000a6100000|  0%| F|  |TAMS 0x00000000a6000000, 0x00000000a6000000| Untracked 
|  85|0x00000000a6100000, 0x00000000a6100000, 0x00000000a6200000|  0%| F|  |TAMS 0x00000000a6100000, 0x00000000a6100000| Untracked 
|  86|0x00000000a6200000, 0x00000000a6200000, 0x00000000a6300000|  0%| F|  |TAMS 0x00000000a6200000, 0x00000000a6200000| Untracked 
|  87|0x00000000a6300000, 0x00000000a6300000, 0x00000000a6400000|  0%| F|  |TAMS 0x00000000a6300000, 0x00000000a6300000| Untracked 
|  88|0x00000000a6400000, 0x00000000a6400000, 0x00000000a6500000|  0%| F|  |TAMS 0x00000000a6400000, 0x00000000a6400000| Untracked 
|  89|0x00000000a6500000, 0x00000000a6500000, 0x00000000a6600000|  0%| F|  |TAMS 0x00000000a6500000, 0x00000000a6500000| Untracked 
|  90|0x00000000a6600000, 0x00000000a6600000, 0x00000000a6700000|  0%| F|  |TAMS 0x00000000a6600000, 0x00000000a6600000| Untracked 
|  91|0x00000000a6700000, 0x00000000a6700000, 0x00000000a6800000|  0%| F|  |TAMS 0x00000000a6700000, 0x00000000a6700000| Untracked 
|  92|0x00000000a6800000, 0x00000000a6800000, 0x00000000a6900000|  0%| F|  |TAMS 0x00000000a6800000, 0x00000000a6800000| Untracked 
|  93|0x00000000a6900000, 0x00000000a6900000, 0x00000000a6a00000|  0%| F|  |TAMS 0x00000000a6900000, 0x00000000a6900000| Untracked 
|  94|0x00000000a6a00000, 0x00000000a6a00000, 0x00000000a6b00000|  0%| F|  |TAMS 0x00000000a6a00000, 0x00000000a6a00000| Untracked 
|  95|0x00000000a6b00000, 0x00000000a6b00000, 0x00000000a6c00000|  0%| F|  |TAMS 0x00000000a6b00000, 0x00000000a6b00000| Untracked 
|  96|0x00000000a6c00000, 0x00000000a6c00000, 0x00000000a6d00000|  0%| F|  |TAMS 0x00000000a6c00000, 0x00000000a6c00000| Untracked 
|  97|0x00000000a6d00000, 0x00000000a6d00000, 0x00000000a6e00000|  0%| F|  |TAMS 0x00000000a6d00000, 0x00000000a6d00000| Untracked 
|  98|0x00000000a6e00000, 0x00000000a6e00000, 0x00000000a6f00000|  0%| F|  |TAMS 0x00000000a6e00000, 0x00000000a6e00000| Untracked 
|  99|0x00000000a6f00000, 0x00000000a6f00000, 0x00000000a7000000|  0%| F|  |TAMS 0x00000000a6f00000, 0x00000000a6f00000| Untracked 
| 100|0x00000000a7000000, 0x00000000a7000000, 0x00000000a7100000|  0%| F|  |TAMS 0x00000000a7000000, 0x00000000a7000000| Untracked 
| 101|0x00000000a7100000, 0x00000000a7100000, 0x00000000a7200000|  0%| F|  |TAMS 0x00000000a7100000, 0x00000000a7100000| Untracked 
| 102|0x00000000a7200000, 0x00000000a7200000, 0x00000000a7300000|  0%| F|  |TAMS 0x00000000a7200000, 0x00000000a7200000| Untracked 
| 103|0x00000000a7300000, 0x00000000a7300000, 0x00000000a7400000|  0%| F|  |TAMS 0x00000000a7300000, 0x00000000a7300000| Untracked 
| 104|0x00000000a7400000, 0x00000000a7400000, 0x00000000a7500000|  0%| F|  |TAMS 0x00000000a7400000, 0x00000000a7400000| Untracked 
| 105|0x00000000a7500000, 0x00000000a7500000, 0x00000000a7600000|  0%| F|  |TAMS 0x00000000a7500000, 0x00000000a7500000| Untracked 
| 106|0x00000000a7600000, 0x00000000a7600000, 0x00000000a7700000|  0%| F|  |TAMS 0x00000000a7600000, 0x00000000a7600000| Untracked 
| 107|0x00000000a7700000, 0x00000000a7700000, 0x00000000a7800000|  0%| F|  |TAMS 0x00000000a7700000, 0x00000000a7700000| Untracked 
| 108|0x00000000a7800000, 0x00000000a7800000, 0x00000000a7900000|  0%| F|  |TAMS 0x00000000a7800000, 0x00000000a7800000| Untracked 
| 109|0x00000000a7900000, 0x00000000a7980800, 0x00000000a7a00000| 50%| E|  |TAMS 0x00000000a7900000, 0x00000000a7900000| Complete 
| 110|0x00000000a7a00000, 0x00000000a7b00000, 0x00000000a7b00000|100%| E|CS|TAMS 0x00000000a7a00000, 0x00000000a7a00000| Complete 
| 111|0x00000000a7b00000, 0x00000000a7c00000, 0x00000000a7c00000|100%| E|CS|TAMS 0x00000000a7b00000, 0x00000000a7b00000| Complete 
| 112|0x00000000a7c00000, 0x00000000a7d00000, 0x00000000a7d00000|100%| E|CS|TAMS 0x00000000a7c00000, 0x00000000a7c00000| Complete 
| 113|0x00000000a7d00000, 0x00000000a7e00000, 0x00000000a7e00000|100%| E|CS|TAMS 0x00000000a7d00000, 0x00000000a7d00000| Complete 
| 114|0x00000000a7e00000, 0x00000000a7f00000, 0x00000000a7f00000|100%| E|CS|TAMS 0x00000000a7e00000, 0x00000000a7e00000| Complete 
| 115|0x00000000a7f00000, 0x00000000a8000000, 0x00000000a8000000|100%| E|CS|TAMS 0x00000000a7f00000, 0x00000000a7f00000| Complete 

Card table byte_map: [0x00000254cb7c0000,0x00000254cbac0000] _byte_map_base: 0x00000254cb2ba000

Marking Bits (Prev, Next): (CMBitMap*) 0x00000254b4b0eba8, (CMBitMap*) 0x00000254b4b0ebe0
 Prev Bits: [0x00000254cbdc0000, 0x00000254cd590000)
 Next Bits: [0x00000254cd590000, 0x00000254ced60000)

Polling page: 0x00000254b2ae0000

Metaspace:

Usage:
  Non-class:     31.39 MB capacity,    30.55 MB ( 97%) used,   742.47 KB (  2%) free+waste,   119.56 KB ( <1%) overhead. 
      Class:      4.85 MB capacity,     4.11 MB ( 85%) used,   691.63 KB ( 14%) free+waste,    65.94 KB (  1%) overhead. 
       Both:     36.24 MB capacity,    34.66 MB ( 96%) used,     1.40 MB (  4%) free+waste,   185.50 KB ( <1%) overhead. 

Virtual space:
  Non-class space:       32.00 MB reserved,      31.58 MB ( 99%) committed 
      Class space:        1.00 GB reserved,       4.88 MB ( <1%) committed 
             Both:        1.03 GB reserved,      36.45 MB (  3%) committed 

Chunk freelists:
   Non-Class:  4.13 KB
       Class:  3.50 KB
        Both:  7.63 KB

CodeHeap 'non-profiled nmethods': size=120000Kb used=1711Kb max_used=1711Kb free=118288Kb
 bounds [0x00000254c3c60000, 0x00000254c3ed0000, 0x00000254cb190000]
CodeHeap 'profiled nmethods': size=120000Kb used=7755Kb max_used=7755Kb free=112244Kb
 bounds [0x00000254bc730000, 0x00000254bced0000, 0x00000254c3c60000]
CodeHeap 'non-nmethods': size=5760Kb used=2235Kb max_used=2267Kb free=3524Kb
 bounds [0x00000254bc190000, 0x00000254bc400000, 0x00000254bc730000]
 total_blobs=4511 nmethods=3697 adapters=724
 compilation: enabled
              stopped_count=0, restarted_count=0
 full_count=0

Compilation events (10 events):
Event: 4.997 Thread 0x00000254d17bc800 3662       1       groovyjarjarantlr4.v4.runtime.atn.StarBlockStartState::getStateType (2 bytes)
Event: 4.997 Thread 0x00000254d17bc800 nmethod 3662 0x00000254c3e09190 code [0x00000254c3e09320, 0x00000254c3e093d8]
Event: 4.999 Thread 0x00000254d17bc800 3663       3       groovyjarjarantlr4.v4.runtime.atn.ATNDeserializer::testTailCall (204 bytes)
Event: 5.000 Thread 0x00000254d17bc800 nmethod 3663 0x00000254bceb4210 code [0x00000254bceb4520, 0x00000254bceb5908]
Event: 5.001 Thread 0x00000254d17b7800 3664       4       java.util.ArrayDeque::pollFirst (36 bytes)
Event: 5.001 Thread 0x00000254d17bc800 3666       1       groovyjarjarantlr4.v4.runtime.atn.PrecedencePredicateTransition::getSerializationType (3 bytes)
Event: 5.002 Thread 0x00000254d17bc800 nmethod 3666 0x00000254c3e09490 code [0x00000254c3e09620, 0x00000254c3e096d8]
Event: 5.002 Thread 0x00000254d17b7800 nmethod 3664 0x00000254c3e09790 code [0x00000254c3e09900, 0x00000254c3e099f8]
Event: 5.003 Thread 0x00000254d17b7800 3665       4       java.util.ArrayDeque::addLast (51 bytes)
Event: 5.006 Thread 0x00000254d17b7800 nmethod 3665 0x00000254c3e09b10 code [0x00000254c3e09ca0, 0x00000254c3e09ea8]

GC Heap History (10 events):
Event: 1.264 GC heap before
{Heap before GC invocations=0 (full 0):
 garbage-first heap   total 98304K, used 26624K [0x00000000a0c00000, 0x0000000100000000)
  region size 1024K, 24 young (24576K), 0 survivors (0K)
 Metaspace       used 15745K, capacity 16380K, committed 16512K, reserved 1064960K
  class space    used 1590K, capacity 1833K, committed 1920K, reserved 1048576K
}
Event: 1.276 GC heap after
{Heap after GC invocations=1 (full 0):
 garbage-first heap   total 98304K, used 4604K [0x00000000a0c00000, 0x0000000100000000)
  region size 1024K, 3 young (3072K), 3 survivors (3072K)
 Metaspace       used 15745K, capacity 16380K, committed 16512K, reserved 1064960K
  class space    used 1590K, capacity 1833K, committed 1920K, reserved 1048576K
}
Event: 1.903 GC heap before
{Heap before GC invocations=1 (full 0):
 garbage-first heap   total 98304K, used 20988K [0x00000000a0c00000, 0x0000000100000000)
  region size 1024K, 20 young (20480K), 3 survivors (3072K)
 Metaspace       used 20497K, capacity 21175K, committed 21296K, reserved 1069056K
  class space    used 2107K, capacity 2414K, committed 2432K, reserved 1048576K
}
Event: 1.915 GC heap after
{Heap after GC invocations=2 (full 0):
 garbage-first heap   total 98304K, used 6783K [0x00000000a0c00000, 0x0000000100000000)
  region size 1024K, 6 young (6144K), 6 survivors (6144K)
 Metaspace       used 20497K, capacity 21175K, committed 21296K, reserved 1069056K
  class space    used 2107K, capacity 2414K, committed 2432K, reserved 1048576K
}
Event: 2.459 GC heap before
{Heap before GC invocations=3 (full 0):
 garbage-first heap   total 98304K, used 31359K [0x00000000a0c00000, 0x0000000100000000)
  region size 1024K, 30 young (30720K), 6 survivors (6144K)
 Metaspace       used 23003K, capacity 24080K, committed 24240K, reserved 1071104K
  class space    used 2476K, capacity 2945K, committed 3072K, reserved 1048576K
}
Event: 2.480 GC heap after
{Heap after GC invocations=4 (full 0):
 garbage-first heap   total 98304K, used 11580K [0x00000000a0c00000, 0x0000000100000000)
  region size 1024K, 4 young (4096K), 4 survivors (4096K)
 Metaspace       used 23003K, capacity 24080K, committed 24240K, reserved 1071104K
  class space    used 2476K, capacity 2945K, committed 3072K, reserved 1048576K
}
Event: 3.096 GC heap before
{Heap before GC invocations=4 (full 0):
 garbage-first heap   total 98304K, used 51516K [0x00000000a0c00000, 0x0000000100000000)
  region size 1024K, 44 young (45056K), 4 survivors (4096K)
 Metaspace       used 27353K, capacity 28525K, committed 28848K, reserved 1075200K
  class space    used 2975K, capacity 3486K, committed 3584K, reserved 1048576K
}
Event: 3.114 GC heap after
{Heap after GC invocations=5 (full 0):
 garbage-first heap   total 98304K, used 16540K [0x00000000a0c00000, 0x0000000100000000)
  region size 1024K, 5 young (5120K), 5 survivors (5120K)
 Metaspace       used 27353K, capacity 28525K, committed 28848K, reserved 1075200K
  class space    used 2975K, capacity 3486K, committed 3584K, reserved 1048576K
}
Event: 4.731 GC heap before
{Heap before GC invocations=5 (full 0):
 garbage-first heap   total 98304K, used 54428K [0x00000000a0c00000, 0x0000000100000000)
  region size 1024K, 44 young (45056K), 5 survivors (5120K)
 Metaspace       used 34126K, capacity 35763K, committed 35920K, reserved 1081344K
  class space    used 4007K, capacity 4772K, committed 4864K, reserved 1048576K
}
Event: 4.751 GC heap after
{Heap after GC invocations=6 (full 0):
 garbage-first heap   total 118784K, used 21040K [0x00000000a0c00000, 0x0000000100000000)
  region size 1024K, 5 young (5120K), 5 survivors (5120K)
 Metaspace       used 34126K, capacity 35763K, committed 35920K, reserved 1081344K
  class space    used 4007K, capacity 4772K, committed 4864K, reserved 1048576K
}

Deoptimization events (10 events):
Event: 3.719 Thread 0x00000254b4ada800 Uncommon trap: reason=unstable_if action=reinterpret pc=0x00000254c3dd2bd4 method=sun.security.util.DerValue.isPrintableStringChar(C)Z @ 39 c2
Event: 3.724 Thread 0x00000254b4ada800 Uncommon trap: reason=bimorphic_or_optimized_type_check action=maybe_recompile pc=0x00000254c3dc96c4 method=java.util.regex.Pattern$Branch.match(Ljava/util/regex/Matcher;ILjava/lang/CharSequence;)Z @ 32 c2
Event: 3.724 Thread 0x00000254b4ada800 Uncommon trap: reason=bimorphic_or_optimized_type_check action=maybe_recompile pc=0x00000254c3dc96c4 method=java.util.regex.Pattern$Branch.match(Ljava/util/regex/Matcher;ILjava/lang/CharSequence;)Z @ 32 c2
Event: 3.750 Thread 0x00000254b4ada800 Uncommon trap: reason=unstable_if action=reinterpret pc=0x00000254c3ce76a4 method=java.util.concurrent.ConcurrentHashMap.putVal(Ljava/lang/Object;Ljava/lang/Object;Z)Ljava/lang/Object; @ 231 c2
Event: 4.313 Thread 0x00000254b4ada800 Uncommon trap: reason=unstable_if action=reinterpret pc=0x00000254c3dd177c method=java.lang.CharacterData.of(I)Ljava/lang/CharacterData; @ 4 c2
Event: 4.386 Thread 0x00000254b4ada800 Uncommon trap: reason=class_check action=maybe_recompile pc=0x00000254c3d23ed0 method=org.codehaus.groovy.util.ManagedReference.get()Ljava/lang/Object; @ 4 c2
Event: 4.469 Thread 0x00000254b4ada800 Uncommon trap: reason=profile_predicate action=maybe_recompile pc=0x00000254c3dde83c method=java.lang.PublicMethods$MethodList.filter([Ljava/lang/reflect/Method;Ljava/lang/String;[Ljava/lang/Class;Z)Ljava/lang/PublicMethods$MethodList; @ 21 c2
Event: 4.469 Thread 0x00000254b4ada800 Uncommon trap: reason=profile_predicate action=maybe_recompile pc=0x00000254c3dde83c method=java.lang.PublicMethods$MethodList.filter([Ljava/lang/reflect/Method;Ljava/lang/String;[Ljava/lang/Class;Z)Ljava/lang/PublicMethods$MethodList; @ 21 c2
Event: 4.478 Thread 0x00000254b4ada800 Uncommon trap: reason=profile_predicate action=maybe_recompile pc=0x00000254c3dde83c method=java.lang.PublicMethods$MethodList.filter([Ljava/lang/reflect/Method;Ljava/lang/String;[Ljava/lang/Class;Z)Ljava/lang/PublicMethods$MethodList; @ 21 c2
Event: 4.478 Thread 0x00000254b4ada800 Uncommon trap: reason=profile_predicate action=maybe_recompile pc=0x00000254c3dde83c method=java.lang.PublicMethods$MethodList.filter([Ljava/lang/reflect/Method;Ljava/lang/String;[Ljava/lang/Class;Z)Ljava/lang/PublicMethods$MethodList; @ 21 c2

Classes redefined (0 events):
No events

Internal exceptions (10 events):
Event: 4.508 Thread 0x00000254b4ada800 Exception <a 'java/lang/ClassNotFoundException'{0x00000000a4bbcc28}: java/lang/CharacterBeanInfo> (0x00000000a4bbcc28) thrown at [./open/src/hotspot/share/classfile/systemDictionary.cpp, line 226]
Event: 4.508 Thread 0x00000254b4ada800 Exception <a 'java/lang/ClassNotFoundException'{0x00000000a4bbe408}: java/lang/CharacterCustomizer> (0x00000000a4bbe408) thrown at [./open/src/hotspot/share/classfile/systemDictionary.cpp, line 226]
Event: 4.513 Thread 0x00000254b4ada800 Exception <a 'java/lang/ClassNotFoundException'{0x00000000a4a07ef8}: org/apache/commons/lang3/math/NumberUtilsBeanInfo> (0x00000000a4a07ef8) thrown at [./open/src/hotspot/share/classfile/systemDictionary.cpp, line 226]
Event: 4.513 Thread 0x00000254b4ada800 Exception <a 'java/lang/ClassNotFoundException'{0x00000000a4a0e6b8}: org/apache/commons/lang3/math/NumberUtilsCustomizer> (0x00000000a4a0e6b8) thrown at [./open/src/hotspot/share/classfile/systemDictionary.cpp, line 226]
Event: 4.524 Thread 0x00000254b4ada800 Exception <a 'java/lang/ClassNotFoundException'{0x00000000a4a82288}: groovy/lang/BindingBeanInfo> (0x00000000a4a82288) thrown at [./open/src/hotspot/share/classfile/systemDictionary.cpp, line 226]
Event: 4.525 Thread 0x00000254b4ada800 Exception <a 'java/lang/ClassNotFoundException'{0x00000000a4a93ad0}: groovy/lang/BindingCustomizer> (0x00000000a4a93ad0) thrown at [./open/src/hotspot/share/classfile/systemDictionary.cpp, line 226]
Event: 4.534 Thread 0x00000254b4ada800 Exception <a 'java/lang/ClassNotFoundException'{0x00000000a4ac6108}: groovy/lang/GroovyShellBeanInfo> (0x00000000a4ac6108) thrown at [./open/src/hotspot/share/classfile/systemDictionary.cpp, line 226]
Event: 4.536 Thread 0x00000254b4ada800 Exception <a 'java/lang/ClassNotFoundException'{0x00000000a4ad7ac8}: groovy/lang/GroovyShellCustomizer> (0x00000000a4ad7ac8) thrown at [./open/src/hotspot/share/classfile/systemDictionary.cpp, line 226]
Event: 4.569 Thread 0x00000254b4ada800 Exception <a 'java/lang/NoSuchMethodError'{0x00000000a49681a8}: java.lang.invoke.DirectMethodHandle$Holder.invokeVirtual(Ljava/lang/Object;Ljava/lang/Object;)V> (0x00000000a49681a8) thrown at [./open/src/hotspot/share/interpreter/linkResolver.cpp, line 77
Event: 4.571 Thread 0x00000254b4ada800 Exception <a 'java/lang/NoSuchMethodError'{0x00000000a4970718}: java.lang.invoke.DirectMethodHandle$Holder.invokeSpecial(Ljava/lang/Object;Ljava/lang/Object;Ljava/lang/Object;Ljava/lang/Object;Ljava/lang/Object;)V> (0x00000000a4970718) thrown at [./open/s

Events (10 events):
Event: 5.008 loading class groovyjarjarantlr4/v4/runtime/atn/SemanticContext
Event: 5.008 loading class groovyjarjarantlr4/v4/runtime/atn/SemanticContext done
Event: 5.009 loading class groovyjarjarantlr4/v4/runtime/atn/SemanticContext$PrecedencePredicate
Event: 5.009 loading class groovyjarjarantlr4/v4/runtime/atn/SemanticContext$PrecedencePredicate done
Event: 5.011 loading class groovyjarjarantlr4/v4/runtime/atn/SemanticContext$Predicate
Event: 5.011 loading class groovyjarjarantlr4/v4/runtime/atn/SemanticContext$Predicate done
Event: 5.012 loading class groovyjarjarantlr4/v4/runtime/atn/ParserATNSimulator$1
Event: 5.012 loading class groovyjarjarantlr4/v4/runtime/atn/ParserATNSimulator$1 done
Event: 5.013 loading class groovyjarjarantlr4/v4/runtime/atn/PredictionMode
Event: 5.013 loading class groovyjarjarantlr4/v4/runtime/atn/PredictionMode done


Dynamic libraries:
0x00007ff75a2e0000 - 0x00007ff75a2ef000 	C:\Program Files\jdk-11.0.16.1\bin\java.exe
0x00007ff9c5f50000 - 0x00007ff9c6148000 	C:\WINDOWS\SYSTEM32\ntdll.dll
0x00007ff9c4a80000 - 0x00007ff9c4b3f000 	C:\WINDOWS\System32\KERNEL32.DLL
0x00007ff9c3810000 - 0x00007ff9c3ae2000 	C:\WINDOWS\System32\KERNELBASE.dll
0x00007ff9c3dd0000 - 0x00007ff9c3ed0000 	C:\WINDOWS\System32\ucrtbase.dll
0x00007ff9bc170000 - 0x00007ff9bc185000 	C:\Program Files\jdk-11.0.16.1\bin\VCRUNTIME140.dll
0x00007ff9ba700000 - 0x00007ff9ba718000 	C:\Program Files\jdk-11.0.16.1\bin\jli.dll
0x00007ff9c5cc0000 - 0x00007ff9c5d6e000 	C:\WINDOWS\System32\ADVAPI32.dll
0x00007ff9c4b40000 - 0x00007ff9c4bde000 	C:\WINDOWS\System32\msvcrt.dll
0x00007ff9c49e0000 - 0x00007ff9c4a7c000 	C:\WINDOWS\System32\sechost.dll
0x00007ff9c5190000 - 0x00007ff9c52b5000 	C:\WINDOWS\System32\RPCRT4.dll
0x00007ff9c4ec0000 - 0x00007ff9c5061000 	C:\WINDOWS\System32\USER32.dll
0x00007ff9c3da0000 - 0x00007ff9c3dc2000 	C:\WINDOWS\System32\win32u.dll
0x00007ff9b05b0000 - 0x00007ff9b084a000 	C:\WINDOWS\WinSxS\amd64_microsoft.windows.common-controls_6595b64144ccf1df_6.0.19041.1110_none_60b5254171f9507e\COMCTL32.dll
0x00007ff9c4be0000 - 0x00007ff9c4c0b000 	C:\WINDOWS\System32\GDI32.dll
0x00007ff9c3700000 - 0x00007ff9c380f000 	C:\WINDOWS\System32\gdi32full.dll
0x00007ff9c3af0000 - 0x00007ff9c3b8d000 	C:\WINDOWS\System32\msvcp_win.dll
0x00007ff9b9d50000 - 0x00007ff9b9d5a000 	C:\WINDOWS\SYSTEM32\VERSION.dll
0x00007ff9c5140000 - 0x00007ff9c5172000 	C:\WINDOWS\System32\IMM32.DLL
0x00007ff9b67d0000 - 0x00007ff9b686b000 	C:\Program Files\jdk-11.0.16.1\bin\msvcp140.dll
0x00007ff970eb0000 - 0x00007ff9719c8000 	C:\Program Files\jdk-11.0.16.1\bin\server\jvm.dll
0x00007ff9c5180000 - 0x00007ff9c5188000 	C:\WINDOWS\System32\PSAPI.DLL
0x00007ff9bf250000 - 0x00007ff9bf259000 	C:\WINDOWS\SYSTEM32\WSOCK32.dll
0x00007ff9b83e0000 - 0x00007ff9b8407000 	C:\WINDOWS\SYSTEM32\WINMM.dll
0x00007ff9c4dd0000 - 0x00007ff9c4e3b000 	C:\WINDOWS\System32\WS2_32.dll
0x00007ff9c14c0000 - 0x00007ff9c14d2000 	C:\WINDOWS\SYSTEM32\kernel.appcore.dll
0x00007ff9bda70000 - 0x00007ff9bda80000 	C:\Program Files\jdk-11.0.16.1\bin\verify.dll
0x00007ff9bac30000 - 0x00007ff9bae14000 	C:\WINDOWS\SYSTEM32\DBGHELP.DLL
0x00007ff9afc10000 - 0x00007ff9afc45000 	C:\WINDOWS\SYSTEM32\dbgcore.DLL
0x00007ff9c3f00000 - 0x00007ff9c3f82000 	C:\WINDOWS\System32\bcryptPrimitives.dll
0x00007ff9ba690000 - 0x00007ff9ba6b8000 	C:\Program Files\jdk-11.0.16.1\bin\java.dll
0x00007ff9bab30000 - 0x00007ff9bab3a000 	C:\Program Files\jdk-11.0.16.1\bin\jimage.dll
0x00007ff9bf2a0000 - 0x00007ff9bf2ae000 	C:\Program Files\jdk-11.0.16.1\bin\instrument.dll
0x00007ff9ba670000 - 0x00007ff9ba686000 	C:\Program Files\jdk-11.0.16.1\bin\zip.dll
0x00007ff9c41e0000 - 0x00007ff9c4925000 	C:\WINDOWS\System32\SHELL32.dll
0x00007ff9c16c0000 - 0x00007ff9c1e52000 	C:\WINDOWS\SYSTEM32\windows.storage.dll
0x00007ff9c5730000 - 0x00007ff9c5a85000 	C:\WINDOWS\System32\combase.dll
0x00007ff9c2fc0000 - 0x00007ff9c2ff0000 	C:\WINDOWS\SYSTEM32\Wldp.dll
0x00007ff9c4930000 - 0x00007ff9c49dd000 	C:\WINDOWS\System32\SHCORE.dll
0x00007ff9c5eb0000 - 0x00007ff9c5f05000 	C:\WINDOWS\System32\shlwapi.dll
0x00007ff9c3580000 - 0x00007ff9c359f000 	C:\WINDOWS\SYSTEM32\profapi.dll
0x00007ff9ba650000 - 0x00007ff9ba669000 	C:\Program Files\jdk-11.0.16.1\bin\net.dll
0x00007ff9bbe90000 - 0x00007ff9bbf9c000 	C:\WINDOWS\SYSTEM32\WINHTTP.dll
0x00007ff9c2cd0000 - 0x00007ff9c2d3a000 	C:\WINDOWS\system32\mswsock.dll
0x00007ff9b68f0000 - 0x00007ff9b6902000 	C:\Program Files\jdk-11.0.16.1\bin\nio.dll
0x00007ff9be420000 - 0x00007ff9be43a000 	C:\Users\ASUS\IntelliJ IDEA Community Edition 2022.3\bin\breakgen64.dll
0x00007ff9c2ef0000 - 0x00007ff9c2f08000 	C:\WINDOWS\SYSTEM32\CRYPTSP.dll
0x00007ff9c2600000 - 0x00007ff9c2634000 	C:\WINDOWS\system32\rsaenh.dll
0x00007ff9c3ed0000 - 0x00007ff9c3ef7000 	C:\WINDOWS\System32\bcrypt.dll
0x00007ff9c3500000 - 0x00007ff9c352e000 	C:\WINDOWS\SYSTEM32\USERENV.dll
0x00007ff9c2f10000 - 0x00007ff9c2f1c000 	C:\WINDOWS\SYSTEM32\CRYPTBASE.dll
0x00007ff9c29e0000 - 0x00007ff9c2a1b000 	C:\WINDOWS\SYSTEM32\IPHLPAPI.DLL
0x00007ff9c4c10000 - 0x00007ff9c4c18000 	C:\WINDOWS\System32\NSI.dll
0x00007ff9ba150000 - 0x00007ff9ba167000 	C:\WINDOWS\SYSTEM32\dhcpcsvc6.DLL
0x00007ff9bb8c0000 - 0x00007ff9bb8dd000 	C:\WINDOWS\SYSTEM32\dhcpcsvc.DLL
0x00007ff9c2a20000 - 0x00007ff9c2aeb000 	C:\WINDOWS\SYSTEM32\DNSAPI.dll
0x00007ff9be340000 - 0x00007ff9be365000 	C:\Program Files\jdk-11.0.16.1\bin\sunec.dll
0x0000000068e60000 - 0x0000000068e86000 	C:\Program Files\Bonjour\mdnsNSP.dll
0x00007ff9b4020000 - 0x00007ff9b402a000 	C:\Windows\System32\rasadhlp.dll
0x00007ff9b5f70000 - 0x00007ff9b5ff0000 	C:\WINDOWS\System32\fwpuclnt.dll
0x00007ff9be400000 - 0x00007ff9be40d000 	C:\Program Files\jdk-11.0.16.1\bin\sunmscapi.dll
0x00007ff9c3b90000 - 0x00007ff9c3ce6000 	C:\WINDOWS\System32\CRYPT32.dll
0x00007ff9c3030000 - 0x00007ff9c3057000 	C:\WINDOWS\SYSTEM32\ncrypt.dll
0x00007ff9c2ff0000 - 0x00007ff9c302b000 	C:\WINDOWS\SYSTEM32\NTASN1.dll

dbghelp: loaded successfully - version: 4.0.5 - missing functions: none
symbol engine: initialized successfully - sym options: 0x614 - pdb path: .;C:\Program Files\jdk-11.0.16.1\bin;C:\WINDOWS\SYSTEM32;C:\WINDOWS\WinSxS\amd64_microsoft.windows.common-controls_6595b64144ccf1df_6.0.19041.1110_none_60b5254171f9507e;C:\Program Files\jdk-11.0.16.1\bin\server;C:\Users\ASUS\IntelliJ IDEA Community Edition 2022.3\bin;C:\Program Files\Bonjour

VM Arguments:
jvm_args: -ea -Didea.test.cyclic.buffer.size=1048576 -javaagent:C:\Users\ASUS\IntelliJ IDEA Community Edition 2022.3\lib\idea_rt.jar=54717:C:\Users\ASUS\IntelliJ IDEA Community Edition 2022.3\bin -Dfile.encoding=UTF-8 
java_command: com.intellij.rt.testng.RemoteTestNGStarter -usedefaultlisteners false -socket54716 @w@C:\Users\ASUS\AppData\Local\Temp\idea_working_dirs_testng9.tmp -temp C:\Users\ASUS\AppData\Local\Temp\idea_testng9.tmp
java_class_path (initial): C:\Users\ASUS\IntelliJ IDEA Community Edition 2022.3\lib\idea_rt.jar;C:\Users\ASUS\IntelliJ IDEA Community Edition 2022.3\plugins\testng\lib\testng-rt.jar;C:\Users\ASUS\IdeaProjects\APITesting\target\test-classes;C:\Users\ASUS\.m2\repository\org\testng\testng\7.6.0\testng-7.6.0.jar;C:\Users\ASUS\.m2\repository\com\google\code\findbugs\jsr305\3.0.2\jsr305-3.0.2.jar;C:\Users\ASUS\.m2\repository\org\slf4j\slf4j-api\1.7.36\slf4j-api-1.7.36.jar;C:\Users\ASUS\.m2\repository\com\beust\jcommander\1.82\jcommander-1.82.jar;C:\Users\ASUS\.m2\repository\org\webjars\jquery\3.6.0\jquery-3.6.0.jar;C:\Users\ASUS\.m2\repository\io\rest-assured\rest-assured\5.3.0\rest-assured-5.3.0.jar;C:\Users\ASUS\.m2\repository\org\apache\groovy\groovy\4.0.6\groovy-4.0.6.jar;C:\Users\ASUS\.m2\repository\org\apache\groovy\groovy-xml\4.0.6\groovy-xml-4.0.6.jar;C:\Users\ASUS\.m2\repository\org\apache\httpcomponents\httpclient\4.5.13\httpclient-4.5.13.jar;C:\Users\ASUS\.m2\repository\org\apache\httpcomponents\httpcore\4.4.13\httpcore-4.4.13.jar;C:\Users\ASUS\.m2\repository\commons-logging\commons-logging\1.2\commons-logging-1.2.jar;C:\Users\ASUS\.m2\repository\commons-codec\commons-codec\1.11\commons-codec-1.11.jar;C:\Users\ASUS\.m2\repository\org\apache\httpcomponents\httpmime\4.5.13\httpmime-4.5.13.jar;C:\Users\ASUS\.m2\repository\org\hamcrest\hamcrest\2.1\hamcrest-2.1.jar;C:\Users\ASUS\.m2\repository\org\ccil\cowan\tagsoup\tagsoup\1.2.1\tagsoup-1.2.1.jar;C:\Users\ASUS\.m2\repository\io\rest-assured\json-path\5.3.0\json-path-5.3.0.jar;C:\Users\ASUS\.m2\repository\org\apache\groovy\groovy-json\4.0.6\groovy-json-4.0.6.jar;C:\Users\ASUS\.m2\repository\io\rest-assured\rest-assured-common\5.3.0\rest-assured-common-5.3.0.jar;C:\Users\ASUS\.m2\repository\io\rest-assured\xml-path\5.3.0\xml-path-5.3.0.jar;C:\Users\ASUS\.m2\repository\org\apache\commons\commons-lang3\3.11\commons-lang3-3.11.jar;C:\Users\ASUS\.m2\repository\com\fasterxml\jackson\core\jackson-databind\2.14.2\jackson
Launcher Type: SUN_STANDARD

[Global flags]
     intx CICompilerCount                          = 4                                         {product} {ergonomic}
     uint ConcGCThreads                            = 2                                         {product} {ergonomic}
     uint G1ConcRefinementThreads                  = 8                                         {product} {ergonomic}
   size_t G1HeapRegionSize                         = 1048576                                   {product} {ergonomic}
    uintx GCDrainStackTargetSize                   = 64                                        {product} {ergonomic}
   size_t InitialHeapSize                          = 100663296                                 {product} {ergonomic}
   size_t MarkStackSize                            = 4194304                                   {product} {ergonomic}
   size_t MaxHeapSize                              = 1598029824                                {product} {ergonomic}
   size_t MaxNewSize                               = 958398464                                 {product} {ergonomic}
   size_t MinHeapDeltaBytes                        = 1048576                                   {product} {ergonomic}
    uintx NonNMethodCodeHeapSize                   = 5836300                                {pd product} {ergonomic}
    uintx NonProfiledCodeHeapSize                  = 122910970                              {pd product} {ergonomic}
    uintx ProfiledCodeHeapSize                     = 122910970                              {pd product} {ergonomic}
    uintx ReservedCodeCacheSize                    = 251658240                              {pd product} {ergonomic}
     bool SegmentedCodeCache                       = true                                      {product} {ergonomic}
     bool UseCompressedClassPointers               = true                                 {lp64_product} {ergonomic}
     bool UseCompressedOops                        = true                                 {lp64_product} {ergonomic}
     bool UseG1GC                                  = true                                      {product} {ergonomic}
     bool UseLargePagesIndividualAllocation        = false                                  {pd product} {ergonomic}

Logging:
Log output configuration:
 #0: stdout all=warning uptime,level,tags
 #1: stderr all=off uptime,level,tags

Environment Variables:
PATH=C:\WINDOWS\system32;C:\WINDOWS;C:\WINDOWS\System32\Wbem;C:\WINDOWS\System32\WindowsPowerShell\v1.0\;C:\WINDOWS\System32\OpenSSH\;C:\Program Files\Git\cmd;C:\Program Files\jdk-11.0.16.1\bin;C:\Program Files\apache-maven-3.8.7\bin;;C:\Program Files\Docker\Docker\resources\bin;C:\Program Files\MySQL\MySQL Shell 8.0\bin\;C:\Users\ASUS\AppData\Local\Microsoft\WindowsApps;;C:\Users\ASUS\IntelliJ IDEA Community Edition 2022.3\bin;;C:\Users\ASUS\AppData\Local\Programs\Microsoft VS Code\bin
USERNAME=ASUS
OS=Windows_NT
PROCESSOR_IDENTIFIER=AMD64 Family 23 Model 24 Stepping 1, AuthenticAMD



---------------  S Y S T E M  ---------------

OS: Windows 10 , 64 bit Build 19041 (10.0.19041.2546)
Hyper-V role detected

CPU:total 8 (initial active 8) (8 cores per cpu, 2 threads per core) family 23 model 24 stepping 1 microcode 0x0, cmov, cx8, fxsr, mmx, sse, sse2, sse3, ssse3, sse4.1, sse4.2, popcnt, avx, avx2, aes, clmul, mmxext, 3dnowpref, lzcnt, sse4a, ht, tsc, tscinvbit, tscinv, bmi1, bmi2, adx, s

Memory: 4k page, system-wide physical 6091M (830M free)
TotalPageFile size 8107M (AvailPageFile size 4M)
current process WorkingSet (physical memory assigned to process): 182M, peak: 182M
current process commit charge ("private bytes"): 264M, peak: 265M

vm_info: Java HotSpot(TM) 64-Bit Server VM (11.0.16.1+1-LTS-1) for windows-amd64 JRE (11.0.16.1+1-LTS-1), built on Aug 16 2022 01:46:01 by "mach5one" with MS VC++ 15.9 (VS2017)

END.
